Compiling 1 files with 0.5.17
Compiling 14 files with 0.8.20
Compiling 16 files with 0.8.19
Compiling 95 files with 0.8.25
Compiling 40 files with 0.6.12
Compiling 382 files with 0.8.15
Solc 0.5.17 finished in 45.19ms
Solc 0.8.20 finished in 574.57ms
Solc 0.8.19 finished in 1.19s
Solc 0.6.12 finished in 1.83s
Solc 0.8.25 finished in 7.67s
Solc 0.8.15 finished in 197.35s
Compiler run [33msuccessful with warnings:[0m
[1;33mWarning (3628)[0m[1;37m: This contract has a payable fallback function, but no receive ether function. Consider adding a receive ether function.[0m
src/tokamak-contracts/USDC/L2/tokamak-USDC/upgradeability/AdminUpgradeabilityProxy.sol:31:1: Warning: This contract has a payable fallback function, but no receive ether function. Consider adding a receive ether function.
contract AdminUpgradeabilityProxy is UpgradeabilityProxy {
^ (Relevant source part starts here and spans across multiple lines).
src/tokamak-contracts/USDC/L2/tokamak-USDC/upgradeability/Proxy.sol:35:5: The payable fallback function is defined here.
    fallback() external payable {
    ^ (Relevant source part starts here and spans across multiple lines).
[1;33mWarning (3628)[0m[1;37m: This contract has a payable fallback function, but no receive ether function. Consider adding a receive ether function.[0m
src/tokamak-contracts/USDC/L2/tokamak-USDC/v1/FiatTokenProxy.sol:26:1: Warning: This contract has a payable fallback function, but no receive ether function. Consider adding a receive ether function.
contract FiatTokenProxy is AdminUpgradeabilityProxy {
^ (Relevant source part starts here and spans across multiple lines).
src/tokamak-contracts/USDC/L2/tokamak-USDC/upgradeability/Proxy.sol:35:5: The payable fallback function is defined here.
    fallback() external payable {
    ^ (Relevant source part starts here and spans across multiple lines).
[1;33mWarning (2018)[0m[1;37m: Function state mutability can be restricted to pure[0m
src/tokamak-contracts/USDC/L2/tokamak-USDC/v2/FiatTokenV2_2.sol:67:5: Warning: Function state mutability can be restricted to pure
    function _chainId() internal view virtual returns (uint256) {
    ^ (Relevant source part starts here and spans across multiple lines).
[1;33mWarning (1878)[0m[1;37m: SPDX license identifier not provided in source file. Before publishing, consider adding a comment containing "SPDX-License-Identifier: <SPDX-License>" to each source file. Use "SPDX-License-Identifier: UNLICENSED" for non-open-source code. Please see https://spdx.org for more information.[0m
Warning: SPDX license identifier not provided in source file. Before publishing, consider adding a comment containing "SPDX-License-Identifier: <SPDX-License>" to each source file. Use "SPDX-License-Identifier: UNLICENSED" for non-open-source code. Please see https://spdx.org for more information.
--> src/L1/L2NativeToken.sol

[1;33mWarning (2519)[0m[1;37m: This declaration shadows an existing declaration.[0m
   [34m-->[0m src/L1/L2NativeToken.sol:703:17:
[34m    |[0m
[34m703 |[0m     constructor([33mstring memory name[0m, string memory symbol, uint8 decimals) {
[34m    |[0m                 [1;33m^^^^^^^^^^^^^^^^^^[0m
[1;36mNote[0m[1;37m: The shadowed declaration is here:[0m
   [34m-->[0m src/L1/L2NativeToken.sol:712:5:
[34m    |[0m
[34m712 |[0m     [33mfunction name() public view returns (string memory) {[0m
[34m    |[0m     [1;33m^ (Relevant source part starts here and spans across multiple lines).[0m

[1;33mWarning (2519)[0m[1;37m: This declaration shadows an existing declaration.[0m
   [34m-->[0m src/L1/L2NativeToken.sol:703:37:
[34m    |[0m
[34m703 |[0m     constructor(string memory name, [33mstring memory symbol[0m, uint8 decimals) {
[34m    |[0m                                     [1;33m^^^^^^^^^^^^^^^^^^^^[0m
[1;36mNote[0m[1;37m: The shadowed declaration is here:[0m
   [34m-->[0m src/L1/L2NativeToken.sol:720:5:
[34m    |[0m
[34m720 |[0m     [33mfunction symbol() public view returns (string memory) {[0m
[34m    |[0m     [1;33m^ (Relevant source part starts here and spans across multiple lines).[0m

[1;33mWarning (2519)[0m[1;37m: This declaration shadows an existing declaration.[0m
   [34m-->[0m src/L1/L2NativeToken.sol:703:59:
[34m    |[0m
[34m703 |[0m     constructor(string memory name, string memory symbol, [33muint8 decimals[0m) {
[34m    |[0m                                                           [1;33m^^^^^^^^^^^^^^[0m
[1;36mNote[0m[1;37m: The shadowed declaration is here:[0m
   [34m-->[0m src/L1/L2NativeToken.sol:736:5:
[34m    |[0m
[34m736 |[0m     [33mfunction decimals() public view returns (uint8) {[0m
[34m    |[0m     [1;33m^ (Relevant source part starts here and spans across multiple lines).[0m

[1;33mWarning (5667)[0m[1;37m: Unused function parameter. Remove or comment out the variable name to silence this warning.[0m
   [34m-->[0m src/universal/StandardBridge.sol:292:9:
[34m    |[0m
[34m292 |[0m         [33maddress _from[0m,
[34m    |[0m         [1;33m^^^^^^^^^^^^^[0m

[1;33mWarning (5667)[0m[1;37m: Unused function parameter. Remove or comment out the variable name to silence this warning.[0m
   [34m-->[0m src/universal/StandardBridge.sol:293:9:
[34m    |[0m
[34m293 |[0m         [33maddress _to[0m,
[34m    |[0m         [1;33m^^^^^^^^^^^[0m

[1;33mWarning (5667)[0m[1;37m: Unused function parameter. Remove or comment out the variable name to silence this warning.[0m
   [34m-->[0m src/universal/StandardBridge.sol:294:9:
[34m    |[0m
[34m294 |[0m         [33muint256 _amount[0m,
[34m    |[0m         [1;33m^^^^^^^^^^^^^^^[0m

[1;33mWarning (5667)[0m[1;37m: Unused function parameter. Remove or comment out the variable name to silence this warning.[0m
   [34m-->[0m src/universal/StandardBridge.sol:295:9:
[34m    |[0m
[34m295 |[0m         [33mbytes calldata _extraData[0m
[34m    |[0m         [1;33m^^^^^^^^^^^^^^^^^^^^^^^^^[0m

[1;33mWarning (5667)[0m[1;37m: Unused function parameter. Remove or comment out the variable name to silence this warning.[0m
   [34m-->[0m src/universal/StandardBridge.sol:314:9:
[34m    |[0m
[34m314 |[0m         [33maddress _from[0m,
[34m    |[0m         [1;33m^^^^^^^^^^^^^[0m

[1;33mWarning (5667)[0m[1;37m: Unused function parameter. Remove or comment out the variable name to silence this warning.[0m
   [34m-->[0m src/universal/StandardBridge.sol:315:9:
[34m    |[0m
[34m315 |[0m         [33maddress _to[0m,
[34m    |[0m         [1;33m^^^^^^^^^^^[0m

[1;33mWarning (5667)[0m[1;37m: Unused function parameter. Remove or comment out the variable name to silence this warning.[0m
   [34m-->[0m src/universal/StandardBridge.sol:316:9:
[34m    |[0m
[34m316 |[0m         [33muint256 _amount[0m,
[34m    |[0m         [1;33m^^^^^^^^^^^^^^^[0m

[1;33mWarning (5667)[0m[1;37m: Unused function parameter. Remove or comment out the variable name to silence this warning.[0m
   [34m-->[0m src/universal/StandardBridge.sol:317:9:
[34m    |[0m
[34m317 |[0m         [33mbytes calldata _extraData[0m
[34m    |[0m         [1;33m^^^^^^^^^^^^^^^^^^^^^^^^^[0m

[1;33mWarning (5667)[0m[1;37m: Unused function parameter. Remove or comment out the variable name to silence this warning.[0m
   [34m-->[0m src/universal/StandardBridge.sol:375:9:
[34m    |[0m
[34m375 |[0m         [33maddress _from[0m,
[34m    |[0m         [1;33m^^^^^^^^^^^^^[0m

[1;33mWarning (5667)[0m[1;37m: Unused function parameter. Remove or comment out the variable name to silence this warning.[0m
   [34m-->[0m src/universal/StandardBridge.sol:376:9:
[34m    |[0m
[34m376 |[0m         [33maddress _to[0m,
[34m    |[0m         [1;33m^^^^^^^^^^^[0m

[1;33mWarning (5667)[0m[1;37m: Unused function parameter. Remove or comment out the variable name to silence this warning.[0m
   [34m-->[0m src/universal/StandardBridge.sol:377:9:
[34m    |[0m
[34m377 |[0m         [33muint256 _amount[0m,
[34m    |[0m         [1;33m^^^^^^^^^^^^^^^[0m

[1;33mWarning (5667)[0m[1;37m: Unused function parameter. Remove or comment out the variable name to silence this warning.[0m
   [34m-->[0m src/universal/StandardBridge.sol:378:9:
[34m    |[0m
[34m378 |[0m         [33muint32 _minGasLimit[0m,
[34m    |[0m         [1;33m^^^^^^^^^^^^^^^^^^^[0m

[1;33mWarning (5667)[0m[1;37m: Unused function parameter. Remove or comment out the variable name to silence this warning.[0m
   [34m-->[0m src/universal/StandardBridge.sol:379:9:
[34m    |[0m
[34m379 |[0m         [33mbytes memory _extraData[0m
[34m    |[0m         [1;33m^^^^^^^^^^^^^^^^^^^^^^^[0m

[1;33mWarning (5667)[0m[1;37m: Unused function parameter. Remove or comment out the variable name to silence this warning.[0m
   [34m-->[0m src/universal/StandardBridge.sol:396:9:
[34m    |[0m
[34m396 |[0m         [33maddress _from[0m,
[34m    |[0m         [1;33m^^^^^^^^^^^^^[0m

[1;33mWarning (5667)[0m[1;37m: Unused function parameter. Remove or comment out the variable name to silence this warning.[0m
   [34m-->[0m src/universal/StandardBridge.sol:397:9:
[34m    |[0m
[34m397 |[0m         [33maddress _to[0m,
[34m    |[0m         [1;33m^^^^^^^^^^^[0m

[1;33mWarning (5667)[0m[1;37m: Unused function parameter. Remove or comment out the variable name to silence this warning.[0m
   [34m-->[0m src/universal/StandardBridge.sol:398:9:
[34m    |[0m
[34m398 |[0m         [33muint256 _amount[0m,
[34m    |[0m         [1;33m^^^^^^^^^^^^^^^[0m

[1;33mWarning (5667)[0m[1;37m: Unused function parameter. Remove or comment out the variable name to silence this warning.[0m
   [34m-->[0m src/universal/StandardBridge.sol:399:9:
[34m    |[0m
[34m399 |[0m         [33muint32 _minGasLimit[0m,
[34m    |[0m         [1;33m^^^^^^^^^^^^^^^^^^^[0m

[1;33mWarning (5667)[0m[1;37m: Unused function parameter. Remove or comment out the variable name to silence this warning.[0m
   [34m-->[0m src/universal/StandardBridge.sol:400:9:
[34m    |[0m
[34m400 |[0m         [33mbytes memory _extraData[0m
[34m    |[0m         [1;33m^^^^^^^^^^^^^^^^^^^^^^^[0m

[1;33mWarning (2018)[0m[1;37m: Function state mutability can be restricted to view[0m
  [34m-->[0m test/periphery/drippie/dripchecks/CheckBalanceLow.t.sol:20:5:
[34m   |[0m
[34m20 |[0m     [33mfunction test_name_succeeds() external {[0m
[34m   |[0m     [1;33m^ (Relevant source part starts here and spans across multiple lines).[0m

[1;33mWarning (2018)[0m[1;37m: Function state mutability can be restricted to view[0m
  [34m-->[0m test/periphery/drippie/dripchecks/CheckGelatoLow.t.sol:45:5:
[34m   |[0m
[34m45 |[0m     [33mfunction test_name_succeeds() external {[0m
[34m   |[0m     [1;33m^ (Relevant source part starts here and spans across multiple lines).[0m

[1;33mWarning (2018)[0m[1;37m: Function state mutability can be restricted to view[0m
  [34m-->[0m test/periphery/drippie/dripchecks/CheckSecrets.t.sol:30:5:
[34m   |[0m
[34m30 |[0m     [33mfunction test_name_succeeds() external {[0m
[34m   |[0m     [1;33m^ (Relevant source part starts here and spans across multiple lines).[0m

[1;33mWarning (2018)[0m[1;37m: Function state mutability can be restricted to view[0m
  [34m-->[0m test/periphery/drippie/dripchecks/CheckTrue.t.sol:19:5:
[34m   |[0m
[34m19 |[0m     [33mfunction test_name_succeeds() external {[0m
[34m   |[0m     [1;33m^ (Relevant source part starts here and spans across multiple lines).[0m


Ran 28 tests for test/libraries/rlp/RLPReader.t.sol:RLPReader_readList_Test
[32m[PASS][0m test_readList_dictTest1_succeeds() (gas: 18098)
[32m[PASS][0m test_readList_empty_succeeds() (gas: 7452)
[32m[PASS][0m test_readList_incorrectLengthInArray_reverts() (gas: 3710)
[32m[PASS][0m test_readList_int32Overflow2_reverts() (gas: 3873)
[32m[PASS][0m test_readList_int32Overflow_reverts() (gas: 3872)
[32m[PASS][0m test_readList_invalidRemainder_reverts() (gas: 3881)
[32m[PASS][0m test_readList_invalidShortList_reverts() (gas: 3701)
[32m[PASS][0m test_readList_invalidValue_reverts() (gas: 3612)
[32m[PASS][0m test_readList_leadingZerosInLongLengthArray1_reverts() (gas: 3716)
[32m[PASS][0m test_readList_leadingZerosInLongLengthArray2_reverts() (gas: 3679)
[32m[PASS][0m test_readList_leadingZerosInLongLengthList1_reverts() (gas: 3718)
[32m[PASS][0m test_readList_listLongerThan32Elements_reverts() (gas: 38591)
[32m[PASS][0m test_readList_listOfLists2_succeeds() (gas: 15449)
[32m[PASS][0m test_readList_listOfLists_succeeds() (gas: 12809)
[32m[PASS][0m test_readList_longList1_succeeds() (gas: 18391)
[32m[PASS][0m test_readList_longList2_succeeds() (gas: 96683)
[32m[PASS][0m test_readList_longListLessThan56Bytes_reverts() (gas: 3757)
[32m[PASS][0m test_readList_longStringLength_reverts() (gas: 3680)
[32m[PASS][0m test_readList_longStringLessThan56Bytes_reverts() (gas: 3743)
[32m[PASS][0m test_readList_multiList_succeeds() (gas: 15275)
[32m[PASS][0m test_readList_nonOptimalLongLengthArray1_reverts() (gas: 3733)
[32m[PASS][0m test_readList_nonOptimalLongLengthArray2_reverts() (gas: 3778)
[32m[PASS][0m test_readList_notEnoughContentForList1_reverts() (gas: 3849)
[32m[PASS][0m test_readList_notEnoughContentForList2_reverts() (gas: 3851)
[32m[PASS][0m test_readList_notEnoughContentForString1_reverts() (gas: 3806)
[32m[PASS][0m test_readList_notEnoughContentForString2_reverts() (gas: 3828)
[32m[PASS][0m test_readList_notLongEnough_reverts() (gas: 3689)
[32m[PASS][0m test_readList_shortListMax1_succeeds() (gas: 37012)
Suite result: [32mok[0m. [32m28[0m passed; [31m0[0m failed; [33m0[0m skipped; finished in 4.08ms (3.64ms CPU time)

Ran 1 test for test/Safe/LivenessGuard.t.sol:LivenessGuard_ShowLiveness_TestFail
[32m[PASS][0m test_showLiveness_callIsNotSafeOwner_reverts() (gas: 18748)
Suite result: [32mok[0m. [32m1[0m passed; [31m0[0m failed; [33m0[0m skipped; finished in 17.50ms (117.29Âµs CPU time)

Ran 9 tests for test/libraries/rlp/RLPWriter.t.sol:RLPWriter_writeList_Test
[32m[PASS][0m test_writeList_dictTest1_succeeds() (gas: 29368)
[32m[PASS][0m test_writeList_empty_succeeds() (gas: 4759)
[32m[PASS][0m test_writeList_listoflists2_succeeds() (gas: 17915)
[32m[PASS][0m test_writeList_listoflists_succeeds() (gas: 12928)
[32m[PASS][0m test_writeList_longlist1_succeeds() (gas: 27746)
[32m[PASS][0m test_writeList_longlist2_succeeds() (gas: 159666)
[32m[PASS][0m test_writeList_multiList_succeeds() (gas: 24041)
[32m[PASS][0m test_writeList_shortListMax1_succeeds() (gas: 26475)
[32m[PASS][0m test_writeList_stringList_succeeds() (gas: 10815)
Suite result: [32mok[0m. [32m9[0m passed; [31m0[0m failed; [33m0[0m skipped; finished in 2.94ms (2.65ms CPU time)

Ran 8 tests for test/libraries/rlp/RLPWriter.t.sol:RLPWriter_writeString_Test
[32m[PASS][0m test_writeString_bytestring00_succeeds() (gas: 4002)
[32m[PASS][0m test_writeString_bytestring01_succeeds() (gas: 4024)
[32m[PASS][0m test_writeString_bytestring7f_succeeds() (gas: 4045)
[32m[PASS][0m test_writeString_empty_succeeds() (gas: 4681)
[32m[PASS][0m test_writeString_longstring2_succeeds() (gas: 13961)
[32m[PASS][0m test_writeString_longstring_succeeds() (gas: 6150)
[32m[PASS][0m test_writeString_shortstring2_succeeds() (gas: 5057)
[32m[PASS][0m test_writeString_shortstring_succeeds() (gas: 4802)
Suite result: [32mok[0m. [32m8[0m passed; [31m0[0m failed; [33m0[0m skipped; finished in 1.08ms (818.04Âµs CPU time)

Ran 1 test for test/Safe/LivenessModule.t.sol:LivenessModule_CanRemove_Test
[32m[PASS][0m test_canRemove_works() (gas: 29219)
Suite result: [32mok[0m. [32m1[0m passed; [31m0[0m failed; [33m0[0m skipped; finished in 26.45ms (132.56Âµs CPU time)

Ran 8 tests for test/libraries/rlp/RLPWriter.t.sol:RLPWriter_writeUint_Test
[32m[PASS][0m test_writeUint_mediumint2_succeeds() (gas: 11299)
[32m[PASS][0m test_writeUint_mediumint3_succeeds() (gas: 11430)
[32m[PASS][0m test_writeUint_mediumint_succeeds() (gas: 11181)
[32m[PASS][0m test_writeUint_smallint2_succeeds() (gas: 10322)
[32m[PASS][0m test_writeUint_smallint3_succeeds() (gas: 10344)
[32m[PASS][0m test_writeUint_smallint4_succeeds() (gas: 10345)
[32m[PASS][0m test_writeUint_smallint_succeeds() (gas: 10323)
[32m[PASS][0m test_writeUint_zero_succeeds() (gas: 10804)
Suite result: [32mok[0m. [32m8[0m passed; [31m0[0m failed; [33m0[0m skipped; finished in 740.21Âµs (585.14Âµs CPU time)

Ran 3 tests for test/legacy/ResolvedDelegateProxy.t.sol:ResolvedDelegateProxy_Test
[32m[PASS][0m testFuzz_fallback_delegateCallFoo_succeeds(uint256) (runs: 68, Î¼: 24966, ~: 24966)
[32m[PASS][0m test_fallback_addressManagerNotSet_reverts() (gas: 606136)
[32m[PASS][0m test_fallback_delegateCallBar_reverts() (gas: 24780)
Suite result: [32mok[0m. [32m3[0m passed; [31m0[0m failed; [33m0[0m skipped; finished in 8.52ms (8.09ms CPU time)

Ran 1 test for test/invariants/AddressAliasHelper.t.sol:AddressAliasHelper_AddressAliasing_Invariant
[32m[PASS][0m invariant_round_trip_aliasing() (runs: 64, calls: 960, reverts: 0)
Suite result: [32mok[0m. [32m1[0m passed; [31m0[0m failed; [33m0[0m skipped; finished in 145.21ms (141.75ms CPU time)

Ran 1 test for test/Safe/LivenessModule.t.sol:LivenessModule_CanRemove_TestFail
[32m[PASS][0m test_canRemove_notSafeOwner_reverts() (gas: 20591)
Suite result: [32mok[0m. [32m1[0m passed; [31m0[0m failed; [33m0[0m skipped; finished in 14.64ms (139.51Âµs CPU time)

Ran 1 test for test/vendor/AddressAliasHelper.t.sol:AddressAliasHelper_applyAndUndo_Test
[32m[PASS][0m testFuzz_applyAndUndo_succeeds(address) (runs: 68, Î¼: 3201, ~: 3201)
Suite result: [32mok[0m. [32m1[0m passed; [31m0[0m failed; [33m0[0m skipped; finished in 3.05ms (2.94ms CPU time)

Ran 3 tests for test/periphery/faucet/authmodules/AdminFaucetAuthModule.t.sol:AdminFaucetAuthModuleTest
[32m[PASS][0m test_adminProof_verify_succeeds() (gas: 58980)
[32m[PASS][0m test_nonAdminProof_verify_succeeds() (gas: 60421)
[32m[PASS][0m test_proofWithWrongId_verify_succeeds() (gas: 62049)
Suite result: [32mok[0m. [32m3[0m passed; [31m0[0m failed; [33m0[0m skipped; finished in 2.50ms (2.05ms CPU time)

Ran 1 test for test/Safe/LivenessModule.t.sol:LivenessModule_Constructor_TestFail
[32m[PASS][0m test_constructor_minOwnersGreaterThanOwners_reverts() (gas: 84314)
Suite result: [32mok[0m. [32m1[0m passed; [31m0[0m failed; [33m0[0m skipped; finished in 14.85ms (124.98Âµs CPU time)

Ran 3 tests for test/Safe/LivenessModule.t.sol:LivenessModule_GetRequiredThreshold_Test
[32m[PASS][0m testFuzz_getRequiredThreshold_atBoundaries_works(uint256) (runs: 68, Î¼: 2673128, ~: 2675801)
[32m[PASS][0m testFuzz_getRequiredThreshold_works(uint256,uint256) (runs: 68, Î¼: 1339207, ~: 1337961)
[32m[PASS][0m test_getRequiredThreshold_hardcoded_works() (gas: 52718161)
Suite result: [32mok[0m. [32m3[0m passed; [31m0[0m failed; [33m0[0m skipped; finished in 54.39ms (39.17ms CPU time)

Ran 1 test for test/Safe/LivenessModule.t.sol:LivenessModule_Getters_Test
[32m[PASS][0m test_getters_works() (gas: 37064)
Suite result: [32mok[0m. [32m1[0m passed; [31m0[0m failed; [33m0[0m skipped; finished in 15.10ms (111.37Âµs CPU time)

Ran 12 tests for test/L1/ResourceMetering.t.sol:ResourceMetering_Test
[32m[PASS][0m testFuzz_meter_largeBlockDiff_succeeds(uint64,uint256) (runs: 64, Î¼: 312155, ~: 25152)
[32m[PASS][0m testFuzz_meter_useGas_succeeds(uint64) (runs: 64, Î¼: 572738, ~: 22841)
[32m[PASS][0m test_meter_denominatorEq1_reverts() (gas: 20024540)
[32m[PASS][0m test_meter_initialResourceParams_succeeds() (gas: 16025)
[32m[PASS][0m test_meter_reinitializedResourceParams_succeeds() (gas: 18519)
[32m[PASS][0m test_meter_updateNoGasDelta_succeeds() (gas: 2015219)
[32m[PASS][0m test_meter_updateOneEmptyBlock_succeeds() (gas: 21954)
[32m[PASS][0m test_meter_updateParamsNoChange_succeeds() (gas: 20838)
[32m[PASS][0m test_meter_updateTenEmptyBlocks_succeeds() (gas: 24807)
[32m[PASS][0m test_meter_updateTwoEmptyBlocks_succeeds() (gas: 24763)
[32m[PASS][0m test_meter_useMax_succeeds() (gas: 20021672)
[32m[PASS][0m test_meter_useMoreThanMax_reverts() (gas: 19466)
Suite result: [32mok[0m. [32m12[0m passed; [31m0[0m failed; [33m0[0m skipped; finished in 411.22ms (410.62ms CPU time)

Ran 1 test for test/invariants/SafeCall.t.sol:SafeCall_Fails_Invariants
[32m[PASS][0m invariant_callWithMinGas_neverForwardsMinGas_reverts() (runs: 64, calls: 960, reverts: 960)
Suite result: [32mok[0m. [32m1[0m passed; [31m0[0m failed; [33m0[0m skipped; finished in 220.01ms (218.61ms CPU time)

Ran 1 test for test/invariants/SafeCall.t.sol:SafeCall_Succeeds_Invariants
[32m[PASS][0m invariant_callWithMinGas_alwaysForwardsMinGas_succeeds() (runs: 64, calls: 960, reverts: 0)
Suite result: [32mok[0m. [32m1[0m passed; [31m0[0m failed; [33m0[0m skipped; finished in 267.18ms (265.87ms CPU time)

Ran 1 test for test/Safe/LivenessModule.t.sol:LivenessModule_RemoveOwnersFuzz_Test
[32m[PASS][0m testFuzz_removeOwners(uint256,uint256,uint256,uint256,uint256,uint256) (runs: 68, Î¼: 8445065, ~: 8324534)
Suite result: [32mok[0m. [32m1[0m passed; [31m0[0m failed; [33m0[0m skipped; finished in 1.03s (1.03s CPU time)

Ran 2 tests for test/Safe/LivenessModule.t.sol:LivenessModule_RemoveOwners_Test
[32m[PASS][0m test_removeOwners_allOwners_succeeds() (gas: 1390353)
[32m[PASS][0m test_removeOwners_oneOwner_succeeds() (gas: 132971)
Suite result: [32mok[0m. [32m2[0m passed; [31m0[0m failed; [33m0[0m skipped; finished in 17.27ms (1.54ms CPU time)

Ran 9 tests for test/Safe/LivenessModule.t.sol:LivenessModule_RemoveOwners_TestFail
[32m[PASS][0m test_removeOwners_belowEmptiedButNotShutDown_reverts() (gas: 1291849)
[32m[PASS][0m test_removeOwners_belowMinButNotEmptied_reverts() (gas: 1293738)
[32m[PASS][0m test_removeOwners_differentArrayLengths_reverts() (gas: 10524)
[32m[PASS][0m test_removeOwners_guardChanged_reverts() (gas: 2791330)
[32m[PASS][0m test_removeOwners_invalidThreshold_reverts() (gas: 67222)
[32m[PASS][0m test_removeOwners_ownerHasShownLivenessRecently_reverts() (gas: 79916)
[32m[PASS][0m test_removeOwners_ownerHasSignedRecently_reverts() (gas: 616714)
[32m[PASS][0m test_removeOwners_swapToFallbackOwner_reverts() (gas: 1304022)
[32m[PASS][0m test_removeOwners_wrongPreviousOwner_reverts() (gas: 75464)
Suite result: [32mok[0m. [32m9[0m passed; [31m0[0m failed; [33m0[0m skipped; finished in 33.13ms (17.78ms CPU time)

Ran 1 test for test/dispute/AnchorStateRegistry.t.sol:AnchorStateRegistry_Initialize_Test
[32m[PASS][0m test_initialize_succeeds() (gas: 37608)
Suite result: [32mok[0m. [32m1[0m passed; [31m0[0m failed; [33m0[0m skipped; finished in 1.78s (280.02Âµs CPU time)

Ran 14 tests for test/Preinstalls.t.sol:PreinstallsTest
[32m[PASS][0m test_permit2_templating() (gas: 61788)
[32m[PASS][0m test_preinstall_beaconBlockRoots_succeeds() (gas: 15687)
[32m[PASS][0m test_preinstall_create2Deployer_succeeds() (gas: 27515)
[32m[PASS][0m test_preinstall_deterministicDeploymentProxy_succeeds() (gas: 12736)
[32m[PASS][0m test_preinstall_entrypoint_succeeds() (gas: 256830)
[32m[PASS][0m test_preinstall_multicall3_succeeds() (gas: 48175)
[32m[PASS][0m test_preinstall_multisendCallOnlyv130_succeeds() (gas: 16755)
[32m[PASS][0m test_preinstall_multisendv130_succeeds() (gas: 18988)
[32m[PASS][0m test_preinstall_permit2_domain_separator() (gas: 8090)
[32m[PASS][0m test_preinstall_permit2_succeeds() (gas: 102605)
[32m[PASS][0m test_preinstall_safeL2v130_succeeds() (gas: 257554)
[32m[PASS][0m test_preinstall_safeSingletonFactory_succeeds() (gas: 13906)
[32m[PASS][0m test_preinstall_safev130_succeeds() (gas: 248014)
[32m[PASS][0m test_preinstall_senderCreator_succeeds() (gas: 18229)
Suite result: [32mok[0m. [32m14[0m passed; [31m0[0m failed; [33m0[0m skipped; finished in 2.01s (8.63ms CPU time)

Ran 15 tests for test/L2/L2CrossDomainMessenger.t.sol:L2CrossDomainMessenger_Test
[32m[PASS][0m test_constructor_succeeds() (gas: 20476)
[32m[PASS][0m test_initialize_succeeds() (gas: 21362)
[32m[PASS][0m test_messageVersion_succeeds() (gas: 16819)
[32m[PASS][0m test_relayMessage_customGasToken_noValue_succeeds() (gas: 60823)
[32m[PASS][0m test_relayMessage_customGasToken_withValue_reverts() (gas: 27414)
[32m[PASS][0m test_relayMessage_retry_succeeds() (gas: 200984)
[32m[PASS][0m test_relayMessage_succeeds() (gas: 57471)
[32m[PASS][0m test_relayMessage_toSystemContract_reverts() (gas: 56081)
[32m[PASS][0m test_relayMessage_v2_reverts() (gas: 16714)
[32m[PASS][0m test_sendMessage_customGasToken_noValue_succeeds() (gas: 142432)
[31m[FAIL. Reason: call did not revert as expected][0m test_sendMessage_customGasToken_withValue_reverts() (gas: 125356)
[32m[PASS][0m test_sendMessage_succeeds() (gas: 139161)
[32m[PASS][0m test_sendMessage_twice_succeeds() (gas: 152905)
[32m[PASS][0m test_xDomainMessageSender_reset_succeeds() (gas: 59576)
[32m[PASS][0m test_xDomainSender_senderNotSet_reverts() (gas: 15639)
Suite result: [31mFAILED[0m. [32m14[0m passed; [31m1[0m failed; [33m0[0m skipped; finished in 2.05s (8.33ms CPU time)

Ran 10 tests for test/universal/OptimismMintableERC20.t.sol:OptimismMintableERC20_Test
[32m[PASS][0m test_bridge_succeeds() (gas: 10496)
[32m[PASS][0m test_burn_notBridge_reverts() (gas: 11120)
[32m[PASS][0m test_burn_succeeds() (gas: 51280)
[32m[PASS][0m test_erc165_supportsInterface_succeeds() (gas: 11341)
[32m[PASS][0m test_l1Token_succeeds() (gas: 10496)
[32m[PASS][0m test_l2Bridge_succeeds() (gas: 10518)
[32m[PASS][0m test_legacy_succeeds() (gas: 19071)
[32m[PASS][0m test_mint_notBridge_reverts() (gas: 11187)
[32m[PASS][0m test_mint_succeeds() (gas: 63876)
[32m[PASS][0m test_remoteToken_succeeds() (gas: 10542)
Suite result: [32mok[0m. [32m10[0m passed; [31m0[0m failed; [33m0[0m skipped; finished in 2.11s (2.04ms CPU time)

Ran 4 tests for test/dispute/AnchorStateRegistry.t.sol:AnchorStateRegistry_TryUpdateAnchorState_Test
[32m[PASS][0m test_tryUpdateAnchorState_invalidGame_fails() (gas: 42945)
[32m[PASS][0m test_tryUpdateAnchorState_invalidNewerState_fails() (gas: 48047)
[32m[PASS][0m test_tryUpdateAnchorState_validNewerState_succeeds() (gas: 74864)
[32m[PASS][0m test_tryUpdateAnchorState_validOlderState_fails() (gas: 46471)
Suite result: [32mok[0m. [32m4[0m passed; [31m0[0m failed; [33m0[0m skipped; finished in 397.31ms (1.48ms CPU time)

Ran 2 tests for test/L1/ProtocolVersions.t.sol:ProtocolVersions_Initialize_Test
[32m[PASS][0m test_initialize_events_succeeds() (gas: 63627)
[32m[PASS][0m test_initialize_values_succeeds() (gas: 52412)
Suite result: [32mok[0m. [32m2[0m passed; [31m0[0m failed; [33m0[0m skipped; finished in 372.40ms (2.50ms CPU time)

Ran 12 tests for test/periphery/AssetReceiver.t.sol:AssetReceiverTest
[32m[PASS][0m test_constructor_succeeds() (gas: 12553)
[32m[PASS][0m test_receive_succeeds() (gas: 21768)
[32m[PASS][0m test_withdrawERC20_succeeds() (gas: 219744)
[32m[PASS][0m test_withdrawERC20_unauthorized_reverts() (gas: 188575)
[32m[PASS][0m test_withdrawERC20withAmount_succeeds() (gas: 218928)
[32m[PASS][0m test_withdrawERC20withAmount_unauthorized_reverts() (gas: 188622)
[32m[PASS][0m test_withdrawERC721_succeeds() (gas: 51565)
[32m[PASS][0m test_withdrawERC721_unauthorized_reverts() (gas: 51093)
[32m[PASS][0m test_withdrawETH_succeeds() (gas: 29975)
[32m[PASS][0m test_withdrawETH_unauthorized_reverts() (gas: 10691)
[32m[PASS][0m test_withdrawETHwithAmount_succeeds() (gas: 29872)
[32m[PASS][0m test_withdrawETHwithAmount_unauthorized_reverts() (gas: 10749)
Suite result: [32mok[0m. [32m12[0m passed; [31m0[0m failed; [33m0[0m skipped; finished in 5.12ms (4.14ms CPU time)

Ran 3 tests for test/periphery/op-nft/AttestationStation.t.sol:AttestationStationTest
[32m[PASS][0m test_attest_bulk_succeeds() (gas: 539135)
[32m[PASS][0m test_attest_individual_succeeds() (gas: 473000)
[32m[PASS][0m test_attest_single_succeeds() (gas: 487734)
Suite result: [32mok[0m. [32m3[0m passed; [31m0[0m failed; [33m0[0m skipped; finished in 1.15ms (743.08Âµs CPU time)

Ran 7 tests for test/universal/OptimismMintableERC20Factory.t.sol:OptimismMintableTokenFactory_Test
[32m[PASS][0m test_constructor_succeeds() (gas: 1751731)
[32m[PASS][0m test_createStandardL2TokenWithDecimals_succeeds() (gas: 1148602)
[32m[PASS][0m test_createStandardL2Token_remoteIsZero_reverts() (gas: 14649)
[32m[PASS][0m test_createStandardL2Token_sameTwice_reverts() (gas: 8797746687696207757)
[32m[PASS][0m test_createStandardL2Token_succeeds() (gas: 1148565)
[32m[PASS][0m test_initialize_succeeds() (gas: 19454)
[32m[PASS][0m test_upgrading_succeeds() (gas: 200256)
Suite result: [32mok[0m. [32m7[0m passed; [31m0[0m failed; [33m0[0m skipped; finished in 416.02ms (3.51ms CPU time)

Ran 17 tests for test/L2/L2ERC721Bridge.t.sol:L2ERC721Bridge_Test
[32m[PASS][0m test_bridgeERC721To_localTokenZeroAddress_reverts() (gas: 29552)
[32m[PASS][0m test_bridgeERC721To_remoteTokenZeroAddress_reverts() (gas: 27152)
[32m[PASS][0m test_bridgeERC721To_succeeds() (gas: 171407)
[32m[PASS][0m test_bridgeERC721To_wrongOwner_reverts() (gas: 34787)
[32m[PASS][0m test_bridgeERC721_fromContract_reverts() (gas: 27548)
[32m[PASS][0m test_bridgeERC721_localTokenZeroAddress_reverts() (gas: 27426)
[32m[PASS][0m test_bridgeERC721_remoteTokenZeroAddress_reverts() (gas: 25028)
[32m[PASS][0m test_bridgeERC721_succeeds() (gas: 169024)
[32m[PASS][0m test_bridgeERC721_wrongOwner_reverts() (gas: 34658)
[32m[PASS][0m test_constructor_succeeds() (gas: 27078)
[32m[PASS][0m test_finalizeBridgeERC721_alreadyExists_reverts() (gas: 40716)
[32m[PASS][0m test_finalizeBridgeERC721_interfaceNotCompliant_reverts() (gas: 261329)
[32m[PASS][0m test_finalizeBridgeERC721_notFromRemoteMessenger_reverts() (gas: 29285)
[32m[PASS][0m test_finalizeBridgeERC721_notViaLocalMessenger_reverts() (gas: 23260)
[32m[PASS][0m test_finalizeBridgeERC721_selfToken_reverts() (gas: 29160)
[32m[PASS][0m test_finalizeBridgeERC721_succeeds() (gas: 194679)
[32m[PASS][0m test_paused_succeeds() (gas: 13302)
Suite result: [32mok[0m. [32m17[0m passed; [31m0[0m failed; [33m0[0m skipped; finished in 483.18ms (6.54ms CPU time)

Ran 2 tests for test/BenchmarkTest.t.sol:GasBenchMark_L1CrossDomainMessenger
[32m[PASS][0m test_sendMessage_benchmark_0() (gas: 356250)
[32m[PASS][0m test_sendMessage_benchmark_1() (gas: 2954390)
Suite result: [32mok[0m. [32m2[0m passed; [31m0[0m failed; [33m0[0m skipped; finished in 424.33ms (16.99ms CPU time)

Ran 7 tests for test/universal/OptimismMintableERC721.t.sol:OptimismMintableERC721_Test
[32m[PASS][0m test_burn_notBridge_reverts() (gas: 136922)
[32m[PASS][0m test_burn_succeeds() (gas: 118873)
[32m[PASS][0m test_constructor_succeeds() (gas: 29342)
[32m[PASS][0m test_safeMint_notBridge_reverts() (gas: 11120)
[32m[PASS][0m test_safeMint_succeeds() (gas: 140902)
[32m[PASS][0m test_supportsInterfaces_succeeds() (gas: 12818)
[32m[PASS][0m test_tokenURI_succeeds() (gas: 163684)
Suite result: [32mok[0m. [32m7[0m passed; [31m0[0m failed; [33m0[0m skipped; finished in 383.53ms (1.78ms CPU time)

Ran 2 tests for test/L1/ProtocolVersions.t.sol:ProtocolVersions_Setters_Test
[32m[PASS][0m testFuzz_setRecommended_succeeds(uint256) (runs: 68, Î¼: 46626, ~: 46626)
[32m[PASS][0m testFuzz_setRequired_succeeds(uint256) (runs: 68, Î¼: 46051, ~: 46637)
Suite result: [32mok[0m. [32m2[0m passed; [31m0[0m failed; [33m0[0m skipped; finished in 594.88ms (216.28ms CPU time)

Ran 4 tests for test/universal/OptimismMintableERC721Factory.t.sol:OptimismMintableERC721Factory_Test
[32m[PASS][0m test_constructor_succeeds() (gas: 11515)
[32m[PASS][0m test_createOptimismMintableERC721_sameTwice_reverts() (gas: 8937393460516800122)
[32m[PASS][0m test_createOptimismMintableERC721_succeeds() (gas: 2319259)
[32m[PASS][0m test_createOptimismMintableERC721_zeroRemoteToken_reverts() (gas: 9564)
Suite result: [32mok[0m. [32m4[0m passed; [31m0[0m failed; [33m0[0m skipped; finished in 357.98ms (2.28ms CPU time)

Ran 4 tests for test/BenchmarkTest.t.sol:GasBenchMark_L1StandardBridge_Deposit
[32m[PASS][0m test_depositERC20_benchmark_0() (gas: 561443)
[32m[PASS][0m test_depositERC20_benchmark_1() (gas: 4073658)
[32m[PASS][0m test_depositETH_benchmark_0() (gas: 458905)
[32m[PASS][0m test_depositETH_benchmark_1() (gas: 3504759)
Suite result: [32mok[0m. [32m4[0m passed; [31m0[0m failed; [33m0[0m skipped; finished in 397.74ms (52.84ms CPU time)

Ran 2 tests for test/L1/ProtocolVersions.t.sol:ProtocolVersions_Setters_TestFail
[32m[PASS][0m test_setRecommended_notOwner_reverts() (gas: 15531)
[32m[PASS][0m test_setRequired_notOwner_reverts() (gas: 15520)
Suite result: [32mok[0m. [32m2[0m passed; [31m0[0m failed; [33m0[0m skipped; finished in 355.93ms (414.35Âµs CPU time)

Ran 11 tests for test/universal/Proxy.t.sol:Proxy_Test
[32m[PASS][0m test_delegatesToImpl_succeeds() (gas: 46250)
[32m[PASS][0m test_implementationKey_succeeds() (gas: 21607)
[32m[PASS][0m test_implementation_isZeroAddress_reverts() (gas: 16881)
[32m[PASS][0m test_implementation_zeroAddressCaller_succeeds() (gas: 15084)
[32m[PASS][0m test_ownerKey_succeeds() (gas: 19733)
[32m[PASS][0m test_ownerProxyCall_notAdmin_succeeds() (gas: 36401)
[32m[PASS][0m test_proxyCallToImp_notAdmin_succeeds() (gas: 30627)
[32m[PASS][0m test_upgradeToAndCall_functionDoesNotExist_reverts() (gas: 108911)
[32m[PASS][0m test_upgradeToAndCall_isPayable_succeeds() (gas: 54440)
[32m[PASS][0m test_upgradeToAndCall_succeeds() (gas: 125925)
[32m[PASS][0m test_upgradeTo_clashingFunctionSignatures_succeeds() (gas: 102065)
Suite result: [32mok[0m. [32m11[0m passed; [31m0[0m failed; [33m0[0m skipped; finished in 2.07ms (1.51ms CPU time)

Ran 23 tests for test/universal/ProxyAdmin.t.sol:ProxyAdmin_Test
[32m[PASS][0m test_chugsplashChangeProxyAdmin_succeeds() (gas: 36793)
[32m[PASS][0m test_chugsplashGetProxyAdmin_succeeds() (gas: 18453)
[32m[PASS][0m test_chugsplashGetProxyImplementation_succeeds() (gas: 51740)
[32m[PASS][0m test_chugsplashUpgradeAndCall_succeeds() (gas: 82924)
[32m[PASS][0m test_chugsplashUpgrade_succeeds() (gas: 49328)
[32m[PASS][0m test_delegateResolvedChangeProxyAdmin_succeeds() (gas: 34284)
[32m[PASS][0m test_delegateResolvedGetProxyAdmin_succeeds() (gas: 20490)
[32m[PASS][0m test_delegateResolvedGetProxyImplementation_succeeds() (gas: 62728)
[32m[PASS][0m test_delegateResolvedUpgradeAndCall_succeeds() (gas: 98718)
[32m[PASS][0m test_delegateResolvedUpgrade_succeeds() (gas: 58845)
[32m[PASS][0m test_erc1967ChangeProxyAdmin_succeeds() (gas: 35049)
[32m[PASS][0m test_erc1967GetProxyAdmin_succeeds() (gas: 18459)
[32m[PASS][0m test_erc1967GetProxyImplementation_succeeds() (gas: 52773)
[32m[PASS][0m test_erc1967UpgradeAndCall_succeeds() (gas: 79672)
[32m[PASS][0m test_erc1967Upgrade_succeeds() (gas: 50443)
[32m[PASS][0m test_isUpgrading_succeeds() (gas: 20185)
[32m[PASS][0m test_onlyOwner_notOwner_reverts() (gas: 22791)
[32m[PASS][0m test_owner_succeeds() (gas: 12595)
[32m[PASS][0m test_proxyType_succeeds() (gas: 24068)
[32m[PASS][0m test_setAddressManager_notOwner_reverts() (gas: 10600)
[32m[PASS][0m test_setImplementationName_notOwner_reverts() (gas: 11156)
[32m[PASS][0m test_setImplementationName_succeeds() (gas: 39241)
[32m[PASS][0m test_setProxyType_notOwner_reverts() (gas: 10814)
Suite result: [32mok[0m. [32m23[0m passed; [31m0[0m failed; [33m0[0m skipped; finished in 4.22ms (3.15ms CPU time)

Ran 8 tests for test/libraries/rlp/RLPReader.t.sol:RLPReader_readBytes_Test
[32m[PASS][0m test_readBytes_bytestring00_succeeds() (gas: 4870)
[32m[PASS][0m test_readBytes_bytestring01_succeeds() (gas: 4847)
[32m[PASS][0m test_readBytes_bytestring7f_succeeds() (gas: 4868)
[32m[PASS][0m test_readBytes_invalidListLength_reverts() (gas: 3637)
[32m[PASS][0m test_readBytes_invalidPrefix_reverts() (gas: 3695)
[32m[PASS][0m test_readBytes_invalidRemainder_reverts() (gas: 3925)
[32m[PASS][0m test_readBytes_invalidStringLength_reverts() (gas: 3591)
[32m[PASS][0m test_readBytes_revertListItem_reverts() (gas: 3765)
Suite result: [32mok[0m. [32m8[0m passed; [31m0[0m failed; [33m0[0m skipped; finished in 969.36Âµs (695.54Âµs CPU time)

Ran 18 tests for test/periphery/op-nft/Optimist.t.sol:OptimistTest
[32m[PASS][0m test_approve_soulbound_reverts() (gas: 71163)
[32m[PASS][0m test_baseURI_returnsCorrectBaseURI_succeeds() (gas: 124836)
[32m[PASS][0m test_burn_byNonOwner_reverts() (gas: 73857)
[32m[PASS][0m test_burn_byOwner_succeeds() (gas: 55015)
[32m[PASS][0m test_initialize_succeeds() (gas: 24558)
[32m[PASS][0m test_mint_afterAllowlistAttestation_succeeds() (gas: 123026)
[32m[PASS][0m test_mint_afterCoinbaseQuestAttestation_succeeds() (gas: 131770)
[32m[PASS][0m test_mint_afterInviteClaimed_succeeds() (gas: 312456)
[32m[PASS][0m test_mint_afterMultipleAttestations_succeeds() (gas: 379793)
[32m[PASS][0m test_mint_forAlreadyMintedClaimer_reverts() (gas: 118930)
[32m[PASS][0m test_mint_forNonAllowlistedClaimer_reverts() (gas: 29722)
[32m[PASS][0m test_mint_secondaryMinter_succeeds() (gas: 73708)
[32m[PASS][0m test_multicall_batchingClaimAndMint_succeeds() (gas: 308993)
[32m[PASS][0m test_setApprovalForAll_soulbound_reverts() (gas: 75241)
[32m[PASS][0m test_supportsInterface_returnsCorrectInterfaceForERC721_succeeds() (gas: 8648)
[32m[PASS][0m test_tokenIdOfAddress_returnsOwnerID_succeeds() (gas: 64390)
[32m[PASS][0m test_tokenURI_returnsCorrectTokenURI_succeeds() (gas: 196690)
[32m[PASS][0m test_transferFrom_soulbound_reverts() (gas: 75840)
Suite result: [32mok[0m. [32m18[0m passed; [31m0[0m failed; [33m0[0m skipped; finished in 11.69ms (9.22ms CPU time)

Ran 11 tests for test/periphery/op-nft/OptimistAllowlist.t.sol:OptimistAllowlistTest
[32m[PASS][0m test_constructor_succeeds() (gas: 20182)
[32m[PASS][0m test_isAllowedToMint_fromAllowlistAttestorWithFalsyValue_fails() (gas: 49907)
[32m[PASS][0m test_isAllowedToMint_fromAllowlistAttestor_succeeds() (gas: 49618)
[32m[PASS][0m test_isAllowedToMint_fromCoinbaseQuestAttestorWithFalsyValue_fails() (gas: 49608)
[32m[PASS][0m test_isAllowedToMint_fromCoinbaseQuestAttestor_succeeds() (gas: 53789)
[32m[PASS][0m test_isAllowedToMint_fromInvite_succeeds() (gas: 235665)
[32m[PASS][0m test_isAllowedToMint_fromWrongAllowlistAttestor_fails() (gas: 58422)
[32m[PASS][0m test_isAllowedToMint_fromWrongCoinbaseQuestAttestor_fails() (gas: 58401)
[32m[PASS][0m test_isAllowedToMint_fromWrongOptimistInviter_fails() (gas: 57688)
[32m[PASS][0m test_isAllowedToMint_withMultipleAttestations_succeeds() (gas: 325422)
[32m[PASS][0m test_isAllowedToMint_withoutAnyAttestations_fails() (gas: 25840)
Suite result: [32mok[0m. [32m11[0m passed; [31m0[0m failed; [33m0[0m skipped; finished in 6.52ms (4.98ms CPU time)

Ran 18 tests for test/periphery/op-nft/OptimistInviter.t.sol:OptimistInviterTest
[32m[PASS][0m test_claimInvite_claimBeforeMinCommitmentPeriod_reverts() (gas: 143458)
[32m[PASS][0m test_claimInvite_claimForSomeoneElse_succeeds() (gas: 246596)
[32m[PASS][0m test_claimInvite_replayingUsedNonce_reverts() (gas: 290640)
[32m[PASS][0m test_claimInvite_succeeds() (gas: 243245)
[32m[PASS][0m test_claimInvite_usingERC1271Wallet_succeeds() (gas: 246674)
[32m[PASS][0m test_claimInvite_usingSignatureIssuedForDifferentChain_reverts() (gas: 157226)
[32m[PASS][0m test_claimInvite_usingSignatureIssuedForDifferentContract_reverts() (gas: 157139)
[32m[PASS][0m test_claimInvite_usingSignatureIssuedForDifferentVersion_reverts() (gas: 155741)
[32m[PASS][0m test_claimInvite_whenIssuerHasNoInvitesLeft_reverts() (gas: 568105)
[32m[PASS][0m test_claimInvite_whenIssuerNeverReceivedInvites_reverts() (gas: 111043)
[32m[PASS][0m test_claimInvite_withIncorrectSignature_reverts() (gas: 254373)
[32m[PASS][0m test_claimInvite_withoutCommittingHash_reverts() (gas: 119517)
[32m[PASS][0m test_commitInvite_committingForSomeoneElse_succeeds() (gas: 141229)
[32m[PASS][0m test_commitInvite_committingForYourself_succeeds() (gas: 139295)
[32m[PASS][0m test_commitInvite_committingSameHashTwice_reverts() (gas: 142695)
[32m[PASS][0m test_grantInvites_adminAddingInvites_succeeds() (gas: 191666)
[32m[PASS][0m test_grantInvites_nonAdminAddingInvites_reverts() (gas: 14048)
[32m[PASS][0m test_initialize_succeeds() (gas: 13690)
Suite result: [32mok[0m. [32m18[0m passed; [31m0[0m failed; [33m0[0m skipped; finished in 56.58ms (54.61ms CPU time)

Ran 1 test for test/BenchmarkTest.t.sol:GasBenchMark_L1StandardBridge_Finalize
[31m[FAIL. Reason: panic: arithmetic underflow or overflow (0x11)][0m test_finalizeETHWithdrawal_benchmark() (gas: 56455)
Suite result: [31mFAILED[0m. [32m0[0m passed; [31m1[0m failed; [33m0[0m skipped; finished in 407.43ms (208.87Âµs CPU time)

Ran 1 test for test/L1/OptimismPortal.t.sol:OptimismPortalResourceFuzz_Test
[31m[FAIL. Reason: revert: Address: call to non-contract; counterexample: calldata=0xf5b29dde00000000000000000000000000000000000000000000000000000000205c28770000000000000000000000000000000000000000000000000000000000000001000000000000000000000000000000000000000000000000000000000000000c0000000000000000000000000000000000000000000000000000000000004a64000000000000000000000000000000000000000000000000000000000000046b00000000000000000000000000000000f2058896ac698b30e5a467af3b74781500000000000000000000000000000000000000000000000000000000d6383f940000000000000000000000000000000000000000000000000000000000004e7f000000000000000000000000000000000000000000000000000000000000a0ba000000000000000000000000000000000000000000000000000000000000005d args=[542910583 [2;49;39m[5.429e8][0m, 1, 12, 19044 [2;49;39m[1.904e4][0m, 1131, 321701906809531805358955444163187079189 [2;49;39m[3.217e38][0m, 3594010516 [2;49;39m[3.594e9][0m, 20095 [2;49;39m[2.009e4][0m, 41146 [2;49;39m[4.114e4][0m, 93]][0m testFuzz_systemConfigDeposit_succeeds(uint32,uint8,uint8,uint32,uint32,uint128,uint64,uint64,uint128,uint8) (runs: 0, Î¼: 0, ~: 0)
Suite result: [31mFAILED[0m. [32m0[0m passed; [31m1[0m failed; [33m0[0m skipped; finished in 489.50ms (98.76ms CPU time)

Ran 2 tests for test/L1/OptimismPortal.t.sol:OptimismPortalUpgradeable_Test
[32m[PASS][0m test_params_initValuesOnProxy_succeeds() (gas: 30220)
[32m[PASS][0m test_upgradeToAndCall_upgrading_succeeds() (gas: 187036)
Suite result: [32mok[0m. [32m2[0m passed; [31m0[0m failed; [33m0[0m skipped; finished in 395.29ms (511.63Âµs CPU time)

Ran 1 test for test/BenchmarkTest.t.sol:GasBenchMark_L2OutputOracle
[32m[PASS][0m test_proposeL2Output_benchmark() (gas: 92973)
Suite result: [32mok[0m. [32m1[0m passed; [31m0[0m failed; [33m0[0m skipped; finished in 430.32ms (256.53Âµs CPU time)

Ran 5 tests for test/dispute/PermissionedDisputeGame.t.sol:PermissionedDisputeGame_Test
[32m[PASS][0m testFuzz_createGame_notProposer_reverts(address) (runs: 68, Î¼: 98716, ~: 98716)
[32m[PASS][0m test_createGame_proposer_succeeds() (gas: 329351)
[32m[PASS][0m test_participateInGame_challenger_succeeds() (gas: 616698)
[32m[PASS][0m test_participateInGame_notAuthorized_reverts(address) (runs: 68, Î¼: 37033, ~: 37033)
[32m[PASS][0m test_participateInGame_proposer_succeeds() (gas: 616615)
Suite result: [32mok[0m. [32m5[0m passed; [31m0[0m failed; [33m0[0m skipped; finished in 730.01ms (310.36ms CPU time)

Ran 3 tests for test/BenchmarkTest.t.sol:GasBenchMark_OptimismPortal
[32m[PASS][0m test_depositTransaction_benchmark() (gas: 61669)
[32m[PASS][0m test_depositTransaction_benchmark_1() (gas: 62311)
[32m[PASS][0m test_proveWithdrawalTransaction_benchmark() (gas: 155574)
Suite result: [32mok[0m. [32m3[0m passed; [31m0[0m failed; [33m0[0m skipped; finished in 438.86ms (1.53ms CPU time)

Ran 1 test for test/BenchmarkTest.t.sol:SetPrevBaseFee_Test
[32m[PASS][0m test_setPrevBaseFee_succeeds() (gas: 12243)
Suite result: [32mok[0m. [32m1[0m passed; [31m0[0m failed; [33m0[0m skipped; finished in 360.92ms (242.56Âµs CPU time)

Ran 1 test for test/invariants/OptimismPortal.t.sol:OptimismPortal_CanAlwaysFinalizeAfterWindow
[31m[FAIL. Reason: revert: Address: call to non-contract][0m invariant_canAlwaysFinalize() (runs: 65, calls: 960, reverts: 960)
Suite result: [31mFAILED[0m. [32m0[0m passed; [31m1[0m failed; [33m0[0m skipped; finished in 898.43ms (394.90ms CPU time)

Ran 1 test for test/invariants/Burn.Eth.t.sol:Burn_BurnEth_Invariant
[32m[PASS][0m invariant_burn_eth() (runs: 64, calls: 960, reverts: 0)
Suite result: [32mok[0m. [32m1[0m passed; [31m0[0m failed; [33m0[0m skipped; finished in 276.26ms (273.90ms CPU time)

Ran 1 test for test/invariants/OptimismPortal.t.sol:OptimismPortal_CannotFinalizeTwice
[31m[FAIL. Reason: setup failed: revert: Address: call to non-contract][0m setUp() (gas: 0)
Suite result: [31mFAILED[0m. [32m0[0m passed; [31m1[0m failed; [33m0[0m skipped; finished in 438.96ms (0.00ns CPU time)

Ran 2 tests for test/Predeploys.t.sol:PredeploysTest
[32m[PASS][0m test_predeployToCodeNamespace() (gas: 4134)
[32m[PASS][0m test_predeploys_succeeds() (gas: 56566785)
Suite result: [32mok[0m. [32m2[0m passed; [31m0[0m failed; [33m0[0m skipped; finished in 1.20s (836.53ms CPU time)

Ran 1 test for test/invariants/OptimismPortal2.t.sol:OptimismPortal2_Deposit_Invariant
[31m[FAIL. Reason: assertion failed: true != false]
	[Sequence]
		sender=0xFC73DCe904073bC26EaF0D5A37f25a07D664D6fa addr=[test/invariants/OptimismPortal.t.sol:OptimismPortal_Depositor]0xe52f409677478A32DD749f3d264E3f1376E23e46 calldata=depositTransactionCompletes(address,uint256,uint64,bool,bytes) args=[0x92025B2b41d9a3873E17561739f82Abe1Cb2accA, 14, 65344751 [2;49;39m[6.534e7][0m, false, 0xa79ce7f10db26d676f540dd8543b023f08cb953234e97d7f546bf49a5e419b3ab6fb3511b40661568a9c4920160f7fbe1de4593039e58347221d5d4fe1a9]
[0m invariant_deposit_completes() (runs: 64, calls: 948, reverts: 108)
Suite result: [31mFAILED[0m. [32m0[0m passed; [31m1[0m failed; [33m0[0m skipped; finished in 6.20s (4.17s CPU time)

Ran 78 tests for test/cannon/MIPS.t.sol:MIPS_Test
[32m[PASS][0m test_add_succeeds() (gas: 122641)
[32m[PASS][0m test_addiSign_succeeds() (gas: 122632)
[32m[PASS][0m test_addi_succeeds() (gas: 122785)
[32m[PASS][0m test_addu_succeeds() (gas: 122661)
[32m[PASS][0m test_addui_succeeds() (gas: 122847)
[32m[PASS][0m test_and_succeeds() (gas: 122658)
[32m[PASS][0m test_andi_succeeds() (gas: 122657)
[32m[PASS][0m test_beq_succeeds() (gas: 203781)
[32m[PASS][0m test_bgez_succeeds() (gas: 121951)
[32m[PASS][0m test_bgtz_succeeds() (gas: 121913)
[32m[PASS][0m test_blez_succeeds() (gas: 121806)
[32m[PASS][0m test_bltz_succeeds() (gas: 121947)
[32m[PASS][0m test_bne_succeeds() (gas: 122037)
[32m[PASS][0m test_branch_inDelaySlot_fails() (gas: 85499)
[32m[PASS][0m test_brk_succeeds() (gas: 122318)
[32m[PASS][0m test_clo_succeeds() (gas: 122370)
[32m[PASS][0m test_clone_succeeds() (gas: 122226)
[32m[PASS][0m test_clz_succeeds() (gas: 122863)
[32m[PASS][0m test_div_byZero_fails() (gas: 86625)
[32m[PASS][0m test_div_succeeds() (gas: 122851)
[32m[PASS][0m test_divu_byZero_fails() (gas: 86671)
[32m[PASS][0m test_divu_succeeds() (gas: 122834)
[32m[PASS][0m test_exit_succeeds() (gas: 122320)
[32m[PASS][0m test_fcntl_succeeds() (gas: 205241)
[32m[PASS][0m test_illegal_instruction_fails() (gas: 90988)
[32m[PASS][0m test_invalid_root_different_leaf_fails() (gas: 83866)
[32m[PASS][0m test_invalid_root_fails() (gas: 435201)
[32m[PASS][0m test_jal_nonzeroRegion_succeeds() (gas: 120936)
[32m[PASS][0m test_jal_succeeds() (gas: 120903)
[32m[PASS][0m test_jalr_succeeds() (gas: 122044)
[32m[PASS][0m test_jr_succeeds() (gas: 121760)
[32m[PASS][0m test_jump_inDelaySlot_fails() (gas: 84845)
[32m[PASS][0m test_jump_nonzeroRegion_succeeds() (gas: 120680)
[32m[PASS][0m test_jump_succeeds() (gas: 120632)
[32m[PASS][0m test_lb_succeeds() (gas: 127895)
[32m[PASS][0m test_lbu_succeeds() (gas: 127793)
[32m[PASS][0m test_lh_succeeds() (gas: 127917)
[32m[PASS][0m test_lhu_succeeds() (gas: 127832)
[32m[PASS][0m test_ll_succeeds() (gas: 128033)
[32m[PASS][0m test_lui_succeeds() (gas: 121935)
[32m[PASS][0m test_lw_succeeds() (gas: 127662)
[32m[PASS][0m test_lwl_succeeds() (gas: 244497)
[32m[PASS][0m test_lwr_succeeds() (gas: 244785)
[32m[PASS][0m test_mfhi_succeeds() (gas: 122320)
[32m[PASS][0m test_mflo_succeeds() (gas: 122404)
[32m[PASS][0m test_mmap_succeeds() (gas: 119232)
[32m[PASS][0m test_movn_succeeds() (gas: 204453)
[32m[PASS][0m test_movz_succeeds() (gas: 204299)
[32m[PASS][0m test_mthi_succeeds() (gas: 122342)
[32m[PASS][0m test_mtlo_succeeds() (gas: 122405)
[32m[PASS][0m test_mul_succeeds() (gas: 121942)
[32m[PASS][0m test_mult_succeeds() (gas: 122623)
[32m[PASS][0m test_multu_succeeds() (gas: 122683)
[32m[PASS][0m test_nor_succeeds() (gas: 122772)
[32m[PASS][0m test_or_succeeds() (gas: 122732)
[32m[PASS][0m test_ori_succeeds() (gas: 122712)
[32m[PASS][0m test_preimage_read_succeeds() (gas: 236316)
[32m[PASS][0m test_preimage_write_succeeds() (gas: 127265)
[32m[PASS][0m test_prestate_exited_succeeds() (gas: 113518)
[32m[PASS][0m test_sb_succeeds() (gas: 162208)
[32m[PASS][0m test_sc_succeeds() (gas: 162391)
[32m[PASS][0m test_sh_succeeds() (gas: 162267)
[32m[PASS][0m test_sll_succeeds() (gas: 121924)
[32m[PASS][0m test_sllv_succeeds() (gas: 122110)
[32m[PASS][0m test_slt_succeeds() (gas: 205649)
[32m[PASS][0m test_sltu_succeeds() (gas: 122926)
[32m[PASS][0m test_sra_succeeds() (gas: 122176)
[32m[PASS][0m test_srav_succeeds() (gas: 122422)
[32m[PASS][0m test_srl_succeeds() (gas: 121962)
[32m[PASS][0m test_srlv_succeeds() (gas: 122170)
[32m[PASS][0m test_step_abi_succeeds() (gas: 61332)
[32m[PASS][0m test_sub_succeeds() (gas: 122737)
[32m[PASS][0m test_subu_succeeds() (gas: 122756)
[32m[PASS][0m test_sw_succeeds() (gas: 162221)
[32m[PASS][0m test_swl_succeeds() (gas: 162304)
[32m[PASS][0m test_swr_succeeds() (gas: 162312)
[32m[PASS][0m test_xor_succeeds() (gas: 122737)
[32m[PASS][0m test_xori_succeeds() (gas: 122790)
Suite result: [32mok[0m. [32m78[0m passed; [31m0[0m failed; [33m0[0m skipped; finished in 5.09s (4.52s CPU time)

Ran 1 test for test/invariants/OptimismPortal.t.sol:OptimismPortal_CannotTimeTravel
[32m[PASS][0m invariant_cannotFinalizeBeforePeriodHasPassed() (runs: 64, calls: 960, reverts: 960)
Suite result: [32mok[0m. [32m1[0m passed; [31m0[0m failed; [33m0[0m skipped; finished in 926.28ms (395.31ms CPU time)

Ran 3 tests for test/L2Genesis.t.sol:L2GenesisTest
[32m[PASS][0m test_allocs_size() (gas: 27491604)
[32m[PASS][0m test_genesis_predeploys_notUsingInterop() (gas: 14567232)
[32m[PASS][0m test_genesis_predeploys_usingInterop() (gas: 14639750)
Suite result: [32mok[0m. [32m3[0m passed; [31m0[0m failed; [33m0[0m skipped; finished in 5.06s (5.01s CPU time)

Ran 4 tests for test/L1/L2OutputOracle.t.sol:L2OutputOracleUpgradeable_Test
[32m[PASS][0m test_initialize_badTimestamp_reverts() (gas: 43749)
[32m[PASS][0m test_initialize_l2BlockTimeZero_reverts() (gas: 43761)
[32m[PASS][0m test_initialize_submissionInterval_reverts() (gas: 43727)
[32m[PASS][0m test_upgrading_succeeds() (gas: 195908)
Suite result: [32mok[0m. [32m4[0m passed; [31m0[0m failed; [33m0[0m skipped; finished in 346.23ms (12.23ms CPU time)

Ran 5 tests for test/libraries/SafeCall.t.sol:SafeCall_Test
[32m[PASS][0m testFuzz_callWithMinGas_hasEnough_succeeds(address,address,uint64,uint64,bytes) (runs: 68, Î¼: 52683, ~: 53522)
[32m[PASS][0m testFuzz_call_succeeds(address,address,uint256,uint64,bytes) (runs: 68, Î¼: 48808, ~: 49821)
[32m[PASS][0m testFuzz_send_succeeds(address,address,uint256,uint64) (runs: 68, Î¼: 49341, ~: 49378)
[32m[PASS][0m test_callWithMinGas_noLeakageHigh_succeeds() (gas: 1084641316)
[32m[PASS][0m test_callWithMinGas_noLeakageLow_succeeds() (gas: 1133440784)
Suite result: [32mok[0m. [32m5[0m passed; [31m0[0m failed; [33m0[0m skipped; finished in 7.48s (7.15s CPU time)

Ran 1 test for test/invariants/L2OutputOracle.t.sol:L2OutputOracle_MonotonicBlockNumIncrease_Invariant
[32m[PASS][0m invariant_monotonicBlockNumIncrease() (runs: 64, calls: 960, reverts: 960)
Suite result: [32mok[0m. [32m1[0m passed; [31m0[0m failed; [33m0[0m skipped; finished in 827.15ms (397.69ms CPU time)

Ran 2 tests for test/L1/L2OutputOracle.t.sol:L2OutputOracle_constructor_Test
[32m[PASS][0m test_constructor_succeeds() (gas: 1251383)
[32m[PASS][0m test_initialize_succeeds() (gas: 82147)
Suite result: [32mok[0m. [32m2[0m passed; [31m0[0m failed; [33m0[0m skipped; finished in 397.36ms (6.37ms CPU time)

Ran 1 test for test/Safe/SafeSigners.t.sol:SafeSigners_Test
[32m[PASS][0m testDiff_getSignaturesVsCheckSignatures_succeeds(bytes,uint256) (runs: 68, Î¼: 1549585, ~: 1446825)
Suite result: [32mok[0m. [32m1[0m passed; [31m0[0m failed; [33m0[0m skipped; finished in 952.19ms (951.49ms CPU time)

Ran 6 tests for test/L1/L2OutputOracle.t.sol:L2OutputOracle_deleteOutputs_Test
[32m[PASS][0m test_deleteL2Outputs_afterLatest_reverts() (gas: 245020)
[32m[PASS][0m test_deleteL2Outputs_finalized_reverts() (gas: 129710)
[32m[PASS][0m test_deleteL2Outputs_ifNotChallenger_reverts() (gas: 21052)
[32m[PASS][0m test_deleteL2Outputs_nonExistent_reverts() (gas: 125962)
[32m[PASS][0m test_deleteOutputs_multipleOutputs_succeeds() (gas: 339321)
[32m[PASS][0m test_deleteOutputs_singleOutput_succeeds() (gas: 208939)
Suite result: [32mok[0m. [32m6[0m passed; [31m0[0m failed; [33m0[0m skipped; finished in 364.26ms (19.33ms CPU time)

Ran 2 tests for test/L2/SequencerFeeVault.t.sol:SequencerFeeVault_L2Withdrawal_Test
[32m[PASS][0m test_withdraw_toL2_succeeds() (gas: 89133)
[32m[PASS][0m test_withdraw_toL2recipientReverts_fails() (gas: 56441)
Suite result: [32mok[0m. [32m2[0m passed; [31m0[0m failed; [33m0[0m skipped; finished in 391.67ms (715.03Âµs CPU time)

Ran 1 test for test/invariants/OptimismPortal.t.sol:OptimismPortal_Deposit_Invariant
[31m[FAIL. Reason: assertion failed: true != false]
	[Sequence]
		sender=0xBa6c913E47CbDfEBE194508881aa6E304Cc220dc addr=[test/invariants/OptimismPortal.t.sol:OptimismPortal_Depositor]0xe52f409677478A32DD749f3d264E3f1376E23e46 calldata=depositTransactionCompletes(address,uint256,uint64,bool,bytes) args=[0x16c6B1a8831EEC3Ae7c00b16cfdD33a75f2cbF66, 115792089237316195423570985008687907853269984665640564039457584007913129639933 [2;49;39m[1.157e77][0m, 18446744073709551614 [2;49;39m[1.844e19][0m, false, 0x126e432cf8a1b8c5af639612bda1727f024724d6f4fe23662498cbef09deb21bf58c5c4b8fc21b652b768b3bfae848e68941910dd01e7effdea8535b164b5377b8a4afeccffdbc348bceca7756c7072ae7c0e86062e335]
[0m invariant_deposit_completes() (runs: 64, calls: 946, reverts: 29)
Suite result: [31mFAILED[0m. [32m0[0m passed; [31m1[0m failed; [33m0[0m skipped; finished in 3.16s (2.71s CPU time)

Ran 5 tests for test/L2/SequencerFeeVault.t.sol:SequencerFeeVault_Test
[32m[PASS][0m test_constructor_succeeds() (gas: 15469)
[32m[PASS][0m test_minWithdrawalAmount_succeeds() (gas: 22091)
[32m[PASS][0m test_receive_succeeds() (gas: 22948)
[32m[PASS][0m test_withdraw_notEnough_reverts() (gas: 14842)
[31m[FAIL. Reason: revert: Proxy: implementation not initialized][0m test_withdraw_toL1_succeeds() (gas: 72840)
Suite result: [31mFAILED[0m. [32m4[0m passed; [31m1[0m failed; [33m0[0m skipped; finished in 337.95ms (1.40ms CPU time)

Ran 8 tests for test/L1/L2OutputOracle.t.sol:L2OutputOracle_getter_Test
[32m[PASS][0m test_computeL2Timestamp_succeeds() (gas: 53319)
[32m[PASS][0m test_getL2OutputIndexAfter_multipleOutputsExist_succeeds() (gas: 288576)
[32m[PASS][0m test_getL2OutputIndexAfter_noOutputsExis_reverts() (gas: 17892)
[32m[PASS][0m test_getL2OutputIndexAfter_previousBlock_succeeds() (gas: 109733)
[32m[PASS][0m test_getL2OutputIndexAfter_sameBlock_succeeds() (gas: 109663)
[32m[PASS][0m test_getL2Output_succeeds() (gas: 116539)
[32m[PASS][0m test_latestBlockNumber_succeeds() (gas: 110696)
[32m[PASS][0m test_nextBlockNumber_succeeds() (gas: 22485)
Suite result: [32mok[0m. [32m8[0m passed; [31m0[0m failed; [33m0[0m skipped; finished in 421.39ms (10.20ms CPU time)

Ran 8 tests for test/L1/L2OutputOracle.t.sol:L2OutputOracle_proposeL2Output_Test
[32m[PASS][0m test_proposeL2Output_emptyOutput_reverts() (gas: 40070)
[32m[PASS][0m test_proposeL2Output_futureTimetamp_reverts() (gas: 40100)
[32m[PASS][0m test_proposeL2Output_notProposer_reverts() (gas: 30231)
[32m[PASS][0m test_proposeL2Output_proposeAnotherOutput_succeeds() (gas: 116516)
[32m[PASS][0m test_proposeL2Output_unexpectedBlockNumber_reverts() (gas: 39750)
[32m[PASS][0m test_proposeL2Output_unmatchedBlockhash_reverts() (gas: 40828)
[32m[PASS][0m test_proposeL2Output_wrongFork_reverts() (gas: 40371)
[32m[PASS][0m test_proposeWithBlockhashAndHeight_succeeds() (gas: 106750)
Suite result: [32mok[0m. [32m8[0m passed; [31m0[0m failed; [33m0[0m skipped; finished in 389.40ms (8.49ms CPU time)

Ran 2 tests for test/L2/L2StandardBridge.t.sol:L2StandardBridge_BridgeERC20To_Test
[32m[PASS][0m test_bridgeERC20To_succeeds() (gas: 473812)
[32m[PASS][0m test_withdrawTo_withdrawingERC20_succeeds() (gas: 474113)
Suite result: [32mok[0m. [32m2[0m passed; [31m0[0m failed; [33m0[0m skipped; finished in 381.92ms (4.44ms CPU time)

Ran 5 tests for test/L2/L2StandardBridge.t.sol:L2StandardBridge_BridgeERC20_Test
[32m[PASS][0m test_bridgeERC20_succeeds() (gas: 469617)
[32m[PASS][0m test_bridgeLegacyERC20_succeeds() (gas: 477858)
[32m[PASS][0m test_withdrawLegacyERC20_succeeds() (gas: 478216)
[32m[PASS][0m test_withdraw_notEOA_reverts() (gas: 320631)
[32m[PASS][0m test_withdraw_withdrawingERC20_succeeds() (gas: 469932)
Suite result: [32mok[0m. [32m5[0m passed; [31m0[0m failed; [33m0[0m skipped; finished in 535.00ms (23.60ms CPU time)

Ran 4 tests for test/L2/L2StandardBridge.t.sol:L2StandardBridge_Bridge_Test
[31m[FAIL. Reason: log != expected log; counterexample: calldata=0x53af6dec0000000000000000000000000000000000000000000000000000000000000000000000000000000000000000000000000000000000000000000000000000065900000000000000000000000000000000000000000000000000000000000000600000000000000000000000000000000000000000000000000000000000000019225d6998333d6c68fd056757ad5cd4b03a232e548763c7271500000000000000 args=[0, 1625, 0x225d6998333d6c68fd056757ad5cd4b03a232e548763c72715]][0m testFuzz_bridgeETHTo_succeeds(uint256,uint32,bytes) (runs: 0, Î¼: 0, ~: 0)
[31m[FAIL. Reason: log != expected log; counterexample: calldata=0x2a9057ea0000000000000000000000000000000000000000000000000000000000000000000000000000000000000000000000000000000000000000000000000000065900000000000000000000000000000000000000000000000000000000000000600000000000000000000000000000000000000000000000000000000000000019225d6998333d6c68fd056757ad5cd4b03a232e548763c7271500000000000000 args=[0, 1625, 0x225d6998333d6c68fd056757ad5cd4b03a232e548763c72715]][0m testFuzz_bridgeETH_succeeds(uint256,uint32,bytes) (runs: 0, Î¼: 0, ~: 0)
[31m[FAIL. Reason: Error != expected error: Proxy: implementation not initialized != StandardBridge: cannot send to messenger][0m test_finalizeBridgeETH_sendToMessenger_reverts() (gas: 32861)
[31m[FAIL. Reason: Error != expected error: Proxy: implementation not initialized != StandardBridge: cannot send to self][0m test_finalizeBridgeETH_sendToSelf_reverts() (gas: 32764)
Suite result: [31mFAILED[0m. [32m0[0m passed; [31m4[0m failed; [33m0[0m skipped; finished in 672.11ms (303.20ms CPU time)

Ran 1 test for test/L2/L2StandardBridge.t.sol:L2StandardBridge_FinalizeBridgeETH_Test
[31m[FAIL. Reason: log != expected log][0m test_finalizeBridgeETH_succeeds() (gas: 36573)
Suite result: [31mFAILED[0m. [32m0[0m passed; [31m1[0m failed; [33m0[0m skipped; finished in 452.16ms (319.81Âµs CPU time)

Ran 8 tests for test/L2/L2StandardBridge.t.sol:L2StandardBridge_Test
[32m[PASS][0m test_constructor_succeeds() (gas: 25520)
[32m[PASS][0m test_initialize_succeeds() (gas: 45855)
[32m[PASS][0m test_paused_succeeds() (gas: 13347)
[31m[FAIL. Reason: assertion failed: false != true][0m test_receive_succeeds() (gas: 197690)
[31m[FAIL. Reason: Error != expected error: Not allow native token when withdraw ERC20 != StandardBridge: cannot send value][0m test_withdrawTo_erc20WithValue_reverts() (gas: 26150)
[31m[FAIL. Reason: Error != expected error: Not allow native token when withdraw ERC20 != StandardBridge: cannot send value][0m test_withdraw_erc20WithValue_reverts() (gas: 26109)
[31m[FAIL. Reason: log != expected log][0m test_withdraw_ether_succeeds() (gas: 163034)
[31m[FAIL. Reason: Error != expected error: StandardBridge: Incorrect Native token value != StandardBridge: bridging ETH must include sufficient ETH value][0m test_withdraw_insufficientValue_reverts() (gas: 28639)
Suite result: [31mFAILED[0m. [32m3[0m passed; [31m5[0m failed; [33m0[0m skipped; finished in 395.49ms (3.21ms CPU time)

Ran 4 tests for test/L2/L2ToL1MessagePasser.t.sol:L2ToL1MessagePasserTest
[32m[PASS][0m testFuzz_burn_succeeds(uint256,address,uint256,bytes) (runs: 68, Î¼: 112211, ~: 112421)
[32m[PASS][0m testFuzz_initiateWithdrawal_fromContract_succeeds(address,uint256,uint256,bytes) (runs: 68, Î¼: 78654, ~: 78376)
[32m[PASS][0m testFuzz_initiateWithdrawal_fromEOA_succeeds(uint256,address,uint256,bytes) (runs: 68, Î¼: 83796, ~: 83545)
[32m[PASS][0m testFuzz_initiateWithdrawal_succeeds(address,address,uint256,uint256,bytes) (runs: 68, Î¼: 80732, ~: 80360)
Suite result: [32mok[0m. [32m4[0m passed; [31m0[0m failed; [33m0[0m skipped; finished in 1.09s (636.26ms CPU time)

Ran 18 tests for test/L2/L2ToL2CrossDomainMessenger.t.sol:L2ToL2CrossDomainMessengerTest
[32m[PASS][0m testFuzz_crossDomainMessageSender_succeeds(address) (runs: 68, Î¼: 11882, ~: 11882)
[32m[PASS][0m testFuzz_crossDomainMessageSource_succeeds(uint256) (runs: 68, Î¼: 11549, ~: 11549)
[32m[PASS][0m testFuzz_relayMessage_alreadyRelayed_reverts(uint256,uint256,address,address,bytes,uint256) (runs: 68, Î¼: 123877, ~: 128512)
[32m[PASS][0m testFuzz_relayMessage_callerNotCrossL2Inbox_reverts(uint256,uint256,uint256,address,address,bytes,uint256) (runs: 68, Î¼: 16316, ~: 17001)
[32m[PASS][0m testFuzz_relayMessage_crossL2InboxOriginNotL2ToL2CrossDomainMessenger_reverts(uint256,uint256,uint256,address,address,bytes,uint256) (runs: 68, Î¼: 18493, ~: 18685)
[32m[PASS][0m testFuzz_relayMessage_destinationNotRelayChain_reverts(uint256,uint256,uint256,address,address,bytes,uint256) (runs: 68, Î¼: 18929, ~: 19022)
[32m[PASS][0m testFuzz_relayMessage_metadataStore_succeeds(uint256,uint256,address,uint256) (runs: 68, Î¼: 63570, ~: 64162)
[32m[PASS][0m testFuzz_relayMessage_reentrant_reverts(uint256,address,uint256,address,uint256,uint256) (runs: 68, Î¼: 40075, ~: 41455)
[32m[PASS][0m testFuzz_relayMessage_succeeds(uint256,uint256,address,address,bytes,uint256) (runs: 68, Î¼: 118542, ~: 121793)
[32m[PASS][0m testFuzz_relayMessage_targetCallFails_reverts(uint256,uint256,address,address,bytes,uint256) (runs: 68, Î¼: 92063, ~: 94155)
[32m[PASS][0m testFuzz_relayMessage_targetCrossL2Inbox_reverts(uint256,uint256,address,bytes,uint256) (runs: 68, Î¼: 18113, ~: 18599)
[32m[PASS][0m testFuzz_relayMessage_targetL2ToL2CrossDomainMessenger_reverts(uint256,uint256,address,bytes,uint256) (runs: 68, Î¼: 18108, ~: 18694)
[32m[PASS][0m testFuzz_sendMessage_destinationSameChain_reverts(address,bytes) (runs: 68, Î¼: 9243, ~: 9242)
[32m[PASS][0m testFuzz_sendMessage_succeeds(uint256,address,bytes,uint256) (runs: 68, Î¼: 49685, ~: 50014)
[32m[PASS][0m testFuzz_sendMessage_targetCrossL2Inbox_reverts(uint256,bytes) (runs: 68, Î¼: 9511, ~: 9510)
[32m[PASS][0m testFuzz_sendMessage_targetL2ToL2CrossDomainMessenger_reverts(uint256,bytes) (runs: 68, Î¼: 9539, ~: 9538)
[32m[PASS][0m test_crossDomainMessageSender_notEntered_reverts() (gas: 9806)
[32m[PASS][0m test_crossDomainMessageSource_notEntered_reverts() (gas: 9676)
Suite result: [32mok[0m. [32m18[0m passed; [31m0[0m failed; [33m0[0m skipped; finished in 270.89ms (269.75ms CPU time)

Ran 1 test for test/Specs.t.sol:Specification_Test
[31m[FAIL. Reason: Specification_Test: invalid number of ABI entries for OptimismPortalInterop: 25 != 21][0m testContractAuth() (gas: 2390298)
Suite result: [31mFAILED[0m. [32m0[0m passed; [31m1[0m failed; [33m0[0m skipped; finished in 4.66s (4.28s CPU time)

Ran 3 tests for test/universal/StandardBridge.t.sol:StandardBridge_Stateless_Test
[32m[PASS][0m test_isCorrectTokenPair_succeeds() (gas: 53043)
[32m[PASS][0m test_isOptimismMintableERC20_succeeds() (gas: 37137)
[32m[PASS][0m test_paused_succeeds() (gas: 8352)
Suite result: [32mok[0m. [32m3[0m passed; [31m0[0m failed; [33m0[0m skipped; finished in 376.70ms (1.10ms CPU time)

Ran 1 test for test/legacy/LegacyMessagePasser.t.sol:LegacyMessagePasser_Test
[32m[PASS][0m test_passMessageToL1_succeeds() (gas: 40063)
Suite result: [32mok[0m. [32m1[0m passed; [31m0[0m failed; [33m0[0m skipped; finished in 464.90ms (320.77Âµs CPU time)

Ran 2 tests for test/dispute/lib/LibClock.t.sol:LibClock_Test
[32m[PASS][0m testFuzz_duration_succeeds(uint64,uint64) (runs: 68, Î¼: 3391, ~: 3391)
[32m[PASS][0m testFuzz_timestamp_succeeds(uint64,uint64) (runs: 68, Î¼: 3376, ~: 3376)
Suite result: [32mok[0m. [32m2[0m passed; [31m0[0m failed; [33m0[0m skipped; finished in 7.73ms (7.55ms CPU time)

Ran 1 test for test/dispute/lib/LibGameId.t.sol:LibGameId_Test
[32m[PASS][0m testFuzz_gameId_roundTrip_succeeds(uint32,uint64,address) (runs: 68, Î¼: 4212, ~: 4212)
Suite result: [32mok[0m. [32m1[0m passed; [31m0[0m failed; [33m0[0m skipped; finished in 7.54ms (6.70ms CPU time)

Ran 11 tests for test/dispute/lib/LibPosition.t.sol:LibPosition_Test
[32m[PASS][0m testFuzz_attack_correctness_succeeds(uint8,uint128) (runs: 68, Î¼: 9283, ~: 9526)
[32m[PASS][0m testFuzz_defend_correctness_succeeds(uint8,uint128) (runs: 68, Î¼: 9882, ~: 9910)
[32m[PASS][0m testFuzz_depth_correctness_succeeds(uint8,uint128) (runs: 68, Î¼: 8316, ~: 8115)
[32m[PASS][0m testFuzz_indexAtDepth_correctness_succeeds(uint8,uint128) (runs: 68, Î¼: 8288, ~: 8668)
[32m[PASS][0m testFuzz_left_correctness_succeeds(uint8,uint128) (runs: 68, Î¼: 9283, ~: 9646)
[32m[PASS][0m testFuzz_parent_correctness_succeeds(uint8,uint128) (runs: 68, Î¼: 9470, ~: 9606)
[32m[PASS][0m testFuzz_rightIndex_correctness_succeeds(uint8,uint8,uint128) (runs: 68, Î¼: 11630, ~: 10679)
[32m[PASS][0m testFuzz_right_correctness_succeeds(uint8,uint128) (runs: 68, Î¼: 9274, ~: 9479)
[32m[PASS][0m testFuzz_traceAncestorBounded_correctness_succeeds(uint8,uint128) (runs: 68, Î¼: 10710, ~: 10301)
[32m[PASS][0m testFuzz_traceAncestor_correctness_succeeds(uint8,uint128) (runs: 68, Î¼: 9882, ~: 9488)
[32m[PASS][0m test_pos_correctness_succeeds() (gas: 92250)
Suite result: [32mok[0m. [32m11[0m passed; [31m0[0m failed; [33m0[0m skipped; finished in 90.79ms (90.26ms CPU time)

Ran 1 test for test/Safe/LivenessGuard.t.sol:LivenessGuard_CheckAfterExecution_TestFails
[32m[PASS][0m test_checkAfterExecution_callerIsNotSafe_revert() (gas: 8576)
Suite result: [32mok[0m. [32m1[0m passed; [31m0[0m failed; [33m0[0m skipped; finished in 15.02ms (80.03Âµs CPU time)

Ran 1 test for test/Safe/LivenessGuard.t.sol:LivenessGuard_CheckTx_Test
[32m[PASS][0m test_checkTransaction_succeeds() (gas: 813631)
Suite result: [32mok[0m. [32m1[0m passed; [31m0[0m failed; [33m0[0m skipped; finished in 56.74ms (22.63ms CPU time)

Ran 1 test for test/Safe/LivenessGuard.t.sol:LivenessGuard_CheckTx_TestFails
[32m[PASS][0m test_checkTransaction_callerIsNotSafe_revert() (gas: 10358)
Suite result: [32mok[0m. [32m1[0m passed; [31m0[0m failed; [33m0[0m skipped; finished in 24.97ms (142.08Âµs CPU time)

Ran 1 test for test/Safe/LivenessGuard.t.sol:LivenessGuard_Constructor_Test
[32m[PASS][0m test_constructor_works() (gas: 1451436)
Suite result: [32mok[0m. [32m1[0m passed; [31m0[0m failed; [33m0[0m skipped; finished in 24.69ms (577.89Âµs CPU time)

Ran 32 tests for test/L1/OptimismPortal2.t.sol:OptimismPortal2_FinalizeWithdrawal_Test
[31m[FAIL. Reason: EvmError: Revert; counterexample: calldata=0x289c769e0000000000000000000000000000000000000000000000000000000000000000000000000000000000000000000000000000000000000000000000003668fd05ffffffffffffffffffffffffffffffffffffffffffffffffffffffffffffffff000000000000000000000000000000000000000000000000000000000000000200000000000000000000000000000000000000000000000000000000000000a00000000000000000000000000000000000000000000000000000000000000026c727158aaac76a3e1c91691b8160cbdbe811dcc02205f77a2b3286342b7e6ebea61480d9d7d60000000000000000000000000000000000000000000000000000 args=[0x0000000000000000000000000000000000000000, 0x000000000000000000000000000000003668fD05, 115792089237316195423570985008687907853269984665640564039457584007913129639935 [2;49;39m[1.157e77][0m, 2, 0xc727158aaac76a3e1c91691b8160cbdbe811dcc02205f77a2b3286342b7e6ebea61480d9d7d6]][0m testDiff_finalizeWithdrawalTransaction_succeeds(address,address,uint256,uint256,bytes) (runs: 0, Î¼: 0, ~: 0)
[32m[PASS][0m testFuzz_blacklist_guardian_succeeds(address) (runs: 68, Î¼: 55670, ~: 55670)
[32m[PASS][0m testFuzz_blacklist_onlyGuardian_reverts(address) (runs: 68, Î¼: 29268, ~: 29268)
[32m[PASS][0m testFuzz_setRespectedGameType_guardian_succeeds(uint32) (runs: 68, Î¼: 39312, ~: 39312)
[32m[PASS][0m testFuzz_setRespectedGameType_onlyGuardian_reverts(address,uint32) (runs: 68, Î¼: 29694, ~: 29694)
[32m[PASS][0m test_finalizeWithdrawalTransaction_blacklisted_reverts() (gas: 396604)
[31m[FAIL. Reason: revert: Address: call to non-contract][0m test_finalizeWithdrawalTransaction_delayEdges_succeeds() (gas: 459397)
[31m[FAIL. Reason: revert: Address: call to non-contract][0m test_finalizeWithdrawalTransaction_gameInAirGap_reverts() (gas: 430948)
[32m[PASS][0m test_finalizeWithdrawalTransaction_gameOlderThanRespectedGameTypeUpdate_reverts() (gas: 384048)
[32m[PASS][0m test_finalizeWithdrawalTransaction_ifDisputeGameNotResolved_reverts() (gas: 220650)
[32m[PASS][0m test_finalizeWithdrawalTransaction_ifWithdrawalNotProven_reverts() (gas: 53873)
[32m[PASS][0m test_finalizeWithdrawalTransaction_ifWithdrawalProofNotOldEnough_reverts() (gas: 217471)
[31m[FAIL. Reason: Error != expected error: Address: call to non-contract != SafeCall: Not enough gas][0m test_finalizeWithdrawalTransaction_onInsufficientGas_reverts() (gas: 396099)
[31m[FAIL. Reason: log != expected log][0m test_finalizeWithdrawalTransaction_onReentrancy_reverts() (gas: 418142)
[31m[FAIL. Reason: log != expected log][0m test_finalizeWithdrawalTransaction_onReplay_reverts() (gas: 414390)
[32m[PASS][0m test_finalizeWithdrawalTransaction_paused_reverts() (gas: 70933)
[31m[FAIL. Reason: log != expected log][0m test_finalizeWithdrawalTransaction_provenWithdrawalHash_succeeds() (gas: 417171)
[32m[PASS][0m test_finalizeWithdrawalTransaction_respectedTypeChangedSinceProving_reverts() (gas: 383144)
[31m[FAIL. Reason: log != expected log][0m test_finalizeWithdrawalTransaction_secondProofReplay_reverts() (gas: 514603)
[31m[FAIL. Reason: log != expected log][0m test_finalizeWithdrawalTransaction_secondaryProof_succeeds() (gas: 840759)
[31m[FAIL. Reason: log != expected log][0m test_finalizeWithdrawalTransaction_targetFails_fails() (gas: 417500)
[32m[PASS][0m test_finalizeWithdrawalTransaction_timestampLessThanGameCreation_reverts() (gas: 222222)
[32m[PASS][0m test_proveWithdrawalTransaction_badGameType_reverts() (gas: 76677)
[32m[PASS][0m test_proveWithdrawalTransaction_onInvalidOutputRootProof_reverts() (gas: 103840)
[32m[PASS][0m test_proveWithdrawalTransaction_onInvalidWithdrawalProof_reverts() (gas: 128029)
[32m[PASS][0m test_proveWithdrawalTransaction_onSelfCall_reverts() (gas: 63342)
[32m[PASS][0m test_proveWithdrawalTransaction_paused_reverts() (gas: 91008)
[32m[PASS][0m test_proveWithdrawalTransaction_replayProveBadProposal_suceeds() (gas: 627732)
[32m[PASS][0m test_proveWithdrawalTransaction_replayProveBlacklisted_suceeds() (gas: 659153)
[32m[PASS][0m test_proveWithdrawalTransaction_replayProve_differentGameChallengerWins_reverts() (gas: 564303)
[32m[PASS][0m test_proveWithdrawalTransaction_replayRespectedGameTypeChanged_suceeds() (gas: 614932)
[32m[PASS][0m test_proveWithdrawalTransaction_validWithdrawalProof_succeeds() (gas: 201184)
Suite result: [31mFAILED[0m. [32m22[0m passed; [31m10[0m failed; [33m0[0m skipped; finished in 14.60s (14.14s CPU time)

Ran 1 test for test/L1/OptimismPortal2.t.sol:OptimismPortal2_ResourceFuzz_Test
[32m[PASS][0m testFuzz_systemConfigDeposit_succeeds(uint32,uint8,uint8,uint32,uint32,uint128,uint64,uint64,uint128,uint8) (runs: 65, Î¼: 690005, ~: 63971)
Suite result: [32mok[0m. [32m1[0m passed; [31m0[0m failed; [33m0[0m skipped; finished in 1.02s (589.19ms CPU time)

Ran 1 test for test/L1/ResourceMetering.t.sol:ArtifactResourceMetering_Test
[32m[PASS][0m test_meter_generateArtifact_succeeds() (gas: 3518111946)
Suite result: [32mok[0m. [32m1[0m passed; [31m0[0m failed; [33m0[0m skipped; finished in 22.49s (22.49s CPU time)

Ran 14 tests for test/L1/OptimismPortal2.t.sol:OptimismPortal2_Test
[31m[FAIL. Reason: log != expected log; counterexample: calldata=0xc18644fd00000000000000000000000000000000000000000000000000000000000000000000000000000000000000000000000000000000000000000000000000000000000000000000000000000000000000000000000000000000000000000000000000000000000000000000000000000000000000000000000000000000000019d0000000000000000000000000000000000000000000000000000000000000000100000000000000000000000000000000000000000000000000000000000000c00000000000000000000000000000000000000000000000000000000000000041c76a3e1c91691b8160cbdbe811dcc02205f77a2b3286342b7e6ebea61480d9d7d68ad1a9a9853985e292c0d9e15b214141861809b48e698b5ca7cf447ef79c75a800000000000000000000000000000000000000000000000000000000000000 args=[0x0000000000000000000000000000000000000000, 0, 0, 6608, true, 0xc76a3e1c91691b8160cbdbe811dcc02205f77a2b3286342b7e6ebea61480d9d7d68ad1a9a9853985e292c0d9e15b214141861809b48e698b5ca7cf447ef79c75a8]][0m testFuzz_depositTransaction_contract_succeeds(address,uint64,uint256,uint256,bool,bytes) (runs: 0, Î¼: 0, ~: 0)
[31m[FAIL. Reason: log != expected log; counterexample: calldata=0xb8e2586900000000000000000000000000000000000000000000000000000000000000000000000000000000000000000000000000000000000000000000000000000000000000000000000000000000000000000000000000000000000000000000000000000000000000000000000000000000000000000000000000000000000019d0000000000000000000000000000000000000000000000000000000000000000100000000000000000000000000000000000000000000000000000000000000c00000000000000000000000000000000000000000000000000000000000000041c76a3e1c91691b8160cbdbe811dcc02205f77a2b3286342b7e6ebea61480d9d7d68ad1a9a9853985e292c0d9e15b214141861809b48e698b5ca7cf447ef79c75a800000000000000000000000000000000000000000000000000000000000000 args=[0x0000000000000000000000000000000000000000, 0, 0, 6608, true, 0xc76a3e1c91691b8160cbdbe811dcc02205f77a2b3286342b7e6ebea61480d9d7d68ad1a9a9853985e292c0d9e15b214141861809b48e698b5ca7cf447ef79c75a8]][0m testFuzz_depositTransaction_eoa_succeeds(address,uint64,uint256,uint256,bool,bytes) (runs: 0, Î¼: 0, ~: 0)
[31m[FAIL. Reason: Error != expected error: OptimismPortal: gas limit too small != 0x4929b808; counterexample: calldata=0xfb534d40000000000000000000000000000000000000000000000000000000000000004000000000000000000000000000000000000000000000000000000000000000010000000000000000000000000000000000000000000000000000000000000000 args=[0x, true]][0m testFuzz_depositTransaction_smallGasLimit_succeeds(bytes,bool) (runs: 1, Î¼: 41769, ~: 41769)
[31m[FAIL. Reason: assertion failed; counterexample: calldata=0x4140c6f70000000000000000000000000000000000000000000000000000000000000000 args=[0]][0m testFuzz_receive_succeeds(uint256) (runs: 0, Î¼: 0, ~: 0)
[32m[PASS][0m test_constructor_succeeds() (gas: 36848)
[31m[FAIL. Reason: Error != expected error: Address: call to non-contract != 0x13496fda][0m test_depositTransaction_contractCreation_reverts() (gas: 29706)
[31m[FAIL. Reason: Error != expected error: OptimismPortal: data too large != s+][0m test_depositTransaction_largeData_reverts() (gas: 474607)
[31m[FAIL. Reason: Error != expected error: OptimismPortal: gas limit too small != 0x4929b808][0m test_depositTransaction_smallGasLimit_reverts() (gas: 27050)
[32m[PASS][0m test_initialize_succeeds() (gas: 67061)
[32m[PASS][0m test_minimumGasLimit_succeeds() (gas: 21145)
[32m[PASS][0m test_pause_onlyGuardian_reverts() (gas: 41150)
[32m[PASS][0m test_pause_succeeds() (gas: 62104)
[32m[PASS][0m test_unpause_onlyGuardian_reverts() (gas: 67716)
[32m[PASS][0m test_unpause_succeeds() (gas: 46936)
Suite result: [31mFAILED[0m. [32m7[0m passed; [31m7[0m failed; [33m0[0m skipped; finished in 910.45ms (529.70ms CPU time)

Ran 2 tests for test/L1/OptimismPortal2.t.sol:OptimismPortal2_Upgradeable_Test
[32m[PASS][0m test_params_initValuesOnProxy_succeeds() (gas: 30214)
[32m[PASS][0m test_upgradeToAndCall_upgrading_succeeds() (gas: 186880)
Suite result: [32mok[0m. [32m2[0m passed; [31m0[0m failed; [33m0[0m skipped; finished in 411.03ms (620.82Âµs CPU time)

Ran 1 test for test/invariants/OptimismPortal2.t.sol:OptimismPortal_CanAlwaysFinalizeAfterWindow
[31m[FAIL. Reason: revert: Address: call to non-contract][0m invariant_canAlwaysFinalize() (runs: 65, calls: 960, reverts: 960)
Suite result: [31mFAILED[0m. [32m0[0m passed; [31m1[0m failed; [33m0[0m skipped; finished in 888.46ms (370.11ms CPU time)

Ran 21 tests for test/L1/OptimismPortal.t.sol:OptimismPortal_FinalizeWithdrawal_Test
[31m[FAIL. Reason: EvmError: Revert; counterexample: calldata=0x289c769e0000000000000000000000000000000000000000000000000000000000000000000000000000000000000000000000000000000000000000000000003668fd05ffffffffffffffffffffffffffffffffffffffffffffffffffffffffffffffff000000000000000000000000000000000000000000000000000000000000000200000000000000000000000000000000000000000000000000000000000000a00000000000000000000000000000000000000000000000000000000000000026c727158aaac76a3e1c91691b8160cbdbe811dcc02205f77a2b3286342b7e6ebea61480d9d7d60000000000000000000000000000000000000000000000000000 args=[0x0000000000000000000000000000000000000000, 0x000000000000000000000000000000003668fD05, 115792089237316195423570985008687907853269984665640564039457584007913129639935 [2;49;39m[1.157e77][0m, 2, 0xc727158aaac76a3e1c91691b8160cbdbe811dcc02205f77a2b3286342b7e6ebea61480d9d7d6]][0m testDiff_finalizeWithdrawalTransaction_succeeds(address,address,uint256,uint256,bytes) (runs: 0, Î¼: 0, ~: 0)
[32m[PASS][0m test_finalizeWithdrawalTransaction_ifOutputRootChanges_reverts() (gas: 195173)
[32m[PASS][0m test_finalizeWithdrawalTransaction_ifOutputTimestampIsNotFinalized_reverts() (gas: 198822)
[32m[PASS][0m test_finalizeWithdrawalTransaction_ifWithdrawalNotProven_reverts() (gas: 52298)
[32m[PASS][0m test_finalizeWithdrawalTransaction_ifWithdrawalProofNotOldEnough_reverts() (gas: 190019)
[31m[FAIL. Reason: call reverted as expected, but without data][0m test_finalizeWithdrawalTransaction_onInsufficientGas_reverts() (gas: 157980)
[32m[PASS][0m test_finalizeWithdrawalTransaction_onRecentWithdrawal_reverts() (gas: 170796)
[31m[FAIL. Reason: log != expected log][0m test_finalizeWithdrawalTransaction_onReentrancy_reverts() (gas: 233924)
[31m[FAIL. Reason: log != expected log][0m test_finalizeWithdrawalTransaction_onReplay_reverts() (gas: 232163)
[32m[PASS][0m test_finalizeWithdrawalTransaction_paused_reverts() (gas: 71047)
[31m[FAIL. Reason: log != expected log][0m test_finalizeWithdrawalTransaction_provenWithdrawalHash_ether_succeeds() (gas: 234859)
[31m[FAIL. Reason: log != expected log][0m test_finalizeWithdrawalTransaction_targetFails_fails() (gas: 235252)
[32m[PASS][0m test_finalizeWithdrawalTransaction_timestampLessThanL2OracleStart_reverts() (gas: 187788)
[32m[PASS][0m test_proveWithdrawalTransaction_onInvalidOutputRootProof_reverts() (gas: 98124)
[32m[PASS][0m test_proveWithdrawalTransaction_onInvalidWithdrawalProof_reverts() (gas: 106540)
[32m[PASS][0m test_proveWithdrawalTransaction_onSelfCall_reverts() (gas: 63321)
[32m[PASS][0m test_proveWithdrawalTransaction_paused_reverts() (gas: 91191)
[32m[PASS][0m test_proveWithdrawalTransaction_replayProveChangedOutputRootAndOutputIndex_succeeds() (gas: 316532)
[32m[PASS][0m test_proveWithdrawalTransaction_replayProveChangedOutputRoot_succeeds() (gas: 241837)
[32m[PASS][0m test_proveWithdrawalTransaction_replayProve_reverts() (gas: 180585)
[32m[PASS][0m test_proveWithdrawalTransaction_validWithdrawalProof_succeeds() (gas: 166905)
Suite result: [31mFAILED[0m. [32m15[0m passed; [31m6[0m failed; [33m0[0m skipped; finished in 14.41s (13.96s CPU time)

Ran 1 test for test/invariants/Burn.Gas.t.sol:Burn_BurnGas_Invariant
[32m[PASS][0m invariant_burn_gas() (runs: 64, calls: 960, reverts: 0)
Suite result: [32mok[0m. [32m1[0m passed; [31m0[0m failed; [33m0[0m skipped; finished in 18.89s (18.89s CPU time)

Ran 2 tests for test/libraries/Bytes.t.sol:Bytes_equal_Test
[32m[PASS][0m testDiff_equal_works(bytes,bytes) (runs: 68, Î¼: 4201, ~: 4197)
[32m[PASS][0m testFuzz_equal_notEqual_works(bytes,bytes) (runs: 68, Î¼: 4525, ~: 4520)
Suite result: [32mok[0m. [32m2[0m passed; [31m0[0m failed; [33m0[0m skipped; finished in 14.53ms (14.28ms CPU time)

Ran 5 tests for test/libraries/Bytes.t.sol:Bytes_slice_Test
[32m[PASS][0m testFuzz_slice_memorySafety_succeeds(bytes,uint256,uint256) (runs: 64, Î¼: 6610, ~: 6838)
[32m[PASS][0m test_slice_acrossMultipleWords_works() (gas: 4464)
[32m[PASS][0m test_slice_acrossWords_works() (gas: 4188)
[32m[PASS][0m test_slice_fromNonZeroIdx_works() (gas: 15277)
[32m[PASS][0m test_slice_fromZeroIdx_works() (gas: 17645)
Suite result: [32mok[0m. [32m5[0m passed; [31m0[0m failed; [33m0[0m skipped; finished in 75.66ms (75.33ms CPU time)

Ran 3 tests for test/libraries/Bytes.t.sol:Bytes_slice_TestFail
[32m[PASS][0m testFuzz_slice_lengthOverflows_reverts(bytes,uint256,uint256) (runs: 65, Î¼: 4213, ~: 4213)
[32m[PASS][0m testFuzz_slice_outOfBounds_reverts(bytes,uint256,uint256) (runs: 64, Î¼: 4729, ~: 4730)
[32m[PASS][0m testFuzz_slice_rangeOverflows_reverts(bytes,uint256,uint256) (runs: 64, Î¼: 4544, ~: 4544)
Suite result: [32mok[0m. [32m3[0m passed; [31m0[0m failed; [33m0[0m skipped; finished in 280.58ms (280.33ms CPU time)

Ran 4 tests for test/libraries/Bytes.t.sol:Bytes_toNibbles_Test
[32m[PASS][0m testFuzz_toNibbles_memorySafety_succeeds(bytes) (runs: 68, Î¼: 10993, ~: 9701)
[32m[PASS][0m test_toNibbles_expectedResult128Bytes_works() (gas: 20929)
[32m[PASS][0m test_toNibbles_expectedResult5Bytes_works() (gas: 5446)
[32m[PASS][0m test_toNibbles_zeroLengthInput_works() (gas: 4888)
Suite result: [32mok[0m. [32m4[0m passed; [31m0[0m failed; [33m0[0m skipped; finished in 12.45ms (12.18ms CPU time)

Ran 3 tests for test/periphery/drippie/dripchecks/CheckBalanceLow.t.sol:CheckBalanceLowTest
[32m[PASS][0m testFuzz_check_highBalance_fails(address,uint256) (runs: 68, Î¼: 10615, ~: 10615)
[32m[PASS][0m testFuzz_check_succeeds(address,uint256) (runs: 68, Î¼: 12716, ~: 12716)
[32m[PASS][0m test_name_succeeds() (gas: 12428)
Suite result: [32mok[0m. [32m3[0m passed; [31m0[0m failed; [33m0[0m skipped; finished in 21.03ms (20.61ms CPU time)

Ran 3 tests for test/periphery/drippie/dripchecks/CheckGelatoLow.t.sol:CheckGelatoLowTest
[32m[PASS][0m testFuzz_check_highBalance_fails(uint256,address) (runs: 68, Î¼: 41307, ~: 41893)
[32m[PASS][0m testFuzz_check_succeeds(uint256,address) (runs: 68, Î¼: 23414, ~: 23414)
[32m[PASS][0m test_name_succeeds() (gas: 12450)
Suite result: [32mok[0m. [32m3[0m passed; [31m0[0m failed; [33m0[0m skipped; finished in 24.37ms (23.89ms CPU time)

Ran 10 tests for test/periphery/drippie/dripchecks/CheckSecrets.t.sol:CheckSecretsTest
[32m[PASS][0m test_check_firstAndSecondSecretRevealed_fails() (gas: 70026)
[32m[PASS][0m test_check_secondSecretRevealed_fails() (gas: 45519)
[32m[PASS][0m test_check_secretNotRevealed_fails() (gas: 19550)
[32m[PASS][0m test_check_secretRevealedBeforeDelay_fails() (gas: 43818)
[32m[PASS][0m test_check_secretRevealedWithDelayEq_succeeds() (gas: 45927)
[32m[PASS][0m test_check_secretRevealedWithDelayGt_succeeds() (gas: 45997)
[32m[PASS][0m test_check_secretRevealedZeroDelay_succeeds() (gas: 43271)
[32m[PASS][0m test_name_succeeds() (gas: 12491)
[32m[PASS][0m test_reveal_succeeds() (gas: 40217)
[32m[PASS][0m test_reveal_twice_fails() (gas: 41379)
Suite result: [32mok[0m. [32m10[0m passed; [31m0[0m failed; [33m0[0m skipped; finished in 2.13ms (1.61ms CPU time)

Ran 2 tests for test/periphery/drippie/dripchecks/CheckTrue.t.sol:CheckTrueTest
[32m[PASS][0m testFuzz_always_true_succeeds(bytes) (runs: 68, Î¼: 9527, ~: 9487)
[32m[PASS][0m test_name_succeeds() (gas: 12455)
Suite result: [32mok[0m. [32m2[0m passed; [31m0[0m failed; [33m0[0m skipped; finished in 8.50ms (8.11ms CPU time)

Ran 1 test for test/libraries/Constants.t.sol:Constants_Test
[32m[PASS][0m test_eip1967Constants_succeeds() (gas: 3627)
Suite result: [32mok[0m. [32m1[0m passed; [31m0[0m failed; [33m0[0m skipped; finished in 3.17ms (119.87Âµs CPU time)

Ran 6 tests for test/L1/OptimismPortalInterop.t.sol:OptimismPortalInterop_Test
[32m[PASS][0m testFuzz_setConfig_addDependency_notSystemConfig_reverts(bytes) (runs: 68, Î¼: 16411, ~: 16403)
[32m[PASS][0m testFuzz_setConfig_addDependency_succeeds(bytes) (runs: 68, Î¼: 36316, ~: 35851)
[32m[PASS][0m testFuzz_setConfig_gasPayingToken_notSystemConfig_reverts(bytes) (runs: 68, Î¼: 16403, ~: 16394)
[32m[PASS][0m testFuzz_setConfig_gasPayingToken_succeeds(bytes) (runs: 68, Î¼: 36343, ~: 35840)
[32m[PASS][0m testFuzz_setConfig_removeDependency_notSystemConfig_reverts(bytes) (runs: 68, Î¼: 16382, ~: 16372)
[32m[PASS][0m testFuzz_setConfig_removeDependency_succeeds(bytes) (runs: 68, Î¼: 36426, ~: 35818)
Suite result: [32mok[0m. [32m6[0m passed; [31m0[0m failed; [33m0[0m skipped; finished in 1.18s (856.38ms CPU time)

Ran 3 tests for test/Safe/DeputyGuardianModule.t.sol:DeputyGuardianModule_Unpause_TestFail
[32m[PASS][0m test_unpause_notDeputyGuardian_reverts() (gas: 21532)
[32m[PASS][0m test_unpause_succeeds() (gas: 45654)
[32m[PASS][0m test_unpause_targetReverts_reverts() (gas: 31520)
Suite result: [32mok[0m. [32m3[0m passed; [31m0[0m failed; [33m0[0m skipped; finished in 486.33ms (836.44Âµs CPU time)

Ran 17 tests for test/L1/OptimismPortal.t.sol:OptimismPortal_Test
[31m[FAIL. Reason: log != expected log; counterexample: calldata=0xc18644fd00000000000000000000000000000000000000000000000000000000000000000000000000000000000000000000000000000000000000000000000000000000000000000000000000000000000000000000000000000000000000000000000000000000000000000000000000000000000000000000000000000000000019d0000000000000000000000000000000000000000000000000000000000000000100000000000000000000000000000000000000000000000000000000000000c00000000000000000000000000000000000000000000000000000000000000041c76a3e1c91691b8160cbdbe811dcc02205f77a2b3286342b7e6ebea61480d9d7d68ad1a9a9853985e292c0d9e15b214141861809b48e698b5ca7cf447ef79c75a800000000000000000000000000000000000000000000000000000000000000 args=[0x0000000000000000000000000000000000000000, 0, 0, 6608, true, 0xc76a3e1c91691b8160cbdbe811dcc02205f77a2b3286342b7e6ebea61480d9d7d68ad1a9a9853985e292c0d9e15b214141861809b48e698b5ca7cf447ef79c75a8]][0m testFuzz_depositTransaction_contract_succeeds(address,uint64,uint256,uint256,bool,bytes) (runs: 0, Î¼: 0, ~: 0)
[31m[FAIL. Reason: log != expected log; counterexample: calldata=0xb8e2586900000000000000000000000000000000000000000000000000000000000000000000000000000000000000000000000000000000000000000000000000000000000000000000000000000000000000000000000000000000000000000000000000000000000000000000000000000000000000000000000000000000000019d0000000000000000000000000000000000000000000000000000000000000000100000000000000000000000000000000000000000000000000000000000000c00000000000000000000000000000000000000000000000000000000000000041c76a3e1c91691b8160cbdbe811dcc02205f77a2b3286342b7e6ebea61480d9d7d68ad1a9a9853985e292c0d9e15b214141861809b48e698b5ca7cf447ef79c75a800000000000000000000000000000000000000000000000000000000000000 args=[0x0000000000000000000000000000000000000000, 0, 0, 6608, true, 0xc76a3e1c91691b8160cbdbe811dcc02205f77a2b3286342b7e6ebea61480d9d7d68ad1a9a9853985e292c0d9e15b214141861809b48e698b5ca7cf447ef79c75a8]][0m testFuzz_depositTransaction_eoa_succeeds(address,uint64,uint256,uint256,bool,bytes) (runs: 0, Î¼: 0, ~: 0)
[31m[FAIL. Reason: log != expected log; counterexample: calldata=0x74b8bcb60000000000000000000000000000000000000000000000000000000000000000000000000000000000000000000000000000000000000000000000000000000100000000000000000000000000000000000000000000000000000000000000000000000000000000000000000000000000000000000000000000000000000000000000000000000000000000000000000000000000000000000000000000000000000000000000000000000000000000000000000000000000000000000000c0000000000000000000000000000000000000000000000000000000000000000b698b5ca7cf447ef79c75a8000000000000000000000000000000000000000000 args=[0x0000000000000000000000000000000000000000, 1, 0, 0, false, 0x698b5ca7cf447ef79c75a8]][0m testFuzz_depositTransaction_senderIsOrigin_succeeds(address,uint256,uint256,uint64,bool,bytes) (runs: 1, Î¼: 14532438, ~: 14532438)
[31m[FAIL. Reason: log != expected log; counterexample: calldata=0xe951f77c0000000000000000000000000000000000000000000000000000000000000000000000000000000000000000000000000000000000000000000000000000000100000000000000000000000000000000000000000000000000000000000000000000000000000000000000000000000000000000000000000000000000000000000000000000000000000000000000000000000000000000000000000000000000000000000000000000000000000000000000000000000000000000000000c0000000000000000000000000000000000000000000000000000000000000000b698b5ca7cf447ef79c75a8000000000000000000000000000000000000000000 args=[0x0000000000000000000000000000000000000000, 1, 0, 0, false, 0x698b5ca7cf447ef79c75a8]][0m testFuzz_depositTransaction_senderNotOrigin_succeeds(address,uint256,uint256,uint64,bool,bytes) (runs: 1, Î¼: 14532481, ~: 14532481)
[32m[PASS][0m testFuzz_depositTransaction_smallGasLimit_succeeds(bytes,bool) (runs: 68, Î¼: 37152, ~: 34056)
[32m[PASS][0m test_constructor_succeeds() (gas: 31545)
[32m[PASS][0m test_depositTransaction_contractCreation_reverts() (gas: 29690)
[32m[PASS][0m test_depositTransaction_largeData_reverts() (gas: 474703)
[32m[PASS][0m test_depositTransaction_smallGasLimit_reverts() (gas: 27049)
[32m[PASS][0m test_initialize_succeeds() (gas: 64637)
[32m[PASS][0m test_isOutputFinalized_succeeds() (gas: 136784)
[32m[PASS][0m test_minimumGasLimit_succeeds() (gas: 21378)
[32m[PASS][0m test_pause_onlyGuardian_reverts() (gas: 41177)
[32m[PASS][0m test_pause_succeeds() (gas: 62170)
[32m[PASS][0m test_simple_isOutputFinalized_succeeds() (gas: 45403)
[32m[PASS][0m test_unpause_onlyGuardian_reverts() (gas: 67716)
[32m[PASS][0m test_unpause_succeeds() (gas: 46990)
Suite result: [31mFAILED[0m. [32m13[0m passed; [31m4[0m failed; [33m0[0m skipped; finished in 1.52s (1.11s CPU time)

Ran 3 tests for test/universal/CrossDomainMessenger.t.sol:CrossDomainMessenger_BaseGas_Test
[32m[PASS][0m testFuzz_baseGas_portalMinGasLimit_succeeds(bytes,uint32) (runs: 68, Î¼: 35311, ~: 35268)
[32m[PASS][0m testFuzz_baseGas_succeeds(uint32) (runs: 68, Î¼: 20629, ~: 20629)
[32m[PASS][0m test_baseGas_succeeds() (gas: 20495)
Suite result: [32mok[0m. [32m3[0m passed; [31m0[0m failed; [33m0[0m skipped; finished in 706.18ms (268.96ms CPU time)

Ran 1 test for test/invariants/OptimismPortal2.t.sol:OptimismPortal2_CannotFinalizeTwice
[31m[FAIL. Reason: setup failed: revert: Address: call to non-contract][0m setUp() (gas: 0)
Suite result: [31mFAILED[0m. [32m0[0m passed; [31m1[0m failed; [33m0[0m skipped; finished in 475.83ms (0.00ns CPU time)

Ran 1 test for test/Safe/DeputyGuardianModule.t.sol:DeputyGuardianModule_setRespectedGameType_Test
[32m[PASS][0m testFuzz_setRespectedGameType_succeeds(uint32) (runs: 68, Î¼: 64157, ~: 64405)
Suite result: [32mok[0m. [32m1[0m passed; [31m0[0m failed; [33m0[0m skipped; finished in 557.14ms (135.83ms CPU time)

Ran 1 test for test/universal/CrossDomainMessenger.t.sol:CrossDomainMessenger_RelayMessage_Test
[32m[PASS][0m testFuzz_relayMessageReenter_succeeds(address,uint256) (runs: 68, Î¼: 696668, ~: 696801)
Suite result: [32mok[0m. [32m1[0m passed; [31m0[0m failed; [33m0[0m skipped; finished in 758.40ms (382.03ms CPU time)

Ran 2 tests for test/Safe/DeputyGuardianModule.t.sol:DeputyGuardianModule_setRespectedGameType_TestFail
[32m[PASS][0m testFuzz_setRespectedGameType_notDeputyGuardian_reverts(uint32) (runs: 68, Î¼: 23678, ~: 23678)
[32m[PASS][0m test_setRespectedGameType_targetReverts_reverts() (gas: 31953)
Suite result: [32mok[0m. [32m2[0m passed; [31m0[0m failed; [33m0[0m skipped; finished in 573.04ms (137.91ms CPU time)

Ran 1 test for test/invariants/OptimismPortal2.t.sol:OptimismPortal2_CannotTimeTravel
[32m[PASS][0m invariant_cannotFinalizeBeforePeriodHasPassed() (runs: 64, calls: 960, reverts: 960)
Suite result: [32mok[0m. [32m1[0m passed; [31m0[0m failed; [33m0[0m skipped; finished in 996.02ms (443.64ms CPU time)

Ran 1 test for test/L1/SuperchainConfig.t.sol:SuperchainConfig_Unpause_Test
[32m[PASS][0m test_unpause_succeeds() (gas: 34526)
Suite result: [32mok[0m. [32m1[0m passed; [31m0[0m failed; [33m0[0m skipped; finished in 546.25ms (337.93Âµs CPU time)

Ran 4 tests for test/dispute/DisputeGameFactory.t.sol:DisputeGameFactory_Create_Test
[32m[PASS][0m testFuzz_create_incorrectBondAmount_reverts(uint32,bytes32,bytes) (runs: 68, Î¼: 140443, ~: 140568)
[32m[PASS][0m testFuzz_create_noImpl_reverts(uint32,bytes32,bytes) (runs: 68, Î¼: 20591, ~: 20531)
[32m[PASS][0m testFuzz_create_sameUUID_reverts(uint32,bytes32,bytes) (runs: 68, Î¼: 307228, ~: 302978)
[32m[PASS][0m testFuzz_create_succeeds(uint32,bytes32,bytes,uint256) (runs: 68, Î¼: 314156, ~: 312837)
Suite result: [32mok[0m. [32m4[0m passed; [31m0[0m failed; [33m0[0m skipped; finished in 1.23s (816.84ms CPU time)

Ran 1 test for test/L1/SuperchainConfig.t.sol:SuperchainConfig_Unpause_TestFail
[32m[PASS][0m test_unpause_notGuardian_reverts() (gas: 51125)
Suite result: [32mok[0m. [32m1[0m passed; [31m0[0m failed; [33m0[0m skipped; finished in 413.66ms (358.77Âµs CPU time)

Ran 1 test for test/invariants/SystemConfig.t.sol:SystemConfig_GasLimitBoundaries_Invariant
[32m[PASS][0m invariant_gasLimitBoundaries() (runs: 64, calls: 960, reverts: 928)
Suite result: [32mok[0m. [32m1[0m passed; [31m0[0m failed; [33m0[0m skipped; finished in 210.91ms (206.88ms CPU time)

Ran 1 test for test/invariants/CrossDomainMessenger.t.sol:XDM_MinGasLimits_Reverts
[31m[FAIL. Reason: assertion failed]
	[Sequence]
		sender=0xC8E9175fD474102288fA2A9C94c217237d43aba8 addr=[test/invariants/CrossDomainMessenger.t.sol:RelayActor]0xF6A82e0FdF308C12E0750319034b916B29581651 calldata=relay(uint8,uint8,bytes) args=[58, 130, 0x00000000000000000000000000000000000000000000000000000000000054ef]
[0m invariant_minGasLimits() (runs: 64, calls: 946, reverts: 0)
Suite result: [31mFAILED[0m. [32m0[0m passed; [31m1[0m failed; [33m0[0m skipped; finished in 2.23s (1.75s CPU time)

Ran 4 tests for test/L1/SystemConfig.t.sol:SystemConfig_Init_ResourceConfig
[32m[PASS][0m test_setResourceConfig_badMinMax_reverts() (gas: 112896)
[32m[PASS][0m test_setResourceConfig_badPrecision_reverts() (gas: 113520)
[32m[PASS][0m test_setResourceConfig_lowGasLimit_reverts() (gas: 116984)
[32m[PASS][0m test_setResourceConfig_zeroDenominator_reverts() (gas: 112933)
Suite result: [32mok[0m. [32m4[0m passed; [31m0[0m failed; [33m0[0m skipped; finished in 546.05ms (4.93ms CPU time)

Ran 2 tests for test/L1/SystemConfig.t.sol:SystemConfig_Initialize_Test
[32m[PASS][0m test_constructor_succeeds() (gas: 65195)
[32m[PASS][0m test_initialize_succeeds() (gas: 111087)
Suite result: [32mok[0m. [32m2[0m passed; [31m0[0m failed; [33m0[0m skipped; finished in 431.77ms (1.96ms CPU time)

Ran 5 tests for test/L1/SystemConfig.t.sol:SystemConfig_Initialize_TestFail
[32m[PASS][0m test_constructor_succeeds() (gas: 65184)
[32m[PASS][0m test_initialize_lowGasLimit_reverts() (gas: 56225)
[32m[PASS][0m test_initialize_succeeds() (gas: 111010)
[32m[PASS][0m test_startBlock_update_fails() (gas: 83767)
[32m[PASS][0m test_startBlock_update_succeeds() (gas: 83876)
Suite result: [32mok[0m. [32m5[0m passed; [31m0[0m failed; [33m0[0m skipped; finished in 429.01ms (2.88ms CPU time)

Ran 4 tests for test/dispute/DisputeGameFactory.t.sol:DisputeGameFactory_FindLatestGames_Test
[32m[PASS][0m testFuzz_findLatestGames_correctAmount_succeeds(uint256,uint256,uint256) (runs: 68, Î¼: 17597216, ~: 19921804)
[32m[PASS][0m testFuzz_findLatestGames_greaterThanLength_succeeds(uint256) (runs: 68, Î¼: 4093481, ~: 4093439)
[32m[PASS][0m test_findLatestGames_lessThanNAvailable_succeeds() (gas: 1330593)
[32m[PASS][0m test_findLatestGames_static_succeeds() (gas: 4118395)
Suite result: [32mok[0m. [32m4[0m passed; [31m0[0m failed; [33m0[0m skipped; finished in 2.02s (1.56s CPU time)

Ran 1 test for test/dispute/DisputeGameFactory.t.sol:DisputeGameFactory_GetGameUUID_Test
[32m[PASS][0m testDiff_getGameUUID_succeeds(uint32,bytes32,bytes) (runs: 68, Î¼: 18810, ~: 18990)
Suite result: [32mok[0m. [32m1[0m passed; [31m0[0m failed; [33m0[0m skipped; finished in 579.90ms (138.00ms CPU time)

Ran 1 test for test/dispute/DisputeGameFactory.t.sol:DisputeGameFactory_Owner_Test
[32m[PASS][0m test_owner_succeeds() (gas: 15489)
Suite result: [32mok[0m. [32m1[0m passed; [31m0[0m failed; [33m0[0m skipped; finished in 460.40ms (260.74Âµs CPU time)

Ran 1 test for test/invariants/CrossDomainMessenger.t.sol:XDM_MinGasLimits_Succeeds
[31m[FAIL. Reason: assertion failed]
	[Sequence]
		sender=0x0000000000000000000000000000000000068adC addr=[test/invariants/CrossDomainMessenger.t.sol:RelayActor]0xF6A82e0FdF308C12E0750319034b916B29581651 calldata=relay(uint8,uint8,bytes) args=[40, 1, 0x000000000000000000000000000000000000000000000000000000004f6ccce6]
[0m invariant_minGasLimits() (runs: 64, calls: 947, reverts: 471)
Suite result: [31mFAILED[0m. [32m0[0m passed; [31m1[0m failed; [33m0[0m skipped; finished in 2.90s (2.31s CPU time)

Ran 2 tests for test/dispute/DisputeGameFactory.t.sol:DisputeGameFactory_SetImplementation_Test
[32m[PASS][0m test_setImplementation_notOwner_reverts() (gas: 16055)
[32m[PASS][0m test_setImplementation_succeeds() (gas: 25847)
Suite result: [32mok[0m. [32m2[0m passed; [31m0[0m failed; [33m0[0m skipped; finished in 460.44ms (514.03Âµs CPU time)

Ran 1 test for test/L2/CrossDomainOwnable.t.sol:CrossDomainOwnableThroughPortal_Test
[32m[PASS][0m test_depositTransaction_crossDomainOwner_succeeds() (gas: 82885)
Suite result: [32mok[0m. [32m1[0m passed; [31m0[0m failed; [33m0[0m skipped; finished in 448.20ms (471.40Âµs CPU time)

Ran 2 tests for test/dispute/DisputeGameFactory.t.sol:DisputeGameFactory_SetInitBond_Test
[32m[PASS][0m test_setInitBond_notOwner_reverts() (gas: 15987)
[32m[PASS][0m test_setInitBond_succeeds() (gas: 44547)
Suite result: [32mok[0m. [32m2[0m passed; [31m0[0m failed; [33m0[0m skipped; finished in 428.43ms (503.35Âµs CPU time)

Ran 2 tests for test/L2/CrossDomainOwnable.t.sol:CrossDomainOwnable_Test
[32m[PASS][0m test_onlyOwner_notOwner_reverts() (gas: 10605)
[32m[PASS][0m test_onlyOwner_succeeds() (gas: 35746)
Suite result: [32mok[0m. [32m2[0m passed; [31m0[0m failed; [33m0[0m skipped; finished in 657.82Âµs (253.14Âµs CPU time)

Ran 4 tests for test/L2/CrossDomainOwnable2.t.sol:CrossDomainOwnable2_Test
[32m[PASS][0m test_onlyOwner_notMessenger_reverts() (gas: 8461)
[32m[PASS][0m test_onlyOwner_notOwner2_reverts() (gas: 65462)
[32m[PASS][0m test_onlyOwner_notOwner_reverts() (gas: 21592)
[32m[PASS][0m test_onlyOwner_succeeds() (gas: 81695)
Suite result: [32mok[0m. [32m4[0m passed; [31m0[0m failed; [33m0[0m skipped; finished in 429.03ms (1.29ms CPU time)

Ran 2 tests for test/dispute/DisputeGameFactory.t.sol:DisputeGameFactory_TransferOwnership_Test
[32m[PASS][0m test_transferOwnership_notOwner_reverts() (gas: 15984)
[32m[PASS][0m test_transferOwnership_succeeds() (gas: 21624)
Suite result: [32mok[0m. [32m2[0m passed; [31m0[0m failed; [33m0[0m skipped; finished in 463.59ms (633.57Âµs CPU time)

Ran 21 tests for test/periphery/drippie/Drippie.t.sol:Drippie_Test
[32m[PASS][0m testFuzz_owner_unauthorized_reverts(address) (runs: 68, Î¼: 16799, ~: 16799)
[32m[PASS][0m test_create_calledTwice_reverts() (gas: 168929)
[32m[PASS][0m test_create_succeeds() (gas: 187443)
[32m[PASS][0m test_drip_amount_succeeds() (gas: 285885)
[32m[PASS][0m test_drip_notExist_reverts() (gas: 14873)
[32m[PASS][0m test_drip_reentrant_reverts() (gas: 18929)
[32m[PASS][0m test_name_notExist_reverts() (gas: 16336)
[32m[PASS][0m test_notReentrant_zeroInterval_reverts() (gas: 18943)
[32m[PASS][0m test_not_active_reverts() (gas: 171504)
[32m[PASS][0m test_reentrant_succeeds() (gas: 180853)
[32m[PASS][0m test_set_statusNone_reverts() (gas: 168760)
[32m[PASS][0m test_set_statusSame_reverts() (gas: 169257)
[32m[PASS][0m test_set_status_succeeds() (gas: 199772)
[32m[PASS][0m test_shouldArchive_ifPaused_succeeds() (gas: 177757)
[32m[PASS][0m test_shouldNotAllowActive_ifArchived_reverts() (gas: 174711)
[32m[PASS][0m test_shouldNotAllowPaused_ifArchived_reverts() (gas: 174734)
[32m[PASS][0m test_shouldNotArchive_ifActive_reverts() (gas: 175746)
[32m[PASS][0m test_status_unauthorized_reverts() (gas: 167464)
[32m[PASS][0m test_trigger_oneFunction_succeeds() (gas: 338556)
[32m[PASS][0m test_trigger_twoFunctions_succeeds() (gas: 492676)
[32m[PASS][0m test_twice_inOneInterval_reverts() (gas: 303766)
Suite result: [32mok[0m. [32m21[0m passed; [31m0[0m failed; [33m0[0m skipped; finished in 16.89ms (15.59ms CPU time)

Ran 2 tests for test/invariants/Encoding.t.sol:Encoding_Invariant
[32m[PASS][0m invariant_round_trip_encoding_AToB() (runs: 64, calls: 960, reverts: 0)
[32m[PASS][0m invariant_round_trip_encoding_BToA() (runs: 64, calls: 960, reverts: 0)
Suite result: [32mok[0m. [32m2[0m passed; [31m0[0m failed; [33m0[0m skipped; finished in 425.90ms (422.83ms CPU time)

Ran 12 tests for test/L2/CrossDomainOwnable3.t.sol:CrossDomainOwnable3_Test
[32m[PASS][0m test_constructor_succeeds() (gas: 13799)
[32m[PASS][0m test_crossDomainOnlyOwner_notMessenger_reverts() (gas: 28340)
[32m[PASS][0m test_crossDomainOnlyOwner_notOwner2_reverts() (gas: 82217)
[32m[PASS][0m test_crossDomainOnlyOwner_notOwner_reverts() (gas: 37033)
[32m[PASS][0m test_crossDomainTransferOwnership_succeeds() (gas: 100015)
[32m[PASS][0m test_localOnlyOwner_notOwner_reverts() (gas: 13237)
[32m[PASS][0m test_localOnlyOwner_succeeds() (gas: 35946)
[32m[PASS][0m test_localTransferOwnership_succeeds() (gas: 52788)
[32m[PASS][0m test_transferOwnershipNoLocal_succeeds() (gas: 49336)
[32m[PASS][0m test_transferOwnership_noLocalZeroAddress_reverts() (gas: 12044)
[32m[PASS][0m test_transferOwnership_notOwner_reverts() (gas: 13459)
[32m[PASS][0m test_transferOwnership_zeroAddress_reverts() (gas: 12110)
Suite result: [32mok[0m. [32m12[0m passed; [31m0[0m failed; [33m0[0m skipped; finished in 522.12ms (3.99ms CPU time)

Ran 15 tests for test/L2/CrossL2Inbox.t.sol:CrossL2InboxTest
[32m[PASS][0m testFuzz_blockNumber_succeeds(uint256) (runs: 68, Î¼: 10529, ~: 10529)
[32m[PASS][0m testFuzz_chainId_succeeds(uint256) (runs: 68, Î¼: 10497, ~: 10497)
[32m[PASS][0m testFuzz_executeMessage_invalidChainId_reverts((address,uint256,uint256,uint256,uint256),address,bytes,uint256) (runs: 68, Î¼: 22068, ~: 22437)
[32m[PASS][0m testFuzz_executeMessage_invalidTimestamp_reverts((address,uint256,uint256,uint256,uint256),address,bytes,uint256) (runs: 67, Î¼: 17086, ~: 17381)
[32m[PASS][0m testFuzz_executeMessage_reentrant_succeeds((address,uint256,uint256,uint256,uint256),(address,uint256,uint256,uint256,uint256),uint256) (runs: 68, Î¼: 63922, ~: 65349)
[32m[PASS][0m testFuzz_executeMessage_succeeds((address,uint256,uint256,uint256,uint256),address,bytes,uint256) (runs: 68, Î¼: 108623, ~: 110555)
[32m[PASS][0m testFuzz_executeMessage_targetCallFailed_reverts((address,uint256,uint256,uint256,uint256),address,bytes,uint256) (runs: 68, Î¼: 88390, ~: 93702)
[32m[PASS][0m testFuzz_logIndex_succeeds(uint256) (runs: 68, Î¼: 10532, ~: 10532)
[32m[PASS][0m testFuzz_origin_succeeds(address) (runs: 68, Î¼: 10761, ~: 10761)
[32m[PASS][0m testFuzz_timestamp_succeeds(uint256) (runs: 68, Î¼: 10485, ~: 10485)
[32m[PASS][0m test_blockNumber_notEntered_reverts() (gas: 8375)
[32m[PASS][0m test_chainId_notEntered_reverts() (gas: 8398)
[32m[PASS][0m test_logIndex_notEntered_reverts() (gas: 8464)
[32m[PASS][0m test_origin_notEntered_reverts() (gas: 8503)
[32m[PASS][0m test_timestamp_notEntered_reverts() (gas: 8375)
Suite result: [32mok[0m. [32m15[0m passed; [31m0[0m failed; [33m0[0m skipped; finished in 163.71ms (162.82ms CPU time)

Ran 1 test for test/Safe/LivenessGuard.t.sol:LivenessGuard_FuzzOwnerManagement_Test
[32m[PASS][0m testFuzz_OwnerManagement_works(uint256,uint256,(uint8,uint8,uint256,uint256)[]) (runs: 64, Î¼: 12665401, ~: 9293583)
Suite result: [32mok[0m. [32m1[0m passed; [31m0[0m failed; [33m0[0m skipped; finished in 19.16s (19.13s CPU time)

Ran 1 test for test/Safe/LivenessGuard.t.sol:LivenessGuard_Getters_Test
[32m[PASS][0m test_getters_works() (gas: 13804)
Suite result: [32mok[0m. [32m1[0m passed; [31m0[0m failed; [33m0[0m skipped; finished in 24.29ms (147.82Âµs CPU time)

Ran 3 tests for test/Safe/LivenessGuard.t.sol:LivenessGuard_OwnerManagement_Test
[32m[PASS][0m test_addOwner_succeeds() (gas: 806370)
[32m[PASS][0m test_removeOwner_succeeds() (gas: 780717)
[32m[PASS][0m test_swapOwner_succeeds() (gas: 820304)
Suite result: [32mok[0m. [32m3[0m passed; [31m0[0m failed; [33m0[0m skipped; finished in 90.46ms (63.50ms CPU time)

Ran 1 test for test/Safe/LivenessGuard.t.sol:LivenessGuard_ShowLiveness_Test
[32m[PASS][0m test_showLiveness_succeeds() (gas: 29165)
Suite result: [32mok[0m. [32m1[0m passed; [31m0[0m failed; [33m0[0m skipped; finished in 25.00ms (189.75Âµs CPU time)

Ran 24 tests for test/L1/DataAvailabilityChallenge.t.sol:DataAvailabilityChallengeTest
[32m[PASS][0m testChallengeDeposit(address,uint256,bytes) (runs: 67, Î¼: 124139, ~: 124134)
[32m[PASS][0m testChallengeFailAfterChallengeWindow() (gas: 64736)
[32m[PASS][0m testChallengeFailBeforeChallengeWindow() (gas: 61221)
[32m[PASS][0m testChallengeFailBondTooLow() (gas: 52531)
[32m[PASS][0m testChallengeFailChallengeExists() (gas: 322568)
[32m[PASS][0m testChallengeSuccess(address,uint256,bytes) (runs: 67, Î¼: 127459, ~: 127453)
[32m[PASS][0m testDeposit() (gas: 47058)
[32m[PASS][0m testReceive() (gas: 47079)
[32m[PASS][0m testResolveFailAfterResolveWindow() (gas: 115192)
[32m[PASS][0m testResolveFailExpired() (gas: 115147)
[32m[PASS][0m testResolveFailNonExistentChallenge() (gas: 24811)
[32m[PASS][0m testResolveFailResolved() (gas: 145906)
[32m[PASS][0m testResolveSuccess(address,address,bytes,uint256,uint256,uint128) (runs: 68, Î¼: 177180, ~: 178382)
[32m[PASS][0m testSetBondSize() (gas: 121211)
[32m[PASS][0m testSetBondSizeFailOnlyOwner(address,uint256) (runs: 68, Î¼: 17869, ~: 17869)
[32m[PASS][0m testSetResolverRefundPercentage(uint256) (runs: 68, Î¼: 27396, ~: 27716)
[32m[PASS][0m testSetResolverRefundPercentageFail() (gas: 17766)
[32m[PASS][0m testUnlockBondExpiredChallengeTwice() (gas: 127739)
[32m[PASS][0m testUnlockBondFailNonExistentChallenge() (gas: 23959)
[32m[PASS][0m testUnlockBondFailResolvedChallenge() (gas: 145054)
[32m[PASS][0m testUnlockBondSuccess(bytes,uint256) (runs: 68, Î¼: 140432, ~: 140427)
[32m[PASS][0m testUnlockFailResolveWindowNotClosed() (gas: 114316)
[32m[PASS][0m testValidateCommitment() (gas: 20476)
[32m[PASS][0m testWithdraw(address,uint256) (runs: 68, Î¼: 100160, ~: 101855)
Suite result: [32mok[0m. [32m24[0m passed; [31m0[0m failed; [33m0[0m skipped; finished in 1.62s (1.11s CPU time)

Ran 1 test for test/L1/DelayedVetoable.t.sol:DelayedVetoable_Getters_Test
[32m[PASS][0m test_getters() (gas: 26102)
Suite result: [32mok[0m. [32m1[0m passed; [31m0[0m failed; [33m0[0m skipped; finished in 1.20ms (178.80Âµs CPU time)

Ran 1 test for test/L1/DelayedVetoable.t.sol:DelayedVetoable_Getters_TestFail
[32m[PASS][0m test_getters_notZeroAddress_reverts() (gas: 36176)
Suite result: [32mok[0m. [32m1[0m passed; [31m0[0m failed; [33m0[0m skipped; finished in 1.52ms (209.13Âµs CPU time)

Ran 3 tests for test/L1/DelayedVetoable.t.sol:DelayedVetoable_HandleCall_Test
[32m[PASS][0m testFuzz_handleCall_forwardingWithDelay_succeeds(bytes) (runs: 68, Î¼: 40049, ~: 39776)
[32m[PASS][0m testFuzz_handleCall_initialForwardingImmediately_succeeds(bytes,bytes) (runs: 68, Î¼: 25054, ~: 24731)
[32m[PASS][0m testFuzz_handleCall_initiation_succeeds(bytes) (runs: 68, Î¼: 41368, ~: 41059)
Suite result: [32mok[0m. [32m3[0m passed; [31m0[0m failed; [33m0[0m skipped; finished in 43.29ms (42.18ms CPU time)

Ran 6 tests for test/L1/DelayedVetoable.t.sol:DelayedVetoable_HandleCall_TestFail
[32m[PASS][0m testFuzz_handleCall_forwardingTargetRetValue_succeeds(bytes,bytes) (runs: 68, Î¼: 37234, ~: 37071)
[32m[PASS][0m testFuzz_handleCall_forwardingTargetReverts_reverts(bytes,bytes) (runs: 68, Î¼: 40693, ~: 40629)
[32m[PASS][0m testFuzz_handleCall_forwardingTooSoon_reverts(bytes) (runs: 68, Î¼: 42389, ~: 42196)
[32m[PASS][0m testFuzz_handleCall_forwardingTwice_reverts(bytes) (runs: 68, Î¼: 42033, ~: 41676)
[32m[PASS][0m testFuzz_handleCall_queuedAtClash_reverts() (gas: 11183)
[32m[PASS][0m test_handleCall_unauthorizedInitiation_reverts() (gas: 15468)
Suite result: [32mok[0m. [32m6[0m passed; [31m0[0m failed; [33m0[0m skipped; finished in 61.89ms (60.70ms CPU time)

Ran 5 tests for test/libraries/Storage.t.sol:Storage_Roundtrip_Test
[32m[PASS][0m testFuzz_setGetBytes32Multi_succeeds((bytes32,bytes32)[]) (runs: 68, Î¼: 11631153, ~: 13088217)
[32m[PASS][0m test_setGetAddress_succeeds(bytes32,address) (runs: 68, Î¼: 32573, ~: 32573)
[32m[PASS][0m test_setGetBool_succeeds(bytes32,bool) (runs: 68, Î¼: 22926, ~: 32584)
[32m[PASS][0m test_setGetBytes32_succeeds(bytes32,bytes32) (runs: 68, Î¼: 32324, ~: 32324)
[32m[PASS][0m test_setGetUint_succeeds(bytes32,uint256) (runs: 68, Î¼: 32062, ~: 32355)
Suite result: [32mok[0m. [32m5[0m passed; [31m0[0m failed; [33m0[0m skipped; finished in 469.76ms (469.23ms CPU time)

Ran 2 tests for test/L1/SuperchainConfig.t.sol:SuperchainConfig_Init_Test
[32m[PASS][0m test_initialize_paused_succeeds() (gas: 1131024)
[32m[PASS][0m test_initialize_unpaused_succeeds() (gas: 28220)
Suite result: [32mok[0m. [32m2[0m passed; [31m0[0m failed; [33m0[0m skipped; finished in 390.91ms (3.17ms CPU time)

Ran 2 tests for test/dispute/DelayedWETH.t.sol:DelayedWETH_Hold_Test
[32m[PASS][0m test_hold_byNonOwner_fails() (gas: 20221)
[32m[PASS][0m test_hold_succeeds() (gas: 81534)
Suite result: [32mok[0m. [32m2[0m passed; [31m0[0m failed; [33m0[0m skipped; finished in 460.46ms (639.03Âµs CPU time)

Ran 1 test for test/L1/SuperchainConfig.t.sol:SuperchainConfig_Pause_Test
[32m[PASS][0m test_pause_succeeds() (gas: 46811)
Suite result: [32mok[0m. [32m1[0m passed; [31m0[0m failed; [33m0[0m skipped; finished in 392.19ms (243.61Âµs CPU time)

Ran 1 test for test/dispute/DelayedWETH.t.sol:DelayedWETH_Initialize_Test
[32m[PASS][0m test_initialize_succeeds() (gas: 21372)
Suite result: [32mok[0m. [32m1[0m passed; [31m0[0m failed; [33m0[0m skipped; finished in 474.85ms (303.29Âµs CPU time)

Ran 6 tests for test/libraries/StaticConfig.t.sol:StaticConfig_Test
[32m[PASS][0m testDiff_encodeAddDependency_succeeds(uint256) (runs: 68, Î¼: 14065, ~: 13975)
[32m[PASS][0m testDiff_encodeRemoveDependency_succeeds(uint256) (runs: 68, Î¼: 14075, ~: 13997)
[32m[PASS][0m testDiff_encodeSetGasPayingToken_succeeds(address,uint8,bytes32,bytes32) (runs: 68, Î¼: 20602, ~: 20602)
[32m[PASS][0m test_decodeAddDependency_succeeds(uint256) (runs: 68, Î¼: 13485, ~: 13416)
[32m[PASS][0m test_decodeRemoveDependency_succeeds(uint256) (runs: 68, Î¼: 13461, ~: 13392)
[32m[PASS][0m test_decodeSetGasPayingToken_succeeds(address,uint8,bytes32,bytes32) (runs: 68, Î¼: 21132, ~: 21132)
Suite result: [32mok[0m. [32m6[0m passed; [31m0[0m failed; [33m0[0m skipped; finished in 21.92s (21.92s CPU time)

Ran 1 test for test/L1/SuperchainConfig.t.sol:SuperchainConfig_Pause_TestFail
[32m[PASS][0m test_pause_notGuardian_reverts() (gas: 25882)
Suite result: [32mok[0m. [32m1[0m passed; [31m0[0m failed; [33m0[0m skipped; finished in 412.41ms (336.92Âµs CPU time)

Ran 3 tests for test/dispute/DelayedWETH.t.sol:DelayedWETH_Recover_Test
[32m[PASS][0m test_recover_byNonOwner_fails() (gas: 17960)
[32m[PASS][0m test_recover_moreThanBalance_succeeds() (gas: 34909)
[32m[PASS][0m test_recover_succeeds() (gas: 34932)
Suite result: [32mok[0m. [32m3[0m passed; [31m0[0m failed; [33m0[0m skipped; finished in 446.17ms (786.79Âµs CPU time)

Ran 8 tests for test/L1/SystemConfig.t.sol:SystemConfig_Setters_TestFail
[32m[PASS][0m test_setBatcherHash_notOwner_reverts() (gas: 15608)
[32m[PASS][0m test_setGasConfigEcotone_notOwner_reverts() (gas: 15746)
[32m[PASS][0m test_setGasConfig_badValues_reverts() (gas: 17507)
[32m[PASS][0m test_setGasConfig_notOwner_reverts() (gas: 15622)
[32m[PASS][0m test_setGasLimit_highGasLimit_reverts() (gas: 21172)
[32m[PASS][0m test_setGasLimit_lowGasLimit_reverts() (gas: 21410)
[32m[PASS][0m test_setGasLimit_notOwner_reverts() (gas: 15698)
[32m[PASS][0m test_setUnsafeBlockSigner_notOwner_reverts() (gas: 15613)
Suite result: [32mok[0m. [32m8[0m passed; [31m0[0m failed; [33m0[0m skipped; finished in 468.55ms (2.07ms CPU time)

Ran 2 tests for test/dispute/DelayedWETH.t.sol:DelayedWETH_Unlock_Test
[32m[PASS][0m test_unlock_once_succeeds() (gas: 62388)
[32m[PASS][0m test_unlock_twice_succeeds() (gas: 67705)
Suite result: [32mok[0m. [32m2[0m passed; [31m0[0m failed; [33m0[0m skipped; finished in 447.47ms (538.11Âµs CPU time)

Ran 5 tests for test/dispute/DelayedWETH.t.sol:DelayedWETH_Withdraw_Test
[32m[PASS][0m test_withdraw_tooMuch_fails() (gas: 109657)
[32m[PASS][0m test_withdraw_whenPaused_fails() (gas: 150733)
[32m[PASS][0m test_withdraw_whileLockedNotLongEnough_fails() (gas: 109962)
[32m[PASS][0m test_withdraw_whileLocked_fails() (gas: 65763)
[32m[PASS][0m test_withdraw_whileUnlocked_succeeds() (gas: 92331)
Suite result: [32mok[0m. [32m5[0m passed; [31m0[0m failed; [33m0[0m skipped; finished in 455.84ms (2.60ms CPU time)

Ran 3 tests for test/Safe/DeployOwnership.t.sol:DeployOwnershipTest
[32m[PASS][0m test_exampleFoundationSafes() (gas: 134826)
[32m[PASS][0m test_exampleGuardianSafe() (gas: 69279)
[32m[PASS][0m test_exampleSecurityCouncilSafe() (gas: 192592)
Suite result: [32mok[0m. [32m3[0m passed; [31m0[0m failed; [33m0[0m skipped; finished in 79.10ms (5.14ms CPU time)

Ran 2 tests for test/legacy/DeployerWhitelist.t.sol:DeployerWhitelist_Test
[32m[PASS][0m test_owner_succeeds() (gas: 10493)
[32m[PASS][0m test_storageSlots_succeeds() (gas: 33833)
Suite result: [32mok[0m. [32m2[0m passed; [31m0[0m failed; [33m0[0m skipped; finished in 710.57Âµs (247.55Âµs CPU time)

Ran 20 tests for test/kontrol/deployment/DeploymentSummary.t.sol:DeploymentSummary_TestL1CrossDomainMessenger
[32m[PASS][0m test_constructor_succeeds() (gas: 17167)
[32m[PASS][0m test_initialize_succeeds() (gas: 48303)
[32m[PASS][0m test_messageVersion_succeeds() (gas: 27613)
[32m[PASS][0m test_pause_callsSuperchainConfig_succeeds() (gas: 36917)
[32m[PASS][0m test_pause_matchesSuperchainConfig_succeeds() (gas: 82370)
[32m[PASS][0m test_relayMessage_legacyOldReplay_reverts() (gas: 62503)
[32m[PASS][0m test_relayMessage_legacyRetryAfterFailureThenSuccess_reverts() (gas: 212393)
[32m[PASS][0m test_relayMessage_legacyRetryAfterFailure_succeeds() (gas: 204784)
[32m[PASS][0m test_relayMessage_legacyRetryAfterSuccess_reverts() (gas: 105433)
[32m[PASS][0m test_relayMessage_legacy_succeeds() (gas: 94991)
[31m[FAIL. Reason: Error != expected error: CrossDomainMessenger: paused != L1 CrossDomainMessenger: paused][0m test_relayMessage_paused_reverts() (gas: 64900)
[32m[PASS][0m test_relayMessage_retryAfterFailure_succeeds() (gas: 198744)
[32m[PASS][0m test_relayMessage_succeeds() (gas: 91704)
[32m[PASS][0m test_relayMessage_toSystemContract_reverts() (gas: 87720)
[32m[PASS][0m test_relayMessage_v2_reverts() (gas: 188)
[31m[FAIL. Reason: Error != expected error: CrossDomainMessenger: value must be zero unless message is from a system address != CrossDomainMessenger: value must be zero][0m test_replayMessage_withValue_reverts() (gas: 45513)
[31m[FAIL. Reason: expected call to 0x978e3286EB805934215a88694d80b09aDed68D90 with data 0xb9e5595800000000000000000000000042000000000000000000000000000000000000070000000000000000000000000000000000000000000000000000000000000000000000000000000000000000000000000000000000000000000000000000000000000000000000000000000000000000000000000000000000000000000459bd000000000000000000000000000000000000000000000000000000000000000000000000000000000000000000000000000000000000000000000000000000c00000000000000000000000000000000000000000000000000000000000000104d764ad0b0001000000000000000000000000000000000000000000000000000000000000000000000000000000000000328809bc894f92807417d2dad6b7c998c1afdac600000000000000000000000000000000000000000000000000000000abbaacdc0000000000000000000000000000000000000000000000000000000000000000000000000000000000000000000000000000000000000000000000000000006400000000000000000000000000000000000000000000000000000000000000c00000000000000000000000000000000000000000000000000000000000000001ff0000000000000000000000000000000000000000000000000000000000000000000000000000000000000000000000000000000000000000000000 to be called 1 time, but was called 0 times][0m test_sendMessage_succeeds() (gas: 408137)
[32m[PASS][0m test_sendMessage_twice_succeeds() (gas: 1688699)
[32m[PASS][0m test_xDomainMessageSender_reset_succeeds() (gas: 100201)
[32m[PASS][0m test_xDomainSender_notSet_reverts() (gas: 24315)
Suite result: [31mFAILED[0m. [32m17[0m passed; [31m3[0m failed; [33m0[0m skipped; finished in 47.63ms (31.33ms CPU time)

Ran 16 tests for test/kontrol/deployment/DeploymentSummary.t.sol:DeploymentSummary_TestL1ERC721Bridge
[32m[PASS][0m test_bridgeERC721To_localTokenZeroAddress_reverts() (gas: 61153)
[32m[PASS][0m test_bridgeERC721To_remoteTokenZeroAddress_reverts() (gas: 37973)
[32m[PASS][0m test_bridgeERC721To_succeeds() (gas: 472768)
[32m[PASS][0m test_bridgeERC721To_wrongOwner_reverts() (gas: 71597)
[32m[PASS][0m test_bridgeERC721_fromContract_reverts() (gas: 36369)
[32m[PASS][0m test_bridgeERC721_localTokenZeroAddress_reverts() (gas: 59027)
[32m[PASS][0m test_bridgeERC721_remoteTokenZeroAddress_reverts() (gas: 35827)
[32m[PASS][0m test_bridgeERC721_succeeds() (gas: 472531)
[32m[PASS][0m test_bridgeERC721_wrongOwner_reverts() (gas: 71446)
[32m[PASS][0m test_constructor_succeeds() (gas: 16954)
[32m[PASS][0m test_finalizeBridgeERC721_notEscrowed_reverts() (gas: 43955)
[32m[PASS][0m test_finalizeBridgeERC721_notFromRemoteMessenger_reverts() (gas: 29208)
[32m[PASS][0m test_finalizeBridgeERC721_notViaLocalMessenger_reverts() (gas: 23227)
[32m[PASS][0m test_finalizeBridgeERC721_selfToken_reverts() (gas: 39451)
[32m[PASS][0m test_finalizeBridgeERC721_succeeds() (gas: 455225)
[32m[PASS][0m test_initialize_succeeds() (gas: 30716)
Suite result: [32mok[0m. [32m16[0m passed; [31m0[0m failed; [33m0[0m skipped; finished in 22.01ms (11.20ms CPU time)

Ran 6 tests for test/kontrol/deployment/DeploymentSummary.t.sol:DeploymentSummary_TestL1StandardBridge
[32m[PASS][0m test_constructor_succeeds() (gas: 19547)
[32m[PASS][0m test_getters_succeeds() (gas: 48363)
[32m[PASS][0m test_initialize_succeeds() (gas: 53317)
[32m[PASS][0m test_pause_callsSuperchainConfig_succeeds() (gas: 35993)
[32m[PASS][0m test_pause_matchesSuperchainConfig_succeeds() (gas: 78774)
[32m[PASS][0m test_paused_succeeds() (gas: 36902)
Suite result: [32mok[0m. [32m6[0m passed; [31m0[0m failed; [33m0[0m skipped; finished in 12.01ms (2.10ms CPU time)

Ran 5 tests for test/L1/SystemConfigInterop.t.sol:SystemConfigInterop_Test
[32m[PASS][0m testFuzz_addDependency_notOwner_reverts(uint256) (runs: 68, Î¼: 15693, ~: 15693)
[32m[PASS][0m testFuzz_addDependency_succeeds(uint256) (runs: 68, Î¼: 45707, ~: 45707)
[32m[PASS][0m testFuzz_removeDependency_notOwner_reverts(uint256) (runs: 68, Î¼: 15769, ~: 15769)
[32m[PASS][0m testFuzz_removeDependency_succeeds(uint256) (runs: 68, Î¼: 45741, ~: 45741)
[31m[FAIL. Reason: expected call to 0x3D7Ebc40AF7092E3F1C81F2e996cbA5Cae2090d7 with data 0xc00121630000000000000000000000000000000000000000000000000000000000000000000000000000000000000000000000000000000000000000000000000000004000000000000000000000000000000000000000000000000000000000000000800000000000000000000000000000000000000000000000000000000000000001000000000000000000000000000000000000000000000000000000000000001200000000000000000000000000000000000000000000000000000000000000000000000000000000000000000000000000000000000000000000000000000000 to be called 1 time, but was called 0 times; counterexample: calldata=0xc7793d0400000000000000000000000000000000000000000000000000000000000000010000000000000000000000000000000000000000000000000000000000000060000000000000000000000000000000000000000000000000000000000000008000000000000000000000000000000000000000000000000000000000000000000000000000000000000000000000000000000000000000000000000000000000 args=[0x0000000000000000000000000000000000000001, "", ""]][0m testFuzz_setGasPayingToken_succeeds(address,string,string) (runs: 0, Î¼: 0, ~: 0)
Suite result: [31mFAILED[0m. [32m4[0m passed; [31m1[0m failed; [33m0[0m skipped; finished in 1.28s (820.30ms CPU time)

Ran 5 tests for test/periphery/Transactor.t.sol:TransactorTest
[32m[PASS][0m test_call_succeeds() (gas: 26733)
[32m[PASS][0m test_call_unauthorized_reverts() (gas: 18107)
[32m[PASS][0m test_constructor_succeeds() (gas: 12515)
[32m[PASS][0m test_delegateCall_succeeds() (gas: 20910)
[32m[PASS][0m test_delegateCall_unauthorized_reverts() (gas: 18092)
Suite result: [32mok[0m. [32m5[0m passed; [31m0[0m failed; [33m0[0m skipped; finished in 1.37ms (729.12Âµs CPU time)

Ran 2 tests for test/periphery/TransferOnion.t.sol:TransferOnionTest
[32m[PASS][0m test_constructor_succeeds() (gas: 551621)
[32m[PASS][0m test_unwrap_succeeds() (gas: 753798)
Suite result: [32mok[0m. [32m2[0m passed; [31m0[0m failed; [33m0[0m skipped; finished in 2.38ms (1.47ms CPU time)

Ran 8 tests for test/libraries/TransientContext.t.sol:TransientContextTest
[32m[PASS][0m testFuzz_callDepth_succeeds(uint256) (runs: 68, Î¼: 5505, ~: 5505)
[32m[PASS][0m testFuzz_decrement_succeeds(uint256) (runs: 68, Î¼: 6660, ~: 6660)
[32m[PASS][0m testFuzz_get_succeeds(bytes32,uint256) (runs: 68, Î¼: 4520, ~: 4520)
[32m[PASS][0m testFuzz_increment_succeeds(uint256) (runs: 67, Î¼: 6637, ~: 6637)
[32m[PASS][0m testFuzz_setGet_succeeds(bytes32,uint256) (runs: 68, Î¼: 4570, ~: 4570)
[32m[PASS][0m testFuzz_setGet_twice_differentDepth_succeeds(bytes32,uint256,uint256) (runs: 68, Î¼: 8990, ~: 8990)
[32m[PASS][0m testFuzz_setGet_twice_sameDepth_succeeds(bytes32,uint256,uint256) (runs: 68, Î¼: 7303, ~: 7303)
[32m[PASS][0m testFuzz_set_succeeds(bytes32,uint256) (runs: 68, Î¼: 3908, ~: 3908)
Suite result: [32mok[0m. [32m8[0m passed; [31m0[0m failed; [33m0[0m skipped; finished in 66.96ms (66.60ms CPU time)

Ran 10 tests for test/libraries/TransientContext.t.sol:TransientReentrancyAwareTest
[32m[PASS][0m testFuzz_callDepth_succeeds(uint256) (runs: 68, Î¼: 5527, ~: 5527)
[32m[PASS][0m testFuzz_decrement_succeeds(uint256) (runs: 68, Î¼: 6617, ~: 6617)
[32m[PASS][0m testFuzz_get_succeeds(bytes32,uint256) (runs: 68, Î¼: 4564, ~: 4564)
[32m[PASS][0m testFuzz_increment_succeeds(uint256) (runs: 67, Î¼: 6637, ~: 6637)
[32m[PASS][0m testFuzz_reentrantAware_multiDepth_succeeds(uint256,bytes32,uint256,uint256) (runs: 67, Î¼: 11186, ~: 11186)
[32m[PASS][0m testFuzz_reentrantAware_succeeds(uint256,bytes32,uint256) (runs: 67, Î¼: 8805, ~: 8805)
[32m[PASS][0m testFuzz_setGet_succeeds(bytes32,uint256) (runs: 68, Î¼: 4592, ~: 4592)
[32m[PASS][0m testFuzz_setGet_twice_differentDepth_succeeds(bytes32,uint256,uint256) (runs: 68, Î¼: 9013, ~: 9013)
[32m[PASS][0m testFuzz_setGet_twice_sameDepth_succeeds(bytes32,uint256,uint256) (runs: 68, Î¼: 7326, ~: 7326)
[32m[PASS][0m testFuzz_set_succeeds(bytes32,uint256) (runs: 68, Î¼: 3886, ~: 3886)
Suite result: [32mok[0m. [32m10[0m passed; [31m0[0m failed; [33m0[0m skipped; finished in 81.44ms (81.02ms CPU time)

Ran 5 tests for test/L1/SystemConfig.t.sol:SystemConfig_Setters_Test
[32m[PASS][0m testFuzz_setBatcherHash_succeeds(bytes32) (runs: 68, Î¼: 29591, ~: 29591)
[32m[PASS][0m testFuzz_setGasConfigEcotone_succeeds(uint32,uint32) (runs: 68, Î¼: 60711, ~: 60711)
[32m[PASS][0m testFuzz_setGasConfig_succeeds(uint256,uint256) (runs: 68, Î¼: 52781, ~: 54234)
[32m[PASS][0m testFuzz_setGasLimit_succeeds(uint64) (runs: 68, Î¼: 39146, ~: 39187)
[32m[PASS][0m testFuzz_setUnsafeBlockSigner_succeeds(address) (runs: 68, Î¼: 29795, ~: 29866)
Suite result: [32mok[0m. [32m5[0m passed; [31m0[0m failed; [33m0[0m skipped; finished in 8.82s (8.34s CPU time)

Ran 17 tests for test/kontrol/deployment/DeploymentSummary.t.sol:DeploymentSummary_TestOptimismPortal
[31m[FAIL. Reason: log != expected log; counterexample: calldata=0xc18644fd00000000000000000000000000000000000000000000000000000000000000000000000000000000000000000000000000000000000000000000000000000000000000000000000000000000000000000000000000000000000000000000000000000000000000000000000000000000000000000000000000000000000019d0000000000000000000000000000000000000000000000000000000000000000100000000000000000000000000000000000000000000000000000000000000c00000000000000000000000000000000000000000000000000000000000000041c76a3e1c91691b8160cbdbe811dcc02205f77a2b3286342b7e6ebea61480d9d7d68ad1a9a9853985e292c0d9e15b214141861809b48e698b5ca7cf447ef79c75a800000000000000000000000000000000000000000000000000000000000000 args=[0x0000000000000000000000000000000000000000, 0, 0, 6608, true, 0xc76a3e1c91691b8160cbdbe811dcc02205f77a2b3286342b7e6ebea61480d9d7d68ad1a9a9853985e292c0d9e15b214141861809b48e698b5ca7cf447ef79c75a8]][0m testFuzz_depositTransaction_contract_succeeds(address,uint64,uint256,uint256,bool,bytes) (runs: 0, Î¼: 0, ~: 0)
[31m[FAIL. Reason: log != expected log; counterexample: calldata=0xb8e2586900000000000000000000000000000000000000000000000000000000000000000000000000000000000000000000000000000000000000000000000000000000000000000000000000000000000000000000000000000000000000000000000000000000000000000000000000000000000000000000000000000000000019d0000000000000000000000000000000000000000000000000000000000000000100000000000000000000000000000000000000000000000000000000000000c00000000000000000000000000000000000000000000000000000000000000041c76a3e1c91691b8160cbdbe811dcc02205f77a2b3286342b7e6ebea61480d9d7d68ad1a9a9853985e292c0d9e15b214141861809b48e698b5ca7cf447ef79c75a800000000000000000000000000000000000000000000000000000000000000 args=[0x0000000000000000000000000000000000000000, 0, 0, 6608, true, 0xc76a3e1c91691b8160cbdbe811dcc02205f77a2b3286342b7e6ebea61480d9d7d68ad1a9a9853985e292c0d9e15b214141861809b48e698b5ca7cf447ef79c75a8]][0m testFuzz_depositTransaction_eoa_succeeds(address,uint64,uint256,uint256,bool,bytes) (runs: 0, Î¼: 0, ~: 0)
[31m[FAIL. Reason: log != expected log; counterexample: calldata=0x74b8bcb60000000000000000000000000000000000000000000000000000000000000000000000000000000000000000000000000000000000000000000000000000000000000000000000000000000000000000000000000000000000000000000000000000000000000000000000000000000000000000000000000000000000000000000000000000000000000000000000000000000000000000000000000000000000000000000000000000000000000000000000000000000000000000000000c0000000000000000000000000000000000000000000000000000000000000000a8b5ca7cf447ef79c75a800000000000000000000000000000000000000000000 args=[0x0000000000000000000000000000000000000000, 0, 0, 0, false, 0x8b5ca7cf447ef79c75a8]][0m testFuzz_depositTransaction_senderIsOrigin_succeeds(address,uint256,uint256,uint64,bool,bytes) (runs: 0, Î¼: 0, ~: 0)
[31m[FAIL. Reason: log != expected log; counterexample: calldata=0xe951f77c0000000000000000000000000000000000000000000000000000000000000000000000000000000000000000000000000000000000000000000000000000000000000000000000000000000000000000000000000000000000000000000000000000000000000000000000000000000000000000000000000000000000000000000000000000000000000000000000000000000000000000000000000000000000000000000000000000000000000000000000000000000000000000000000c0000000000000000000000000000000000000000000000000000000000000000a8b5ca7cf447ef79c75a800000000000000000000000000000000000000000000 args=[0x0000000000000000000000000000000000000000, 0, 0, 0, false, 0x8b5ca7cf447ef79c75a8]][0m testFuzz_depositTransaction_senderNotOrigin_succeeds(address,uint256,uint256,uint64,bool,bytes) (runs: 0, Î¼: 0, ~: 0)
[31m[FAIL. Reason: EvmError: Revert; counterexample: calldata=0xfb534d40000000000000000000000000000000000000000000000000000000000000004000000000000000000000000000000000000000000000000000000000000000000000000000000000000000000000000000000000000000000000000000000000 args=[0x, false]][0m testFuzz_depositTransaction_smallGasLimit_succeeds(bytes,bool) (runs: 0, Î¼: 0, ~: 0)
[32m[PASS][0m test_constructor_succeeds() (gas: 17888)
[31m[FAIL. Reason: call reverted as expected, but without data][0m test_depositTransaction_contractCreation_reverts() (gas: 13410)
[31m[FAIL. Reason: call reverted as expected, but without data][0m test_depositTransaction_largeData_reverts() (gas: 461049)
[31m[FAIL. Reason: call reverted as expected, but without data][0m test_depositTransaction_smallGasLimit_reverts() (gas: 13404)
[32m[PASS][0m test_initialize_succeeds() (gas: 52134)
[32m[PASS][0m test_isOutputFinalized_succeeds() (gas: 188)
[32m[PASS][0m test_minimumGasLimit_succeeds() (gas: 21378)
[32m[PASS][0m test_pause_onlyGuardian_reverts() (gas: 41201)
[32m[PASS][0m test_pause_succeeds() (gas: 62172)
[32m[PASS][0m test_simple_isOutputFinalized_succeeds() (gas: 187)
[32m[PASS][0m test_unpause_onlyGuardian_reverts() (gas: 67718)
[32m[PASS][0m test_unpause_succeeds() (gas: 47009)
Suite result: [31mFAILED[0m. [32m9[0m passed; [31m8[0m failed; [33m0[0m skipped; finished in 489.05ms (478.41ms CPU time)

Ran 5 tests for test/governance/MintManager.t.sol:MintManager_mint_Test
[32m[PASS][0m test_mint_afterPeriodElapsed_succeeds() (gas: 148805)
[32m[PASS][0m test_mint_beforePeriodElapsed_reverts() (gas: 141095)
[32m[PASS][0m test_mint_fromNotOwner_reverts() (gas: 11010)
[32m[PASS][0m test_mint_fromOwner_succeeds() (gas: 137620)
[32m[PASS][0m test_mint_moreThanCap_reverts() (gas: 143185)
Suite result: [32mok[0m. [32m5[0m passed; [31m0[0m failed; [33m0[0m skipped; finished in 508.51ms (2.09ms CPU time)

Ran 1 test for test/Safe/DeputyGuardianModule.t.sol:DeputyGuardianModule_BlacklistDisputeGame_Test
[32m[PASS][0m test_blacklistDisputeGame_succeeds() (gas: 80160)
Suite result: [32mok[0m. [32m1[0m passed; [31m0[0m failed; [33m0[0m skipped; finished in 503.62ms (517.39Âµs CPU time)

Ran 4 tests for test/L2/WETH.t.sol:WETH_Test
[32m[PASS][0m testFuzz_name_succeeds(string) (runs: 68, Î¼: 15723, ~: 15615)
[32m[PASS][0m testFuzz_symbol_succeeds(string) (runs: 68, Î¼: 15811, ~: 16070)
[32m[PASS][0m test_name_ether_succeeds() (gas: 25311)
[32m[PASS][0m test_symbol_ether_succeeds() (gas: 25313)
Suite result: [32mok[0m. [32m4[0m passed; [31m0[0m failed; [33m0[0m skipped; finished in 801.36ms (303.73ms CPU time)

Ran 13 tests for test/dispute/WETH98.t.sol:WETH98_Test
[32m[PASS][0m test_approve_succeeds() (gas: 41131)
[32m[PASS][0m test_deposit_succeeds() (gas: 44299)
[32m[PASS][0m test_fallback_succeeds() (gas: 44417)
[32m[PASS][0m test_getName_succeeds() (gas: 13504)
[32m[PASS][0m test_receive_succeeds() (gas: 44474)
[32m[PASS][0m test_transferFrom_succeeds() (gas: 76872)
[32m[PASS][0m test_transferFrom_tooLittleApproval_fails() (gas: 70558)
[32m[PASS][0m test_transferFrom_tooLittleBalance_fails() (gas: 70546)
[32m[PASS][0m test_transfer_succeeds() (gas: 55444)
[32m[PASS][0m test_transfer_tooLarge_fails() (gas: 44739)
[32m[PASS][0m test_withdraw_partialWithdrawal_succeeds() (gas: 79340)
[32m[PASS][0m test_withdraw_succeeds() (gas: 59473)
[32m[PASS][0m test_withdraw_tooLargeWithdrawal_fails() (gas: 42527)
Suite result: [32mok[0m. [32m13[0m passed; [31m0[0m failed; [33m0[0m skipped; finished in 2.91ms (1.86ms CPU time)

Ran 3 tests for test/governance/MintManager.t.sol:MintManager_upgrade_Test
[32m[PASS][0m test_upgrade_fromNotOwner_reverts() (gas: 10996)
[32m[PASS][0m test_upgrade_fromOwner_succeeds() (gas: 23818)
[32m[PASS][0m test_upgrade_toZeroAddress_reverts() (gas: 11025)
Suite result: [32mok[0m. [32m3[0m passed; [31m0[0m failed; [33m0[0m skipped; finished in 413.54ms (516.15Âµs CPU time)

Ran 2 tests for test/Safe/DeputyGuardianModule.t.sol:DeputyGuardianModule_BlacklistDisputeGame_TestFail
[32m[PASS][0m test_blacklistDisputeGame_notDeputyGuardian_reverts() (gas: 23490)
[32m[PASS][0m test_blacklistDisputeGame_targetReverts_reverts() (gas: 33565)
Suite result: [32mok[0m. [32m2[0m passed; [31m0[0m failed; [33m0[0m skipped; finished in 472.94ms (929.32Âµs CPU time)

Ran 1 test for test/Safe/DeputyGuardianModule.t.sol:DeputyGuardianModule_Getters_Test
[32m[PASS][0m test_getters_works() (gas: 16912)
Suite result: [32mok[0m. [32m1[0m passed; [31m0[0m failed; [33m0[0m skipped; finished in 483.91ms (314.74Âµs CPU time)

Ran 5 tests for test/libraries/Encoding.t.sol:Encoding_Test
[32m[PASS][0m testDiff_decodeVersionedNonce_succeeds(uint240,uint16) (runs: 68, Î¼: 12796, ~: 12811)
[32m[PASS][0m testDiff_encodeCrossDomainMessage_succeeds(uint240,uint8,address,address,uint256,uint256,bytes) (runs: 68, Î¼: 28604, ~: 28527)
[32m[PASS][0m testDiff_encodeDepositTransaction_succeeds(address,address,uint256,uint256,uint64,bool,bytes,uint64) (runs: 68, Î¼: 71605, ~: 71620)
[32m[PASS][0m testFuzz_encodeCrossDomainMessageV0_matchesLegacy_succeeds(uint240,address,address,bytes) (runs: 68, Î¼: 6769, ~: 6602)
[32m[PASS][0m testFuzz_nonceVersioning_succeeds(uint240,uint16) (runs: 68, Î¼: 3834, ~: 3834)
Suite result: [32mok[0m. [32m5[0m passed; [31m0[0m failed; [33m0[0m skipped; finished in 12.83s (12.36s CPU time)

Ran 2 tests for test/ExtendedPause.t.sol:ExtendedPause_Test
[32m[PASS][0m test_pause_fullSystem_succeeds() (gas: 117271)
[32m[PASS][0m test_unpause_fullSystem_succeeds() (gas: 118730)
Suite result: [32mok[0m. [32m2[0m passed; [31m0[0m failed; [33m0[0m skipped; finished in 457.63ms (1.27ms CPU time)

Ran 13 tests for test/periphery/faucet/Faucet.t.sol:FaucetTest
[32m[PASS][0m test_authAdmin_drip_succeeds() (gas: 337528)
[32m[PASS][0m test_drip_afterTimeout_succeeds() (gas: 390834)
[32m[PASS][0m test_drip_beforeTimeout_reverts() (gas: 351376)
[32m[PASS][0m test_drip_disabledModule_reverts() (gas: 324905)
[32m[PASS][0m test_drip_emitsEvent_succeeds() (gas: 340580)
[32m[PASS][0m test_drip_githubSendsCorrectAmount_succeeds() (gas: 338801)
[32m[PASS][0m test_drip_optimistNftSendsCorrectAmount_succeeds() (gas: 338812)
[32m[PASS][0m test_drip_preventsReplayAttacks_succeeds() (gas: 341718)
[32m[PASS][0m test_initialize_succeeds() (gas: 10493)
[32m[PASS][0m test_nonAdmin_drip_fails() (gas: 264484)
[32m[PASS][0m test_receive_succeeds() (gas: 18438)
[32m[PASS][0m test_withdraw_nonAdmin_reverts() (gas: 13167)
[32m[PASS][0m test_withdraw_succeeds() (gas: 79087)
Suite result: [32mok[0m. [32m13[0m passed; [31m0[0m failed; [33m0[0m skipped; finished in 18.37ms (16.65ms CPU time)

Ran 14 tests for test/cannon/PreimageOracle.t.sol:PreimageOracle_Test
[32m[PASS][0m testFuzz_loadLocalData_varyingLength_succeeds(uint256,bytes32,bytes32,uint256,uint256) (runs: 68, Î¼: 84636, ~: 85731)
[32m[PASS][0m testFuzz_readPreimage_missingPreimage_reverts(bytes32,uint256) (runs: 68, Î¼: 10894, ~: 10894)
[32m[PASS][0m test_keccak256PreimageKey_succeeds() (gas: 3183)
[32m[PASS][0m test_loadKeccak256PreimagePart_outOfBoundsOffset_reverts() (gas: 9128)
[32m[PASS][0m test_loadKeccak256PreimagePart_partBoundary_reverts() (gas: 9106)
[32m[PASS][0m test_loadKeccak256PreimagePart_succeeds() (gas: 79998)
[32m[PASS][0m test_loadLocalData_multipleContexts_succeeds() (gas: 152911)
[32m[PASS][0m test_loadLocalData_onePart_succeeds() (gas: 79742)
[32m[PASS][0m test_loadLocalData_outOfBoundsOffset_reverts() (gas: 8980)
[32m[PASS][0m test_loadPrecompilePreimagePart_atReturnOffset_succeeds() (gas: 81474)
[32m[PASS][0m test_loadPrecompilePreimagePart_failedCall_succeeds() (gas: 8937393460516803735)
[32m[PASS][0m test_loadPrecompilePreimagePart_outOfBoundsOffset_reverts() (gas: 9484)
[32m[PASS][0m test_loadPrecompilePreimagePart_partBoundary_reverts() (gas: 9473)
[32m[PASS][0m test_loadPrecompilePreimagePart_succeeds() (gas: 82299)
Suite result: [32mok[0m. [32m14[0m passed; [31m0[0m failed; [33m0[0m skipped; finished in 28.85ms (27.76ms CPU time)

Ran 1 test for test/governance/MintManager.t.sol:MintManager_constructor_Test
[32m[PASS][0m test_constructor_succeeds() (gas: 13719)
Suite result: [32mok[0m. [32m1[0m passed; [31m0[0m failed; [33m0[0m skipped; finished in 454.87ms (182.86Âµs CPU time)

Ran 1 test for test/invariants/FaultDisputeGame.t.sol:FaultDisputeGame_Solvency_Invariant
[32m[PASS][0m invariant_faultDisputeGame_solvency() (runs: 64, calls: 960, reverts: 960)
Suite result: [32mok[0m. [32m1[0m passed; [31m0[0m failed; [33m0[0m skipped; finished in 1.19s (634.81ms CPU time)

Ran 1 test for test/Safe/DeputyGuardianModule.t.sol:DeputyGuardianModule_NoPortalCollisions_Test
[32m[PASS][0m test_noPortalCollisions_succeeds() (gas: 3383747)
Suite result: [32mok[0m. [32m1[0m passed; [31m0[0m failed; [33m0[0m skipped; finished in 8.19s (7.73s CPU time)

Ran 1 test for test/Safe/DeputyGuardianModule.t.sol:DeputyGuardianModule_Pause_Test
[32m[PASS][0m test_pause_succeeds() (gas: 72056)
Suite result: [32mok[0m. [32m1[0m passed; [31m0[0m failed; [33m0[0m skipped; finished in 483.02ms (379.86Âµs CPU time)

Ran 2 tests for test/Safe/DeputyGuardianModule.t.sol:DeputyGuardianModule_Pause_TestFail
[32m[PASS][0m test_pause_notDeputyGuardian_reverts() (gas: 8707)
[32m[PASS][0m test_pause_targetReverts_reverts() (gas: 31861)
Suite result: [32mok[0m. [32m2[0m passed; [31m0[0m failed; [33m0[0m skipped; finished in 452.58ms (600.90Âµs CPU time)

Ran 31 tests for test/libraries/trie/MerkleTrie.t.sol:MerkleTrie_get_Test
[32m[PASS][0m testFuzz_get_corruptedProof_reverts(bytes4) (runs: 68, Î¼: 76335, ~: 69460)
[32m[PASS][0m testFuzz_get_emptyKey_reverts(bytes4) (runs: 68, Î¼: 32670, ~: 33775)
[32m[PASS][0m testFuzz_get_extraProofElements_reverts(bytes4) (runs: 68, Î¼: 169328, ~: 172888)
[32m[PASS][0m testFuzz_get_invalidDataRemainder_reverts(bytes4) (runs: 68, Î¼: 84386, ~: 81420)
[32m[PASS][0m testFuzz_get_invalidInternalNodeHash_reverts(bytes4) (runs: 68, Î¼: 122112, ~: 127753)
[32m[PASS][0m testFuzz_get_invalidLargeInternalHash_reverts(bytes4) (runs: 68, Î¼: 126582, ~: 127717)
[32m[PASS][0m testFuzz_get_invalidRoot_reverts(bytes4) (runs: 68, Î¼: 119894, ~: 125716)
[32m[PASS][0m testFuzz_get_partialProof_reverts(bytes4) (runs: 68, Î¼: 82303, ~: 89872)
[32m[PASS][0m testFuzz_get_prefixedValidKey_reverts(bytes4) (runs: 68, Î¼: 127449, ~: 130279)
[32m[PASS][0m testFuzz_get_validProofs_succeeds(bytes4) (runs: 68, Î¼: 153221, ~: 155888)
[32m[PASS][0m test_get_corruptedProof_reverts() (gas: 5489)
[32m[PASS][0m test_get_extraProofElements_reverts() (gas: 58934)
[32m[PASS][0m test_get_invalidDataRemainder_reverts() (gas: 35686)
[32m[PASS][0m test_get_invalidInternalNodeHash_reverts() (gas: 49736)
[32m[PASS][0m test_get_nonexistentKey1_reverts() (gas: 54858)
[32m[PASS][0m test_get_nonexistentKey2_reverts() (gas: 16708)
[32m[PASS][0m test_get_smallerPathThanKey1_reverts() (gas: 51476)
[32m[PASS][0m test_get_smallerPathThanKey2_reverts() (gas: 52906)
[32m[PASS][0m test_get_validProof10_succeeds() (gas: 51951)
[32m[PASS][0m test_get_validProof1_succeeds() (gas: 58120)
[32m[PASS][0m test_get_validProof2_succeeds() (gas: 59077)
[32m[PASS][0m test_get_validProof3_succeeds() (gas: 20433)
[32m[PASS][0m test_get_validProof4_succeeds() (gas: 20212)
[32m[PASS][0m test_get_validProof5_succeeds() (gas: 72223)
[32m[PASS][0m test_get_validProof6_succeeds() (gas: 71659)
[32m[PASS][0m test_get_validProof7_succeeds() (gas: 71923)
[32m[PASS][0m test_get_validProof8_succeeds() (gas: 51930)
[32m[PASS][0m test_get_validProof9_succeeds() (gas: 51908)
[32m[PASS][0m test_get_wrongKeyProof_reverts() (gas: 50815)
[32m[PASS][0m test_get_zeroBranchValueLength_reverts() (gas: 41760)
[32m[PASS][0m test_get_zeroLengthKey_reverts() (gas: 3632)
Suite result: [32mok[0m. [32m31[0m passed; [31m0[0m failed; [33m0[0m skipped; finished in 44.28s (44.28s CPU time)

Ran 1 test for test/Safe/DeputyGuardianModule.t.sol:DeputyGuardianModule_Unpause_Test
[32m[PASS][0m test_unpause_succeeds() (gas: 45654)
Suite result: [32mok[0m. [32m1[0m passed; [31m0[0m failed; [33m0[0m skipped; finished in 472.92ms (381.92Âµs CPU time)

Ran 1 test for test/L1/L1StandardBridge.t.sol:L1StandardBridge_BridgeETH_Test
[32m[PASS][0m test_bridgeETH_succeeds() (gas: 517919)
Suite result: [32mok[0m. [32m1[0m passed; [31m0[0m failed; [33m0[0m skipped; finished in 465.65ms (3.87ms CPU time)

Ran 2 tests for test/L1/L1StandardBridge.t.sol:L1StandardBridge_FinalizeERC20Withdrawal_TestFail
[32m[PASS][0m test_finalizeERC20Withdrawal_notMessenger_reverts() (gas: 39299)
[32m[PASS][0m test_finalizeERC20Withdrawal_notOtherBridge_reverts() (gas: 39946)
Suite result: [32mok[0m. [32m2[0m passed; [31m0[0m failed; [33m0[0m skipped; finished in 496.27ms (774.07Âµs CPU time)

Ran 2 tests for test/L1/L1StandardBridge.t.sol:L1StandardBridge_Initialize_Test
[32m[PASS][0m test_constructor_succeeds() (gas: 32125)
[32m[PASS][0m test_initialize_succeeds() (gas: 53427)
Suite result: [32mok[0m. [32m2[0m passed; [31m0[0m failed; [33m0[0m skipped; finished in 432.48ms (1.61ms CPU time)

Ran 64 tests for test/dispute/FaultDisputeGame.t.sol:FaultDisputeGame_Test
[32m[PASS][0m testFuzz_addLocalData_oob_reverts(uint256) (runs: 68, Î¼: 1125207, ~: 1125207)
[32m[PASS][0m testFuzz_challengeRootL2Block_receivesBond_succeeds(bytes32,bytes32,uint256) (runs: 68, Î¼: 906929, ~: 906929)
[32m[PASS][0m testFuzz_challengeRootL2Block_rightBlockNumber_reverts(bytes32,bytes32,uint256) (runs: 68, Î¼: 488894, ~: 488887)
[32m[PASS][0m testFuzz_challengeRootL2Block_succeeds(bytes32,bytes32,uint256) (runs: 68, Î¼: 489987, ~: 489987)
[32m[PASS][0m testFuzz_constructor_clockExtensionTooLong_reverts(uint64,uint64) (runs: 68, Î¼: 3627818, ~: 3627793)
[32m[PASS][0m testFuzz_constructor_invalidSplitDepth_reverts(uint256) (runs: 68, Î¼: 3626031, ~: 3625985)
[32m[PASS][0m testFuzz_constructor_maxDepthTooLarge_reverts(uint256) (runs: 68, Î¼: 3626174, ~: 3626121)
[32m[PASS][0m testFuzz_initialize_badExtraData_reverts(uint256) (runs: 68, Î¼: 2037181, ~: 1604362)
[32m[PASS][0m testFuzz_initialize_cannotProposeGenesis_reverts(uint256) (runs: 68, Î¼: 149689, ~: 149718)
[32m[PASS][0m test_addLocalDataGenesisTransition_static_succeeds() (gas: 1759924)
[32m[PASS][0m test_addLocalDataMiddle_static_succeeds() (gas: 1768970)
[32m[PASS][0m test_challengeRootL2Block_badHeaderRLPBlockNumberLength_reverts() (gas: 351167)
[32m[PASS][0m test_challengeRootL2Block_badHeaderRLP_reverts() (gas: 337121)
[32m[PASS][0m test_challengeRootL2Block_badProof_reverts() (gas: 14589)
[32m[PASS][0m test_claimCredit_claimAlreadyResolved_reverts() (gas: 835307)
[32m[PASS][0m test_createdAt_succeeds() (gas: 13343)
[32m[PASS][0m test_cwiaCalldata_userCannotControlSelector_succeeds() (gas: 24611)
[32m[PASS][0m test_extraData_succeeds() (gas: 17427)
[32m[PASS][0m test_gameData_succeeds() (gas: 18524)
[32m[PASS][0m test_gameType_succeeds() (gas: 11228)
[32m[PASS][0m test_getRequiredBond_outOfBounds_reverts() (gas: 12443)
[32m[PASS][0m test_getRequiredBond_succeeds() (gas: 36684)
[32m[PASS][0m test_initialize_correctData_succeeds() (gas: 32299)
[32m[PASS][0m test_initialize_onlyOnce_succeeds() (gas: 13122)
[32m[PASS][0m test_initialize_receivesETH_succeeds() (gas: 348370)
[32m[PASS][0m test_move_clockCorrectness_succeeds() (gas: 912487)
[32m[PASS][0m test_move_clockExtensionCorrectness_succeeds() (gas: 695785)
[32m[PASS][0m test_move_clockTimeExceeded_reverts() (gas: 48615)
[32m[PASS][0m test_move_correctStatusExecRoot_succeeds() (gas: 1110728)
[32m[PASS][0m test_move_defendRoot_reverts() (gas: 29469)
[32m[PASS][0m test_move_duplicateClaim_reverts() (gas: 265037)
[32m[PASS][0m test_move_duplicateClaimsDifferentSubgames_succeeds() (gas: 840929)
[32m[PASS][0m test_move_gameDepthExceeded_reverts() (gas: 1771820)
[32m[PASS][0m test_move_gameNotInProgress_reverts() (gas: 26118)
[32m[PASS][0m test_move_incorrectBondAmount_reverts() (gas: 33157)
[32m[PASS][0m test_move_incorrectDisputedIndex_reverts() (gas: 266932)
[32m[PASS][0m test_move_incorrectStatusExecRoot_reverts() (gas: 918155)
[32m[PASS][0m test_move_nonExistentParent_reverts() (gas: 25323)
[32m[PASS][0m test_move_simpleAttack_succeeds() (gas: 264087)
[32m[PASS][0m test_resolution_lastSecondDisputes_succeeds() (gas: 968171)
[32m[PASS][0m test_resolve_bondPayoutsSeveralActors_succeeds() (gas: 2521493)
[32m[PASS][0m test_resolve_bondPayouts_succeeds() (gas: 2514611)
[32m[PASS][0m test_resolve_challengeContested_succeeds() (gas: 770297)
[32m[PASS][0m test_resolve_claimAlreadyResolved_reverts() (gas: 638936)
[32m[PASS][0m test_resolve_claimAtMaxDepthAlreadyResolved_reverts() (gas: 1873633)
[32m[PASS][0m test_resolve_invalidStateSameAnchor_succeeds() (gas: 467696)
[32m[PASS][0m test_resolve_leftmostBondPayout_succeeds() (gas: 1585849)
[32m[PASS][0m test_resolve_multiPart_succeeds() (gas: 404187402)
[32m[PASS][0m test_resolve_notInProgress_reverts() (gas: 9865)
[32m[PASS][0m test_resolve_outOfOrderResolution_reverts() (gas: 478407)
[32m[PASS][0m test_resolve_rootContested_succeeds() (gas: 456396)
[32m[PASS][0m test_resolve_rootUncontestedButUnresolved_reverts() (gas: 15849)
[32m[PASS][0m test_resolve_rootUncontestedClockNotExpired_succeeds() (gas: 21145)
[32m[PASS][0m test_resolve_rootUncontested_succeeds() (gas: 169886)
[32m[PASS][0m test_resolve_stepReached_succeeds() (gas: 2463905)
[32m[PASS][0m test_resolve_teamDeathmatch_succeeds() (gas: 1189900)
[32m[PASS][0m test_resolve_validNewerStateUpdatesAnchor_succeeds() (gas: 181055)
[32m[PASS][0m test_resolve_validOlderStateSameAnchor_succeeds() (gas: 152034)
[32m[PASS][0m test_rootClaim_succeeds() (gas: 11180)
[32m[PASS][0m test_stepAttackDummyClaim_defendTrueClaimInTheMiddle_succeeds() (gas: 1859562)
[32m[PASS][0m test_stepAttackTrueClaim_defendTrueClaimInTheMiddle_reverts() (gas: 1864398)
[32m[PASS][0m test_stepDefendDummyClaim_defendTrueClaimInTheMiddle_reverts() (gas: 1863650)
[32m[PASS][0m test_stepDefendTrueClaim_defendTrueClaimInTheMiddle_reverts() (gas: 1863503)
[32m[PASS][0m test_step_duplicateStep_reverts() (gas: 1878604)
Suite result: [32mok[0m. [32m64[0m passed; [31m0[0m failed; [33m0[0m skipped; finished in 3.19s (2.66s CPU time)

Ran 1 test for test/L1/L1StandardBridge.t.sol:L1StandardBridge_DepositERC20To_Test
[32m[PASS][0m test_bridgeERC20To_succeeds() (gas: 821041)
Suite result: [32mok[0m. [32m1[0m passed; [31m0[0m failed; [33m0[0m skipped; finished in 479.62ms (4.91ms CPU time)

Ran 1 test for test/L1/L1StandardBridge.t.sol:L1StandardBridge_FinalizeETHWithdrawal_Test
[32m[PASS][0m test_finalizeETHWithdrawal_succeeds() (gas: 277904)
Suite result: [32mok[0m. [32m1[0m passed; [31m0[0m failed; [33m0[0m skipped; finished in 505.49ms (1.97ms CPU time)

Ran 3 tests for test/L1/L1StandardBridge.t.sol:L1StandardBridge_Pause_Test
[32m[PASS][0m test_pause_callsSuperchainConfig_succeeds() (gas: 35972)
[32m[PASS][0m test_pause_matchesSuperchainConfig_succeeds() (gas: 78536)
[32m[PASS][0m test_paused_succeeds() (gas: 36837)
Suite result: [32mok[0m. [32m3[0m passed; [31m0[0m failed; [33m0[0m skipped; finished in 526.27ms (1.25ms CPU time)

Ran 1 test for test/L1/L1StandardBridge.t.sol:L1StandardBridge_DepositERC20_Test
[32m[PASS][0m test_bridgeERC20_succeeds() (gas: 818609)
Suite result: [32mok[0m. [32m1[0m passed; [31m0[0m failed; [33m0[0m skipped; finished in 449.12ms (4.71ms CPU time)

Ran 1 test for test/L1/L1StandardBridge.t.sol:L1StandardBridge_Getter_Test
[32m[PASS][0m test_getters_succeeds() (gas: 48496)
Suite result: [32mok[0m. [32m1[0m passed; [31m0[0m failed; [33m0[0m skipped; finished in 423.94ms (407.73Âµs CPU time)

Ran 1 test for test/libraries/Hashing.t.sol:Hashing_hashOutputRootProof_Test
[32m[PASS][0m testDiff_hashOutputRootProof_succeeds(bytes32,bytes32,bytes32) (runs: 68, Î¼: 57856, ~: 72726)
Suite result: [32mok[0m. [32m1[0m passed; [31m0[0m failed; [33m0[0m skipped; finished in 4.32s (3.92s CPU time)

Ran 1 test for test/L1/L1StandardBridge.t.sol:L1StandardBridge_DepositERC20_TestFail
[32m[PASS][0m test_bridgeERC20_notEoa_reverts() (gas: 24860)
Suite result: [32mok[0m. [32m1[0m passed; [31m0[0m failed; [33m0[0m skipped; finished in 417.59ms (316.51Âµs CPU time)

Ran 4 tests for test/L1/L1StandardBridge.t.sol:L1StandardBridge_Pause_TestFail
[32m[PASS][0m test_pause_finalizeBridgeERC20_reverts() (gas: 42136)
[32m[PASS][0m test_pause_finalizeBridgeETH_reverts() (gas: 41921)
[32m[PASS][0m test_pause_finalizeERC20Withdrawal_reverts() (gas: 42234)
[32m[PASS][0m test_pause_finalizeETHWithdrawal_reverts() (gas: 41950)
Suite result: [32mok[0m. [32m4[0m passed; [31m0[0m failed; [33m0[0m skipped; finished in 573.57ms (1.40ms CPU time)

Ran 3 tests for test/legacy/L1BlockNumber.t.sol:L1BlockNumberTest
[32m[PASS][0m test_fallback_succeeds() (gas: 14395)
[32m[PASS][0m test_getL1BlockNumber_succeeds() (gas: 13533)
[32m[PASS][0m test_receive_succeeds() (gas: 21102)
Suite result: [32mok[0m. [32m3[0m passed; [31m0[0m failed; [33m0[0m skipped; finished in 1.05ms (387.43Âµs CPU time)

Ran 1 test for test/L1/L1StandardBridge.t.sol:L1StandardBridge_Receive_Test
[32m[PASS][0m test_receive_succeeds() (gas: 631325)
Suite result: [32mok[0m. [32m1[0m passed; [31m0[0m failed; [33m0[0m skipped; finished in 494.52ms (4.74ms CPU time)

Ran 11 tests for test/dispute/FaultDisputeGame.t.sol:FaultDispute_1v1_Actors_Test
[32m[PASS][0m testFuzz_outputBisection1v1honestRoot_succeeds(uint8,uint8) (runs: 68, Î¼: 16282335, ~: 16583389)
[32m[PASS][0m test_static_1v1correctAbsolutePrestate_succeeds() (gas: 16578725)
[32m[PASS][0m test_static_1v1correctRootHalfWay_succeeds() (gas: 16579792)
[32m[PASS][0m test_static_1v1dishonestAbsolutePrestate_succeeds() (gas: 16508247)
[32m[PASS][0m test_static_1v1dishonestRootFinalInstruction_succeeds() (gas: 16509378)
[32m[PASS][0m test_static_1v1dishonestRootGenesisAbsolutePrestate_succeeds() (gas: 16496784)
[32m[PASS][0m test_static_1v1dishonestRootHalfWay_succeeds() (gas: 16509335)
[32m[PASS][0m test_static_1v1dishonestRoot_succeeds() (gas: 16287443)
[32m[PASS][0m test_static_1v1honestRootFinalInstruction_succeeds() (gas: 16579857)
[32m[PASS][0m test_static_1v1honestRootGenesisAbsolutePrestate_succeeds() (gas: 16567304)
[32m[PASS][0m test_static_1v1honestRoot_succeeds() (gas: 16357966)
Suite result: [32mok[0m. [32m11[0m passed; [31m0[0m failed; [33m0[0m skipped; finished in 1.31s (827.32ms CPU time)

Ran 3 tests for test/L1/L1StandardBridge.t.sol:L1StandardBridge_FinalizeBridgeETH_TestFail
[32m[PASS][0m test_finalizeBridgeETH_incorrectValue_reverts() (gas: 57319)
[32m[PASS][0m test_finalizeBridgeETH_sendToMessenger_reverts() (gas: 55190)
[32m[PASS][0m test_finalizeBridgeETH_sendToSelf_reverts() (gas: 55150)
Suite result: [32mok[0m. [32m3[0m passed; [31m0[0m failed; [33m0[0m skipped; finished in 515.61ms (1.17ms CPU time)

Ran 1 test for test/L1/L1StandardBridge.t.sol:L1StandardBridge_FinalizeBridgeETH_Test
[32m[PASS][0m test_finalizeBridgeETH_succeeds() (gas: 269776)
Suite result: [32mok[0m. [32m1[0m passed; [31m0[0m failed; [33m0[0m skipped; finished in 537.53ms (1.92ms CPU time)

Ran 1 test for test/L1/L1CrossDomainMessenger.t.sol:L1CrossDomainMessenger_ReinitReentryTest
[32m[PASS][0m test_relayMessage_replayStraddlingReinit_reverts() (gas: 112944)
Suite result: [32mok[0m. [32m1[0m passed; [31m0[0m failed; [33m0[0m skipped; finished in 484.76ms (739.90Âµs CPU time)

Ran 2 tests for test/universal/FeeVault.t.sol:FeeVault_Test
[32m[PASS][0m test_constructor_baseFeeVault_succeeds() (gas: 29151)
[32m[PASS][0m test_constructor_l1FeeVault_succeeds() (gas: 29237)
Suite result: [32mok[0m. [32m2[0m passed; [31m0[0m failed; [33m0[0m skipped; finished in 495.97ms (5.91ms CPU time)

Ran 1 test for test/L1/L1StandardBridge.t.sol:L1StandardBridge_FinalizeERC20Withdrawal_Test
[32m[PASS][0m test_finalizeERC20Withdrawal_succeeds() (gas: 629206)
Suite result: [32mok[0m. [32m1[0m passed; [31m0[0m failed; [33m0[0m skipped; finished in 497.48ms (3.57ms CPU time)

Ran 3 tests for test/L2/L1Block.t.sol:L1BlockBedrock_Test
[32m[PASS][0m testFuzz_updatesValues_succeeds(uint64,uint64,uint256,bytes32,uint64,bytes32,uint256,uint256) (runs: 68, Î¼: 180803, ~: 184901)
[32m[PASS][0m test_updateValues_succeeds() (gas: 170935)
[32m[PASS][0m test_updatesValues_notDepositor_reverts() (gas: 14136)
Suite result: [32mok[0m. [32m3[0m passed; [31m0[0m failed; [33m0[0m skipped; finished in 648.86ms (150.96ms CPU time)

Ran 7 tests for test/libraries/GasPayingToken.t.sol:GasPayingToken_Roundtrip_Test
[32m[PASS][0m testDiff_sanitize_succeeds(string) (runs: 68, Î¼: 4585, ~: 4585)
[32m[PASS][0m testFuzz_get_nonEmpty_succeeds(address,uint8,bytes32,bytes32) (runs: 68, Î¼: 77602, ~: 79129)
[32m[PASS][0m testFuzz_setGetWithSanitize_succeeds(address,uint8,string,string) (runs: 66, Î¼: 74102, ~: 77811)
[32m[PASS][0m testFuzz_set_succeeds(address,uint8,bytes32,bytes32) (runs: 68, Î¼: 72136, ~: 72136)
[32m[PASS][0m test_get_empty_succeeds() (gas: 8581)
[32m[PASS][0m test_sanitize_empty_succeeds() (gas: 3319)
[32m[PASS][0m test_sanitize_stringTooLong_fails(string) (runs: 64, Î¼: 4154, ~: 4154)
Suite result: [32mok[0m. [32m7[0m passed; [31m0[0m failed; [33m0[0m skipped; finished in 106.50ms (106.12ms CPU time)

Ran 12 tests for test/L2/GasPriceOracle.t.sol:GasPriceOracleEcotone_Test
[32m[PASS][0m test_baseFeeScalar_succeeds() (gas: 23619)
[32m[PASS][0m test_baseFee_succeeds() (gas: 13646)
[32m[PASS][0m test_blobBaseFeeScalar_succeeds() (gas: 23707)
[32m[PASS][0m test_blobBaseFee_succeeds() (gas: 23527)
[32m[PASS][0m test_decimals_succeeds() (gas: 14853)
[32m[PASS][0m test_gasPrice_succeeds() (gas: 13660)
[32m[PASS][0m test_getL1Fee_succeeds() (gas: 40826)
[32m[PASS][0m test_l1BaseFee_succeeds() (gas: 23399)
[32m[PASS][0m test_overhead_legacyFunction_reverts() (gas: 15440)
[32m[PASS][0m test_scalar_legacyFunction_reverts() (gas: 15493)
[32m[PASS][0m test_setEcotone_wrongCaller_reverts() (gas: 13450)
[32m[PASS][0m test_setFjord_wrongCaller_reverts() (gas: 13430)
Suite result: [32mok[0m. [32m12[0m passed; [31m0[0m failed; [33m0[0m skipped; finished in 458.89ms (3.11ms CPU time)

Ran 20 tests for test/L1/L1CrossDomainMessenger.t.sol:L1CrossDomainMessenger_Test
[32m[PASS][0m test_constructor_succeeds() (gas: 26561)
[32m[PASS][0m test_initialize_succeeds() (gas: 48324)
[32m[PASS][0m test_messageVersion_succeeds() (gas: 27635)
[32m[PASS][0m test_pause_callsSuperchainConfig_succeeds() (gas: 36863)
[32m[PASS][0m test_pause_matchesSuperchainConfig_succeeds() (gas: 82132)
[32m[PASS][0m test_relayMessage_legacyOldReplay_reverts() (gas: 62525)
[32m[PASS][0m test_relayMessage_legacyRetryAfterFailureThenSuccess_reverts() (gas: 228353)
[32m[PASS][0m test_relayMessage_legacyRetryAfterFailure_succeeds() (gas: 219159)
[32m[PASS][0m test_relayMessage_legacyRetryAfterSuccess_reverts() (gas: 119718)
[32m[PASS][0m test_relayMessage_legacy_succeeds() (gas: 107687)
[32m[PASS][0m test_relayMessage_paused_reverts() (gas: 64884)
[32m[PASS][0m test_relayMessage_retryAfterFailure_succeeds() (gas: 213069)
[32m[PASS][0m test_relayMessage_succeeds() (gas: 104375)
[32m[PASS][0m test_relayMessage_toSystemContract_reverts() (gas: 112761)
[32m[PASS][0m test_relayMessage_v2_reverts() (gas: 17366)
[32m[PASS][0m test_replayMessage_withValue_reverts() (gas: 42280)
[32m[PASS][0m test_sendMessage_succeeds() (gas: 395238)
[32m[PASS][0m test_sendMessage_twice_succeeds() (gas: 1673869)
[32m[PASS][0m test_xDomainMessageSender_reset_succeeds() (gas: 112942)
[32m[PASS][0m test_xDomainSender_notSet_reverts() (gas: 24337)
Suite result: [32mok[0m. [32m20[0m passed; [31m0[0m failed; [33m0[0m skipped; finished in 516.91ms (26.45ms CPU time)

Ran 3 tests for test/L1/L1ERC721Bridge.t.sol:L1ERC721Bridge_Pause_Test
[32m[PASS][0m test_pause_callsSuperchainConfig_succeeds() (gas: 28245)
[32m[PASS][0m test_pause_matchesSuperchainConfig_succeeds() (gas: 78536)
[32m[PASS][0m test_paused_succeeds() (gas: 29110)
Suite result: [32mok[0m. [32m3[0m passed; [31m0[0m failed; [33m0[0m skipped; finished in 453.20ms (1.15ms CPU time)

Ran 9 tests for test/L2/GasPriceOracle.t.sol:GasPriceOracleBedrock_Test
[32m[PASS][0m test_baseFee_succeeds() (gas: 13668)
[32m[PASS][0m test_decimals_succeeds() (gas: 14875)
[32m[PASS][0m test_gasPrice_succeeds() (gas: 13660)
[32m[PASS][0m test_l1BaseFee_succeeds() (gas: 23398)
[32m[PASS][0m test_overhead_succeeds() (gas: 25548)
[32m[PASS][0m test_scalar_succeeds() (gas: 25566)
[32m[PASS][0m test_setFjord_withoutEcotone_reverts() (gas: 18000)
[32m[PASS][0m test_setGasPrice_doesNotExist_reverts() (gas: 14437)
[32m[PASS][0m test_setL1BaseFee_doesNotExist_reverts() (gas: 14415)
Suite result: [32mok[0m. [32m9[0m passed; [31m0[0m failed; [33m0[0m skipped; finished in 461.80ms (2.65ms CPU time)

Ran 2 tests for test/L2/L1Block.t.sol:L1BlockCustomGasToken_Test
[32m[PASS][0m testFuzz_setGasPayingToken_succeeds(address,uint8,string,string) (runs: 66, Î¼: 101560, ~: 103393)
[32m[PASS][0m test_setGasPayingToken_isDepositor_reverts() (gas: 13525)
Suite result: [32mok[0m. [32m2[0m passed; [31m0[0m failed; [33m0[0m skipped; finished in 672.47ms (184.44ms CPU time)

Ran 12 tests for test/L2/GasPriceOracle.t.sol:GasPriceOracleFjordActive_Test
[32m[PASS][0m test_baseFeeScalar_succeeds() (gas: 23662)
[32m[PASS][0m test_baseFee_succeeds() (gas: 13667)
[32m[PASS][0m test_blobBaseFeeScalar_succeeds() (gas: 23662)
[32m[PASS][0m test_blobBaseFee_succeeds() (gas: 23483)
[32m[PASS][0m test_decimals_succeeds() (gas: 14873)
[32m[PASS][0m test_gasPrice_succeeds() (gas: 13659)
[32m[PASS][0m test_getL1FeeMinimumBound_succeeds() (gas: 66521)
[32m[PASS][0m test_getL1FeeRegression_succeeds() (gas: 171689)
[32m[PASS][0m test_l1BaseFee_succeeds() (gas: 23442)
[32m[PASS][0m test_overhead_legacyFunction_reverts() (gas: 15484)
[32m[PASS][0m test_scalar_legacyFunction_reverts() (gas: 15493)
[32m[PASS][0m test_setFjord_whenFjordActive_reverts() (gas: 18116)
Suite result: [32mok[0m. [32m12[0m passed; [31m0[0m failed; [33m0[0m skipped; finished in 541.36ms (5.24ms CPU time)

Ran 1 test for test/L1/L1ERC721Bridge.t.sol:L1ERC721Bridge_Pause_TestFail
[32m[PASS][0m test_pause_finalizeBridgeERC721_reverts() (gas: 33049)
Suite result: [32mok[0m. [32m1[0m passed; [31m0[0m failed; [33m0[0m skipped; finished in 573.49ms (308.89Âµs CPU time)

Ran 10 tests for test/governance/GovernanceToken.t.sol:GovernanceToken_Test
[32m[PASS][0m test_approve_succeeds() (gas: 138313)
[32m[PASS][0m test_burnFrom_succeeds() (gas: 128208)
[32m[PASS][0m test_burn_succeeds() (gas: 119694)
[32m[PASS][0m test_constructor_succeeds() (gas: 27526)
[32m[PASS][0m test_decreaseAllowance_succeeds() (gas: 142246)
[32m[PASS][0m test_increaseAllowance_succeeds() (gas: 142334)
[32m[PASS][0m test_mint_fromNotOwner_reverts() (gas: 22066)
[32m[PASS][0m test_mint_fromOwner_succeeds() (gas: 111608)
[32m[PASS][0m test_transferFrom_succeeds() (gas: 152322)
[32m[PASS][0m test_transfer_succeeds() (gas: 143785)
Suite result: [32mok[0m. [32m10[0m passed; [31m0[0m failed; [33m0[0m skipped; finished in 458.15ms (2.71ms CPU time)

Ran 3 tests for test/L2/L1Block.t.sol:L1BlockEcotone_Test
[32m[PASS][0m testFuzz_setL1BlockValuesEcotone_succeeds(uint32,uint32,uint64,uint64,uint64,uint256,uint256,bytes32,bytes32) (runs: 68, Î¼: 165577, ~: 167626)
[32m[PASS][0m test_setL1BlockValuesEcotone_isDepositor_succeeds() (gas: 149537)
[32m[PASS][0m test_setL1BlockValuesEcotone_notDepositor_reverts() (gas: 15557)
Suite result: [32mok[0m. [32m3[0m passed; [31m0[0m failed; [33m0[0m skipped; finished in 671.86ms (170.06ms CPU time)

Ran 16 tests for test/L1/L1ERC721Bridge.t.sol:L1ERC721Bridge_Test
[32m[PASS][0m test_bridgeERC721To_localTokenZeroAddress_reverts() (gas: 61153)
[32m[PASS][0m test_bridgeERC721To_remoteTokenZeroAddress_reverts() (gas: 37973)
[32m[PASS][0m test_bridgeERC721To_succeeds() (gas: 459803)
[32m[PASS][0m test_bridgeERC721To_wrongOwner_reverts() (gas: 71597)
[32m[PASS][0m test_bridgeERC721_fromContract_reverts() (gas: 36369)
[32m[PASS][0m test_bridgeERC721_localTokenZeroAddress_reverts() (gas: 59027)
[32m[PASS][0m test_bridgeERC721_remoteTokenZeroAddress_reverts() (gas: 35827)
[32m[PASS][0m test_bridgeERC721_succeeds() (gas: 459566)
[32m[PASS][0m test_bridgeERC721_wrongOwner_reverts() (gas: 71446)
[32m[PASS][0m test_constructor_succeeds() (gas: 26327)
[32m[PASS][0m test_finalizeBridgeERC721_notEscrowed_reverts() (gas: 43955)
[32m[PASS][0m test_finalizeBridgeERC721_notFromRemoteMessenger_reverts() (gas: 29208)
[32m[PASS][0m test_finalizeBridgeERC721_notViaLocalMessenger_reverts() (gas: 23227)
[32m[PASS][0m test_finalizeBridgeERC721_selfToken_reverts() (gas: 39451)
[32m[PASS][0m test_finalizeBridgeERC721_succeeds() (gas: 442260)
[32m[PASS][0m test_initialize_succeeds() (gas: 30716)
Suite result: [32mok[0m. [32m16[0m passed; [31m0[0m failed; [33m0[0m skipped; finished in 545.05ms (14.53ms CPU time)

Ran 3 tests for test/invariants/Hashing.t.sol:Hashing_Invariant
[32m[PASS][0m invariant_hash_xdomain_msg_0() (runs: 64, calls: 960, reverts: 282)
[32m[PASS][0m invariant_hash_xdomain_msg_1() (runs: 64, calls: 960, reverts: 291)
[32m[PASS][0m invariant_hash_xdomain_msg_high_version() (runs: 64, calls: 960, reverts: 288)
Suite result: [32mok[0m. [32m3[0m passed; [31m0[0m failed; [33m0[0m skipped; finished in 839.78ms (836.40ms CPU time)

Ran 1 test for test/L1/L1StandardBridge.t.sol:L1StandardBridge_BridgeETHTo_Test
[32m[PASS][0m test_bridgeETHTo_succeeds() (gas: 530771)
Suite result: [32mok[0m. [32m1[0m passed; [31m0[0m failed; [33m0[0m skipped; finished in 457.96ms (3.58ms CPU time)

Ran 1 test for test/libraries/Hashing.t.sol:Hashing_hashDepositSource_Test
[32m[PASS][0m test_hashDepositSource_succeeds() (gas: 3463)
Suite result: [32mok[0m. [32m1[0m passed; [31m0[0m failed; [33m0[0m skipped; finished in 451.39ms (225.13Âµs CPU time)

Ran 1 test for test/libraries/Hashing.t.sol:Hashing_hashWithdrawal_Test
[32m[PASS][0m testDiff_hashWithdrawal_succeeds(uint256,address,address,uint256,uint256,bytes) (runs: 68, Î¼: 22867, ~: 22714)
Suite result: [32mok[0m. [32m1[0m passed; [31m0[0m failed; [33m0[0m skipped; finished in 4.83s (4.34s CPU time)

Ran 2 tests for test/libraries/Hashing.t.sol:Hashing_hashCrossDomainMessage_Test
[32m[PASS][0m testDiff_hashCrossDomainMessage_succeeds(uint240,uint16,address,address,uint256,uint256,bytes) (runs: 68, Î¼: 27101, ~: 26984)
[32m[PASS][0m testFuzz_hashCrossDomainMessageV0_matchesLegacy_succeeds(address,address,bytes,uint256) (runs: 68, Î¼: 5295, ~: 5213)
Suite result: [32mok[0m. [32m2[0m passed; [31m0[0m failed; [33m0[0m skipped; finished in 3.13s (2.81s CPU time)

Ran 1 test for test/libraries/Hashing.t.sol:Hashing_hashDepositTransaction_Test
[32m[PASS][0m testDiff_hashDepositTransaction_succeeds(address,address,uint256,uint256,uint64,bytes,uint64) (runs: 68, Î¼: 66530, ~: 66321)
Suite result: [32mok[0m. [32m1[0m passed; [31m0[0m failed; [33m0[0m skipped; finished in 2.50s (2.08s CPU time)

Ran 17 tests for test/L2/L1BlockInterop.t.sol:L1BlockInteropTest
[32m[PASS][0m testFuzz_dependencySetSize_succeeds(uint8) (runs: 68, Î¼: 5491426, ~: 3929065)
[32m[PASS][0m testFuzz_isInDependencySet_dependencySetEmpty_succeeds(uint256) (runs: 68, Î¼: 19970, ~: 19970)
[32m[PASS][0m testFuzz_isInDependencySet_notDependency_reverts(uint256) (runs: 68, Î¼: 16151, ~: 16151)
[32m[PASS][0m testFuzz_isInDependencySet_succeeds(uint256) (runs: 68, Î¼: 85225, ~: 86689)
[32m[PASS][0m testFuzz_setConfig_addDependency_notDepositor_reverts(uint256) (runs: 68, Î¼: 14186, ~: 14186)
[32m[PASS][0m testFuzz_setConfig_addDependency_succeeds(uint256) (runs: 68, Î¼: 85676, ~: 86262)
[32m[PASS][0m testFuzz_setConfig_gasPayingToken_notDepositor_reverts(address,uint8,bytes32,bytes32) (runs: 68, Î¼: 14975, ~: 14975)
[32m[PASS][0m testFuzz_setConfig_gasPayingToken_succeeds(address,uint8,bytes32,bytes32) (runs: 68, Î¼: 88496, ~: 88496)
[32m[PASS][0m testFuzz_setConfig_removeDependency_notDependency_reverts(uint256) (runs: 68, Î¼: 19285, ~: 19285)
[32m[PASS][0m testFuzz_setConfig_removeDependency_notDepositor_reverts(uint256) (runs: 68, Î¼: 14208, ~: 14208)
[32m[PASS][0m testFuzz_setConfig_removeDependency_succeeds(uint256) (runs: 68, Î¼: 68397, ~: 68646)
[32m[PASS][0m test_dependencySetSize_dependencySetEmpty_succeeds() (gas: 15562)
[32m[PASS][0m test_isInDependencySet_chainChainId_succeeds() (gas: 13558)
[32m[PASS][0m test_setConfig_addDependency_alreadyDependency_reverts(uint256) (runs: 68, Î¼: 87691, ~: 87984)
[32m[PASS][0m test_setConfig_addDependency_chainChainId_reverts() (gas: 18718)
[32m[PASS][0m test_setConfig_addDependency_dependencySetSizeTooLarge_reverts() (gas: 12461219)
[32m[PASS][0m test_setConfig_removeDependency_chainChainId_reverts() (gas: 16526)
Suite result: [32mok[0m. [32m17[0m passed; [31m0[0m failed; [33m0[0m skipped; finished in 4.52s (2.05s CPU time)

Ran 1 test for test/vendor/Initializable.t.sol:Initializer_Test
[32m[PASS][0m test_cannotReinitialize_succeeds() (gas: 5809525)
Suite result: [32mok[0m. [32m1[0m passed; [31m0[0m failed; [33m0[0m skipped; finished in 9.16s (3.72s CPU time)

Ran 7 tests for test/invariants/ResourceMetering.t.sol:ResourceMetering_Invariant
[32m[PASS][0m invariant_high_usage_raise_baseFee() (runs: 64, calls: 960, reverts: 486)
[32m[PASS][0m invariant_low_usage_lower_baseFee() (runs: 64, calls: 960, reverts: 449)
[32m[PASS][0m invariant_never_above_max_gas_limit() (runs: 64, calls: 960, reverts: 465)
[32m[PASS][0m invariant_never_below_min_baseFee() (runs: 64, calls: 960, reverts: 428)
[32m[PASS][0m invariant_never_exceed_max_decrease() (runs: 64, calls: 960, reverts: 519)
[32m[PASS][0m invariant_never_exceed_max_increase() (runs: 64, calls: 960, reverts: 456)
[32m[PASS][0m invariant_never_underflow() (runs: 64, calls: 960, reverts: 484)
Suite result: [32mok[0m. [32m7[0m passed; [31m0[0m failed; [33m0[0m skipped; finished in 40.80s (70.97s CPU time)

Ran 24 tests for test/cannon/PreimageOracle.t.sol:PreimageOracle_LargePreimageProposals_Test
[32m[PASS][0m testFuzz_challengeFirst_succeeds(uint256) (runs: 68, Î¼: 20360812, ~: 17172708)
[32m[PASS][0m testFuzz_challenge_arbitraryLocation_succeeds(uint256,uint256) (runs: 68, Î¼: 61616705, ~: 70717582)
[32m[PASS][0m testFuzz_squeeze_succeeds(uint256,uint32) (runs: 68, Î¼: 66244964, ~: 57347609)
[32m[PASS][0m test_addLeaves_gasSnapshot() (gas: 99656417)
[32m[PASS][0m test_addLeaves_mismatchedSize_succeeds() (gas: 538663)
[32m[PASS][0m test_addLeaves_multipleParts_succeeds() (gas: 1069229)
[32m[PASS][0m test_addLeaves_notContiguous_reverts() (gas: 82437554)
[32m[PASS][0m test_addLeaves_notEOA_reverts() (gas: 82440170)
[32m[PASS][0m test_addLeaves_notInitialized_reverts() (gas: 82319852)
[32m[PASS][0m test_challengeFirst_invalidCommitment_succeeds() (gas: 1123532)
[32m[PASS][0m test_challengeFirst_statesNotContiguous_reverts() (gas: 1019643)
[32m[PASS][0m test_challengeFirst_validCommitment_reverts() (gas: 1132925)
[32m[PASS][0m test_challenge_invalidCommitment_succeeds() (gas: 1683725)
[32m[PASS][0m test_challenge_invalidPreimage_reverts() (gas: 1737932)
[32m[PASS][0m test_challenge_statesNotContiguous_reverts() (gas: 1738022)
[32m[PASS][0m test_challenge_validCommitment_reverts() (gas: 1309168)
[32m[PASS][0m test_initLPP_partOffsetOOB_reverts() (gas: 43136)
[32m[PASS][0m test_initLPP_sizeTooSmall_reverts() (gas: 3304001)
[32m[PASS][0m test_squeeze_challengePeriodActive_reverts() (gas: 1124797)
[32m[PASS][0m test_squeeze_challengePeriodPassed_succeeds() (gas: 1369405)
[32m[PASS][0m test_squeeze_incompleteAbsorbtion_reverts() (gas: 648299)
[32m[PASS][0m test_squeeze_invalidPreimage_reverts() (gas: 1355270)
[32m[PASS][0m test_squeeze_proposalChallenged_reverts() (gas: 1295450)
[32m[PASS][0m test_squeeze_statesNotContiguous_reverts() (gas: 1355473)
Suite result: [32mok[0m. [32m24[0m passed; [31m0[0m failed; [33m0[0m skipped; finished in 82.99s (87.04s CPU time)

Ran 225 test suites in 89.12s (461.88s CPU time): [32m1206[0m tests passed, [31m62[0m failed, [33m0[0m skipped (1268 total tests)

Failing tests:
Encountered 1 failing test in test/BenchmarkTest.t.sol:GasBenchMark_L1StandardBridge_Finalize
[31m[FAIL. Reason: panic: arithmetic underflow or overflow (0x11)][0m test_finalizeETHWithdrawal_benchmark() (gas: 56455)

Encountered 1 failing test in test/L1/OptimismPortal.t.sol:OptimismPortalResourceFuzz_Test
[31m[FAIL. Reason: revert: Address: call to non-contract; counterexample: calldata=0xf5b29dde00000000000000000000000000000000000000000000000000000000205c28770000000000000000000000000000000000000000000000000000000000000001000000000000000000000000000000000000000000000000000000000000000c0000000000000000000000000000000000000000000000000000000000004a64000000000000000000000000000000000000000000000000000000000000046b00000000000000000000000000000000f2058896ac698b30e5a467af3b74781500000000000000000000000000000000000000000000000000000000d6383f940000000000000000000000000000000000000000000000000000000000004e7f000000000000000000000000000000000000000000000000000000000000a0ba000000000000000000000000000000000000000000000000000000000000005d args=[542910583 [2;49;39m[5.429e8][0m, 1, 12, 19044 [2;49;39m[1.904e4][0m, 1131, 321701906809531805358955444163187079189 [2;49;39m[3.217e38][0m, 3594010516 [2;49;39m[3.594e9][0m, 20095 [2;49;39m[2.009e4][0m, 41146 [2;49;39m[4.114e4][0m, 93]][0m testFuzz_systemConfigDeposit_succeeds(uint32,uint8,uint8,uint32,uint32,uint128,uint64,uint64,uint128,uint8) (runs: 0, Î¼: 0, ~: 0)

Encountered 6 failing tests in test/L1/OptimismPortal.t.sol:OptimismPortal_FinalizeWithdrawal_Test
[31m[FAIL. Reason: EvmError: Revert; counterexample: calldata=0x289c769e0000000000000000000000000000000000000000000000000000000000000000000000000000000000000000000000000000000000000000000000003668fd05ffffffffffffffffffffffffffffffffffffffffffffffffffffffffffffffff000000000000000000000000000000000000000000000000000000000000000200000000000000000000000000000000000000000000000000000000000000a00000000000000000000000000000000000000000000000000000000000000026c727158aaac76a3e1c91691b8160cbdbe811dcc02205f77a2b3286342b7e6ebea61480d9d7d60000000000000000000000000000000000000000000000000000 args=[0x0000000000000000000000000000000000000000, 0x000000000000000000000000000000003668fD05, 115792089237316195423570985008687907853269984665640564039457584007913129639935 [2;49;39m[1.157e77][0m, 2, 0xc727158aaac76a3e1c91691b8160cbdbe811dcc02205f77a2b3286342b7e6ebea61480d9d7d6]][0m testDiff_finalizeWithdrawalTransaction_succeeds(address,address,uint256,uint256,bytes) (runs: 0, Î¼: 0, ~: 0)
[31m[FAIL. Reason: call reverted as expected, but without data][0m test_finalizeWithdrawalTransaction_onInsufficientGas_reverts() (gas: 157980)
[31m[FAIL. Reason: log != expected log][0m test_finalizeWithdrawalTransaction_onReentrancy_reverts() (gas: 233924)
[31m[FAIL. Reason: log != expected log][0m test_finalizeWithdrawalTransaction_onReplay_reverts() (gas: 232163)
[31m[FAIL. Reason: log != expected log][0m test_finalizeWithdrawalTransaction_provenWithdrawalHash_ether_succeeds() (gas: 234859)
[31m[FAIL. Reason: log != expected log][0m test_finalizeWithdrawalTransaction_targetFails_fails() (gas: 235252)

Encountered 4 failing tests in test/L1/OptimismPortal.t.sol:OptimismPortal_Test
[31m[FAIL. Reason: log != expected log; counterexample: calldata=0xc18644fd00000000000000000000000000000000000000000000000000000000000000000000000000000000000000000000000000000000000000000000000000000000000000000000000000000000000000000000000000000000000000000000000000000000000000000000000000000000000000000000000000000000000019d0000000000000000000000000000000000000000000000000000000000000000100000000000000000000000000000000000000000000000000000000000000c00000000000000000000000000000000000000000000000000000000000000041c76a3e1c91691b8160cbdbe811dcc02205f77a2b3286342b7e6ebea61480d9d7d68ad1a9a9853985e292c0d9e15b214141861809b48e698b5ca7cf447ef79c75a800000000000000000000000000000000000000000000000000000000000000 args=[0x0000000000000000000000000000000000000000, 0, 0, 6608, true, 0xc76a3e1c91691b8160cbdbe811dcc02205f77a2b3286342b7e6ebea61480d9d7d68ad1a9a9853985e292c0d9e15b214141861809b48e698b5ca7cf447ef79c75a8]][0m testFuzz_depositTransaction_contract_succeeds(address,uint64,uint256,uint256,bool,bytes) (runs: 0, Î¼: 0, ~: 0)
[31m[FAIL. Reason: log != expected log; counterexample: calldata=0xb8e2586900000000000000000000000000000000000000000000000000000000000000000000000000000000000000000000000000000000000000000000000000000000000000000000000000000000000000000000000000000000000000000000000000000000000000000000000000000000000000000000000000000000000019d0000000000000000000000000000000000000000000000000000000000000000100000000000000000000000000000000000000000000000000000000000000c00000000000000000000000000000000000000000000000000000000000000041c76a3e1c91691b8160cbdbe811dcc02205f77a2b3286342b7e6ebea61480d9d7d68ad1a9a9853985e292c0d9e15b214141861809b48e698b5ca7cf447ef79c75a800000000000000000000000000000000000000000000000000000000000000 args=[0x0000000000000000000000000000000000000000, 0, 0, 6608, true, 0xc76a3e1c91691b8160cbdbe811dcc02205f77a2b3286342b7e6ebea61480d9d7d68ad1a9a9853985e292c0d9e15b214141861809b48e698b5ca7cf447ef79c75a8]][0m testFuzz_depositTransaction_eoa_succeeds(address,uint64,uint256,uint256,bool,bytes) (runs: 0, Î¼: 0, ~: 0)
[31m[FAIL. Reason: log != expected log; counterexample: calldata=0x74b8bcb60000000000000000000000000000000000000000000000000000000000000000000000000000000000000000000000000000000000000000000000000000000100000000000000000000000000000000000000000000000000000000000000000000000000000000000000000000000000000000000000000000000000000000000000000000000000000000000000000000000000000000000000000000000000000000000000000000000000000000000000000000000000000000000000c0000000000000000000000000000000000000000000000000000000000000000b698b5ca7cf447ef79c75a8000000000000000000000000000000000000000000 args=[0x0000000000000000000000000000000000000000, 1, 0, 0, false, 0x698b5ca7cf447ef79c75a8]][0m testFuzz_depositTransaction_senderIsOrigin_succeeds(address,uint256,uint256,uint64,bool,bytes) (runs: 1, Î¼: 14532438, ~: 14532438)
[31m[FAIL. Reason: log != expected log; counterexample: calldata=0xe951f77c0000000000000000000000000000000000000000000000000000000000000000000000000000000000000000000000000000000000000000000000000000000100000000000000000000000000000000000000000000000000000000000000000000000000000000000000000000000000000000000000000000000000000000000000000000000000000000000000000000000000000000000000000000000000000000000000000000000000000000000000000000000000000000000000c0000000000000000000000000000000000000000000000000000000000000000b698b5ca7cf447ef79c75a8000000000000000000000000000000000000000000 args=[0x0000000000000000000000000000000000000000, 1, 0, 0, false, 0x698b5ca7cf447ef79c75a8]][0m testFuzz_depositTransaction_senderNotOrigin_succeeds(address,uint256,uint256,uint64,bool,bytes) (runs: 1, Î¼: 14532481, ~: 14532481)

Encountered 10 failing tests in test/L1/OptimismPortal2.t.sol:OptimismPortal2_FinalizeWithdrawal_Test
[31m[FAIL. Reason: EvmError: Revert; counterexample: calldata=0x289c769e0000000000000000000000000000000000000000000000000000000000000000000000000000000000000000000000000000000000000000000000003668fd05ffffffffffffffffffffffffffffffffffffffffffffffffffffffffffffffff000000000000000000000000000000000000000000000000000000000000000200000000000000000000000000000000000000000000000000000000000000a00000000000000000000000000000000000000000000000000000000000000026c727158aaac76a3e1c91691b8160cbdbe811dcc02205f77a2b3286342b7e6ebea61480d9d7d60000000000000000000000000000000000000000000000000000 args=[0x0000000000000000000000000000000000000000, 0x000000000000000000000000000000003668fD05, 115792089237316195423570985008687907853269984665640564039457584007913129639935 [2;49;39m[1.157e77][0m, 2, 0xc727158aaac76a3e1c91691b8160cbdbe811dcc02205f77a2b3286342b7e6ebea61480d9d7d6]][0m testDiff_finalizeWithdrawalTransaction_succeeds(address,address,uint256,uint256,bytes) (runs: 0, Î¼: 0, ~: 0)
[31m[FAIL. Reason: revert: Address: call to non-contract][0m test_finalizeWithdrawalTransaction_delayEdges_succeeds() (gas: 459397)
[31m[FAIL. Reason: revert: Address: call to non-contract][0m test_finalizeWithdrawalTransaction_gameInAirGap_reverts() (gas: 430948)
[31m[FAIL. Reason: Error != expected error: Address: call to non-contract != SafeCall: Not enough gas][0m test_finalizeWithdrawalTransaction_onInsufficientGas_reverts() (gas: 396099)
[31m[FAIL. Reason: log != expected log][0m test_finalizeWithdrawalTransaction_onReentrancy_reverts() (gas: 418142)
[31m[FAIL. Reason: log != expected log][0m test_finalizeWithdrawalTransaction_onReplay_reverts() (gas: 414390)
[31m[FAIL. Reason: log != expected log][0m test_finalizeWithdrawalTransaction_provenWithdrawalHash_succeeds() (gas: 417171)
[31m[FAIL. Reason: log != expected log][0m test_finalizeWithdrawalTransaction_secondProofReplay_reverts() (gas: 514603)
[31m[FAIL. Reason: log != expected log][0m test_finalizeWithdrawalTransaction_secondaryProof_succeeds() (gas: 840759)
[31m[FAIL. Reason: log != expected log][0m test_finalizeWithdrawalTransaction_targetFails_fails() (gas: 417500)

Encountered 7 failing tests in test/L1/OptimismPortal2.t.sol:OptimismPortal2_Test
[31m[FAIL. Reason: log != expected log; counterexample: calldata=0xc18644fd00000000000000000000000000000000000000000000000000000000000000000000000000000000000000000000000000000000000000000000000000000000000000000000000000000000000000000000000000000000000000000000000000000000000000000000000000000000000000000000000000000000000019d0000000000000000000000000000000000000000000000000000000000000000100000000000000000000000000000000000000000000000000000000000000c00000000000000000000000000000000000000000000000000000000000000041c76a3e1c91691b8160cbdbe811dcc02205f77a2b3286342b7e6ebea61480d9d7d68ad1a9a9853985e292c0d9e15b214141861809b48e698b5ca7cf447ef79c75a800000000000000000000000000000000000000000000000000000000000000 args=[0x0000000000000000000000000000000000000000, 0, 0, 6608, true, 0xc76a3e1c91691b8160cbdbe811dcc02205f77a2b3286342b7e6ebea61480d9d7d68ad1a9a9853985e292c0d9e15b214141861809b48e698b5ca7cf447ef79c75a8]][0m testFuzz_depositTransaction_contract_succeeds(address,uint64,uint256,uint256,bool,bytes) (runs: 0, Î¼: 0, ~: 0)
[31m[FAIL. Reason: log != expected log; counterexample: calldata=0xb8e2586900000000000000000000000000000000000000000000000000000000000000000000000000000000000000000000000000000000000000000000000000000000000000000000000000000000000000000000000000000000000000000000000000000000000000000000000000000000000000000000000000000000000019d0000000000000000000000000000000000000000000000000000000000000000100000000000000000000000000000000000000000000000000000000000000c00000000000000000000000000000000000000000000000000000000000000041c76a3e1c91691b8160cbdbe811dcc02205f77a2b3286342b7e6ebea61480d9d7d68ad1a9a9853985e292c0d9e15b214141861809b48e698b5ca7cf447ef79c75a800000000000000000000000000000000000000000000000000000000000000 args=[0x0000000000000000000000000000000000000000, 0, 0, 6608, true, 0xc76a3e1c91691b8160cbdbe811dcc02205f77a2b3286342b7e6ebea61480d9d7d68ad1a9a9853985e292c0d9e15b214141861809b48e698b5ca7cf447ef79c75a8]][0m testFuzz_depositTransaction_eoa_succeeds(address,uint64,uint256,uint256,bool,bytes) (runs: 0, Î¼: 0, ~: 0)
[31m[FAIL. Reason: Error != expected error: OptimismPortal: gas limit too small != 0x4929b808; counterexample: calldata=0xfb534d40000000000000000000000000000000000000000000000000000000000000004000000000000000000000000000000000000000000000000000000000000000010000000000000000000000000000000000000000000000000000000000000000 args=[0x, true]][0m testFuzz_depositTransaction_smallGasLimit_succeeds(bytes,bool) (runs: 1, Î¼: 41769, ~: 41769)
[31m[FAIL. Reason: assertion failed; counterexample: calldata=0x4140c6f70000000000000000000000000000000000000000000000000000000000000000 args=[0]][0m testFuzz_receive_succeeds(uint256) (runs: 0, Î¼: 0, ~: 0)
[31m[FAIL. Reason: Error != expected error: Address: call to non-contract != 0x13496fda][0m test_depositTransaction_contractCreation_reverts() (gas: 29706)
[31m[FAIL. Reason: Error != expected error: OptimismPortal: data too large != s+][0m test_depositTransaction_largeData_reverts() (gas: 474607)
[31m[FAIL. Reason: Error != expected error: OptimismPortal: gas limit too small != 0x4929b808][0m test_depositTransaction_smallGasLimit_reverts() (gas: 27050)

Encountered 1 failing test in test/L1/SystemConfigInterop.t.sol:SystemConfigInterop_Test
[31m[FAIL. Reason: expected call to 0x3D7Ebc40AF7092E3F1C81F2e996cbA5Cae2090d7 with data 0xc00121630000000000000000000000000000000000000000000000000000000000000000000000000000000000000000000000000000000000000000000000000000004000000000000000000000000000000000000000000000000000000000000000800000000000000000000000000000000000000000000000000000000000000001000000000000000000000000000000000000000000000000000000000000001200000000000000000000000000000000000000000000000000000000000000000000000000000000000000000000000000000000000000000000000000000000 to be called 1 time, but was called 0 times; counterexample: calldata=0xc7793d0400000000000000000000000000000000000000000000000000000000000000010000000000000000000000000000000000000000000000000000000000000060000000000000000000000000000000000000000000000000000000000000008000000000000000000000000000000000000000000000000000000000000000000000000000000000000000000000000000000000000000000000000000000000 args=[0x0000000000000000000000000000000000000001, "", ""]][0m testFuzz_setGasPayingToken_succeeds(address,string,string) (runs: 0, Î¼: 0, ~: 0)

Encountered 1 failing test in test/L2/L2CrossDomainMessenger.t.sol:L2CrossDomainMessenger_Test
[31m[FAIL. Reason: call did not revert as expected][0m test_sendMessage_customGasToken_withValue_reverts() (gas: 125356)

Encountered 4 failing tests in test/L2/L2StandardBridge.t.sol:L2StandardBridge_Bridge_Test
[31m[FAIL. Reason: log != expected log; counterexample: calldata=0x53af6dec0000000000000000000000000000000000000000000000000000000000000000000000000000000000000000000000000000000000000000000000000000065900000000000000000000000000000000000000000000000000000000000000600000000000000000000000000000000000000000000000000000000000000019225d6998333d6c68fd056757ad5cd4b03a232e548763c7271500000000000000 args=[0, 1625, 0x225d6998333d6c68fd056757ad5cd4b03a232e548763c72715]][0m testFuzz_bridgeETHTo_succeeds(uint256,uint32,bytes) (runs: 0, Î¼: 0, ~: 0)
[31m[FAIL. Reason: log != expected log; counterexample: calldata=0x2a9057ea0000000000000000000000000000000000000000000000000000000000000000000000000000000000000000000000000000000000000000000000000000065900000000000000000000000000000000000000000000000000000000000000600000000000000000000000000000000000000000000000000000000000000019225d6998333d6c68fd056757ad5cd4b03a232e548763c7271500000000000000 args=[0, 1625, 0x225d6998333d6c68fd056757ad5cd4b03a232e548763c72715]][0m testFuzz_bridgeETH_succeeds(uint256,uint32,bytes) (runs: 0, Î¼: 0, ~: 0)
[31m[FAIL. Reason: Error != expected error: Proxy: implementation not initialized != StandardBridge: cannot send to messenger][0m test_finalizeBridgeETH_sendToMessenger_reverts() (gas: 32861)
[31m[FAIL. Reason: Error != expected error: Proxy: implementation not initialized != StandardBridge: cannot send to self][0m test_finalizeBridgeETH_sendToSelf_reverts() (gas: 32764)

Encountered 1 failing test in test/L2/L2StandardBridge.t.sol:L2StandardBridge_FinalizeBridgeETH_Test
[31m[FAIL. Reason: log != expected log][0m test_finalizeBridgeETH_succeeds() (gas: 36573)

Encountered 5 failing tests in test/L2/L2StandardBridge.t.sol:L2StandardBridge_Test
[31m[FAIL. Reason: assertion failed: false != true][0m test_receive_succeeds() (gas: 197690)
[31m[FAIL. Reason: Error != expected error: Not allow native token when withdraw ERC20 != StandardBridge: cannot send value][0m test_withdrawTo_erc20WithValue_reverts() (gas: 26150)
[31m[FAIL. Reason: Error != expected error: Not allow native token when withdraw ERC20 != StandardBridge: cannot send value][0m test_withdraw_erc20WithValue_reverts() (gas: 26109)
[31m[FAIL. Reason: log != expected log][0m test_withdraw_ether_succeeds() (gas: 163034)
[31m[FAIL. Reason: Error != expected error: StandardBridge: Incorrect Native token value != StandardBridge: bridging ETH must include sufficient ETH value][0m test_withdraw_insufficientValue_reverts() (gas: 28639)

Encountered 1 failing test in test/L2/SequencerFeeVault.t.sol:SequencerFeeVault_Test
[31m[FAIL. Reason: revert: Proxy: implementation not initialized][0m test_withdraw_toL1_succeeds() (gas: 72840)

Encountered 1 failing test in test/Specs.t.sol:Specification_Test
[31m[FAIL. Reason: Specification_Test: invalid number of ABI entries for OptimismPortalInterop: 25 != 21][0m testContractAuth() (gas: 2390298)

Encountered 1 failing test in test/invariants/CrossDomainMessenger.t.sol:XDM_MinGasLimits_Reverts
[31m[FAIL. Reason: assertion failed]
	[Sequence]
		sender=0xC8E9175fD474102288fA2A9C94c217237d43aba8 addr=[test/invariants/CrossDomainMessenger.t.sol:RelayActor]0xF6A82e0FdF308C12E0750319034b916B29581651 calldata=relay(uint8,uint8,bytes) args=[58, 130, 0x00000000000000000000000000000000000000000000000000000000000054ef]
[0m invariant_minGasLimits() (runs: 64, calls: 946, reverts: 0)

Encountered 1 failing test in test/invariants/CrossDomainMessenger.t.sol:XDM_MinGasLimits_Succeeds
[31m[FAIL. Reason: assertion failed]
	[Sequence]
		sender=0x0000000000000000000000000000000000068adC addr=[test/invariants/CrossDomainMessenger.t.sol:RelayActor]0xF6A82e0FdF308C12E0750319034b916B29581651 calldata=relay(uint8,uint8,bytes) args=[40, 1, 0x000000000000000000000000000000000000000000000000000000004f6ccce6]
[0m invariant_minGasLimits() (runs: 64, calls: 947, reverts: 471)

Encountered 1 failing test in test/invariants/OptimismPortal.t.sol:OptimismPortal_CanAlwaysFinalizeAfterWindow
[31m[FAIL. Reason: revert: Address: call to non-contract][0m invariant_canAlwaysFinalize() (runs: 65, calls: 960, reverts: 960)

Encountered 1 failing test in test/invariants/OptimismPortal.t.sol:OptimismPortal_CannotFinalizeTwice
[31m[FAIL. Reason: setup failed: revert: Address: call to non-contract][0m setUp() (gas: 0)

Encountered 1 failing test in test/invariants/OptimismPortal.t.sol:OptimismPortal_Deposit_Invariant
[31m[FAIL. Reason: assertion failed: true != false]
	[Sequence]
		sender=0xBa6c913E47CbDfEBE194508881aa6E304Cc220dc addr=[test/invariants/OptimismPortal.t.sol:OptimismPortal_Depositor]0xe52f409677478A32DD749f3d264E3f1376E23e46 calldata=depositTransactionCompletes(address,uint256,uint64,bool,bytes) args=[0x16c6B1a8831EEC3Ae7c00b16cfdD33a75f2cbF66, 115792089237316195423570985008687907853269984665640564039457584007913129639933 [2;49;39m[1.157e77][0m, 18446744073709551614 [2;49;39m[1.844e19][0m, false, 0x126e432cf8a1b8c5af639612bda1727f024724d6f4fe23662498cbef09deb21bf58c5c4b8fc21b652b768b3bfae848e68941910dd01e7effdea8535b164b5377b8a4afeccffdbc348bceca7756c7072ae7c0e86062e335]
[0m invariant_deposit_completes() (runs: 64, calls: 946, reverts: 29)

Encountered 1 failing test in test/invariants/OptimismPortal2.t.sol:OptimismPortal2_CannotFinalizeTwice
[31m[FAIL. Reason: setup failed: revert: Address: call to non-contract][0m setUp() (gas: 0)

Encountered 1 failing test in test/invariants/OptimismPortal2.t.sol:OptimismPortal2_Deposit_Invariant
[31m[FAIL. Reason: assertion failed: true != false]
	[Sequence]
		sender=0xFC73DCe904073bC26EaF0D5A37f25a07D664D6fa addr=[test/invariants/OptimismPortal.t.sol:OptimismPortal_Depositor]0xe52f409677478A32DD749f3d264E3f1376E23e46 calldata=depositTransactionCompletes(address,uint256,uint64,bool,bytes) args=[0x92025B2b41d9a3873E17561739f82Abe1Cb2accA, 14, 65344751 [2;49;39m[6.534e7][0m, false, 0xa79ce7f10db26d676f540dd8543b023f08cb953234e97d7f546bf49a5e419b3ab6fb3511b40661568a9c4920160f7fbe1de4593039e58347221d5d4fe1a9]
[0m invariant_deposit_completes() (runs: 64, calls: 948, reverts: 108)

Encountered 1 failing test in test/invariants/OptimismPortal2.t.sol:OptimismPortal_CanAlwaysFinalizeAfterWindow
[31m[FAIL. Reason: revert: Address: call to non-contract][0m invariant_canAlwaysFinalize() (runs: 65, calls: 960, reverts: 960)

Encountered 3 failing tests in test/kontrol/deployment/DeploymentSummary.t.sol:DeploymentSummary_TestL1CrossDomainMessenger
[31m[FAIL. Reason: Error != expected error: CrossDomainMessenger: paused != L1 CrossDomainMessenger: paused][0m test_relayMessage_paused_reverts() (gas: 64900)
[31m[FAIL. Reason: Error != expected error: CrossDomainMessenger: value must be zero unless message is from a system address != CrossDomainMessenger: value must be zero][0m test_replayMessage_withValue_reverts() (gas: 45513)
[31m[FAIL. Reason: expected call to 0x978e3286EB805934215a88694d80b09aDed68D90 with data 0xb9e5595800000000000000000000000042000000000000000000000000000000000000070000000000000000000000000000000000000000000000000000000000000000000000000000000000000000000000000000000000000000000000000000000000000000000000000000000000000000000000000000000000000000000459bd000000000000000000000000000000000000000000000000000000000000000000000000000000000000000000000000000000000000000000000000000000c00000000000000000000000000000000000000000000000000000000000000104d764ad0b0001000000000000000000000000000000000000000000000000000000000000000000000000000000000000328809bc894f92807417d2dad6b7c998c1afdac600000000000000000000000000000000000000000000000000000000abbaacdc0000000000000000000000000000000000000000000000000000000000000000000000000000000000000000000000000000000000000000000000000000006400000000000000000000000000000000000000000000000000000000000000c00000000000000000000000000000000000000000000000000000000000000001ff0000000000000000000000000000000000000000000000000000000000000000000000000000000000000000000000000000000000000000000000 to be called 1 time, but was called 0 times][0m test_sendMessage_succeeds() (gas: 408137)

Encountered 8 failing tests in test/kontrol/deployment/DeploymentSummary.t.sol:DeploymentSummary_TestOptimismPortal
[31m[FAIL. Reason: log != expected log; counterexample: calldata=0xc18644fd00000000000000000000000000000000000000000000000000000000000000000000000000000000000000000000000000000000000000000000000000000000000000000000000000000000000000000000000000000000000000000000000000000000000000000000000000000000000000000000000000000000000019d0000000000000000000000000000000000000000000000000000000000000000100000000000000000000000000000000000000000000000000000000000000c00000000000000000000000000000000000000000000000000000000000000041c76a3e1c91691b8160cbdbe811dcc02205f77a2b3286342b7e6ebea61480d9d7d68ad1a9a9853985e292c0d9e15b214141861809b48e698b5ca7cf447ef79c75a800000000000000000000000000000000000000000000000000000000000000 args=[0x0000000000000000000000000000000000000000, 0, 0, 6608, true, 0xc76a3e1c91691b8160cbdbe811dcc02205f77a2b3286342b7e6ebea61480d9d7d68ad1a9a9853985e292c0d9e15b214141861809b48e698b5ca7cf447ef79c75a8]][0m testFuzz_depositTransaction_contract_succeeds(address,uint64,uint256,uint256,bool,bytes) (runs: 0, Î¼: 0, ~: 0)
[31m[FAIL. Reason: log != expected log; counterexample: calldata=0xb8e2586900000000000000000000000000000000000000000000000000000000000000000000000000000000000000000000000000000000000000000000000000000000000000000000000000000000000000000000000000000000000000000000000000000000000000000000000000000000000000000000000000000000000019d0000000000000000000000000000000000000000000000000000000000000000100000000000000000000000000000000000000000000000000000000000000c00000000000000000000000000000000000000000000000000000000000000041c76a3e1c91691b8160cbdbe811dcc02205f77a2b3286342b7e6ebea61480d9d7d68ad1a9a9853985e292c0d9e15b214141861809b48e698b5ca7cf447ef79c75a800000000000000000000000000000000000000000000000000000000000000 args=[0x0000000000000000000000000000000000000000, 0, 0, 6608, true, 0xc76a3e1c91691b8160cbdbe811dcc02205f77a2b3286342b7e6ebea61480d9d7d68ad1a9a9853985e292c0d9e15b214141861809b48e698b5ca7cf447ef79c75a8]][0m testFuzz_depositTransaction_eoa_succeeds(address,uint64,uint256,uint256,bool,bytes) (runs: 0, Î¼: 0, ~: 0)
[31m[FAIL. Reason: log != expected log; counterexample: calldata=0x74b8bcb60000000000000000000000000000000000000000000000000000000000000000000000000000000000000000000000000000000000000000000000000000000000000000000000000000000000000000000000000000000000000000000000000000000000000000000000000000000000000000000000000000000000000000000000000000000000000000000000000000000000000000000000000000000000000000000000000000000000000000000000000000000000000000000000c0000000000000000000000000000000000000000000000000000000000000000a8b5ca7cf447ef79c75a800000000000000000000000000000000000000000000 args=[0x0000000000000000000000000000000000000000, 0, 0, 0, false, 0x8b5ca7cf447ef79c75a8]][0m testFuzz_depositTransaction_senderIsOrigin_succeeds(address,uint256,uint256,uint64,bool,bytes) (runs: 0, Î¼: 0, ~: 0)
[31m[FAIL. Reason: log != expected log; counterexample: calldata=0xe951f77c0000000000000000000000000000000000000000000000000000000000000000000000000000000000000000000000000000000000000000000000000000000000000000000000000000000000000000000000000000000000000000000000000000000000000000000000000000000000000000000000000000000000000000000000000000000000000000000000000000000000000000000000000000000000000000000000000000000000000000000000000000000000000000000000c0000000000000000000000000000000000000000000000000000000000000000a8b5ca7cf447ef79c75a800000000000000000000000000000000000000000000 args=[0x0000000000000000000000000000000000000000, 0, 0, 0, false, 0x8b5ca7cf447ef79c75a8]][0m testFuzz_depositTransaction_senderNotOrigin_succeeds(address,uint256,uint256,uint64,bool,bytes) (runs: 0, Î¼: 0, ~: 0)
[31m[FAIL. Reason: EvmError: Revert; counterexample: calldata=0xfb534d40000000000000000000000000000000000000000000000000000000000000004000000000000000000000000000000000000000000000000000000000000000000000000000000000000000000000000000000000000000000000000000000000 args=[0x, false]][0m testFuzz_depositTransaction_smallGasLimit_succeeds(bytes,bool) (runs: 0, Î¼: 0, ~: 0)
[31m[FAIL. Reason: call reverted as expected, but without data][0m test_depositTransaction_contractCreation_reverts() (gas: 13410)
[31m[FAIL. Reason: call reverted as expected, but without data][0m test_depositTransaction_largeData_reverts() (gas: 461049)
[31m[FAIL. Reason: call reverted as expected, but without data][0m test_depositTransaction_smallGasLimit_reverts() (gas: 13404)

Encountered a total of [31m62[0m failing tests, [32m1206[0m tests succeeded
